#
# There is insufficient memory for the Java Runtime Environment to continue.
# Native memory allocation (malloc) failed to allocate 830736 bytes for Chunk::new
# Possible reasons:
#   The system is out of physical RAM or swap space
#   The process is running with CompressedOops enabled, and the Java Heap may be blocking the growth of the native heap
# Possible solutions:
#   Reduce memory load on the system
#   Increase physical memory or swap space
#   Check if swap backing store is full
#   Decrease Java heap size (-Xmx/-Xms)
#   Decrease number of Java threads
#   Decrease Java thread stack sizes (-Xss)
#   Set larger code cache with -XX:ReservedCodeCacheSize=
#   JVM is running with Unscaled Compressed Oops mode in which the Java heap is
#     placed in the first 4GB address space. The Java Heap base address is the
#     maximum limit for the native heap growth. Please use -XX:HeapBaseMinAddress
#     to set the Java Heap base and to place the Java Heap above 4GB virtual address.
# This output file may be truncated or incomplete.
#
#  Out of Memory Error (allocation.cpp:389), pid=12940, tid=0x00000000000057ac
#
# JRE version: OpenJDK Runtime Environment (8.0_212-b04) (build 1.8.0_212-release-1586-b04)
# Java VM: OpenJDK 64-Bit Server VM (25.212-b04 mixed mode windows-amd64 compressed oops)
# Failed to write core dump. Minidumps are not enabled by default on client versions of Windows
#

---------------  T H R E A D  ---------------

Current thread (0x000000001804f000):  JavaThread "C2 CompilerThread0" daemon [_thread_in_native, id=22444, stack(0x0000000018920000,0x0000000018a20000)]

Stack: [0x0000000018920000,0x0000000018a20000]
[error occurred during error reporting (printing stack bounds), id 0xc0000005]

Native frames: (J=compiled Java code, j=interpreted, Vv=VM code, C=native code)


Current CompileTask:
C2:2272227 19390   !   4       com.sun.tools.javac.parser.JavaTokenizer::readToken (2243 bytes)


---------------  P R O C E S S  ---------------

Java Threads: ( => current thread )
  0x000000001b5c7000 JavaThread "Cache worker for Java compile cache (E:\Diep\ky2_nam3\android\CurrencyConverter\.gradle\5.6.4\javaCompile)" [_thread_blocked, id=8476, stack(0x0000000026990000,0x0000000026a90000)]
  0x000000001b5c5800 JavaThread "Cache worker for execution history cache (E:\Diep\ky2_nam3\android\CurrencyConverter\.gradle\5.6.4\executionHistory)" [_thread_blocked, id=4684, stack(0x0000000026690000,0x0000000026790000)]
  0x000000001b5c3000 JavaThread "Cache worker for Build Output Cleanup Cache (E:\Diep\ky2_nam3\android\CurrencyConverter\.gradle\buildOutputCleanup)" [_thread_in_native, id=18672, stack(0x0000000024e50000,0x0000000024f50000)]
  0x000000001b5bb800 JavaThread "pool-15-thread-1" [_thread_blocked, id=20752, stack(0x0000000024390000,0x0000000024490000)]
  0x000000001b5c2800 JavaThread "Build operations Thread 8" [_thread_blocked, id=21808, stack(0x0000000024090000,0x0000000024190000)]
  0x000000001d453000 JavaThread "Build operations Thread 7" [_thread_blocked, id=19824, stack(0x0000000022bc0000,0x0000000022cc0000)]
  0x000000001d452800 JavaThread "Build operations Thread 6" [_thread_blocked, id=13284, stack(0x0000000022ac0000,0x0000000022bc0000)]
  0x000000001d451800 JavaThread "Build operations Thread 5" [_thread_blocked, id=21316, stack(0x00000000229c0000,0x0000000022ac0000)]
  0x000000001d44a000 JavaThread "Build operations Thread 4" [_thread_blocked, id=21796, stack(0x00000000228c0000,0x00000000229c0000)]
  0x000000001d450000 JavaThread "Build operations Thread 3" [_thread_blocked, id=1960, stack(0x00000000224c0000,0x00000000225c0000)]
  0x000000001d44f800 JavaThread "Build operations Thread 2" [_thread_blocked, id=15216, stack(0x0000000022130000,0x0000000022230000)]
  0x000000001d451000 JavaThread "Build operations" [_thread_blocked, id=12936, stack(0x0000000021d50000,0x0000000021e50000)]
  0x000000001d44e000 JavaThread "Cache worker for cache directory md-rule (C:\Users\1920\.gradle\caches\5.6.4\md-rule)" [_thread_blocked, id=3172, stack(0x0000000020a20000,0x0000000020b20000)]
  0x000000001d44b000 JavaThread "Cache worker for cache directory md-supplier (C:\Users\1920\.gradle\caches\5.6.4\md-supplier)" [_thread_blocked, id=17420, stack(0x000000001f0e0000,0x000000001f1e0000)]
  0x000000001d446800 JavaThread "Cache worker for file hash cache (E:\Diep\ky2_nam3\android\CurrencyConverter\.gradle\5.6.4\fileHashes)" [_thread_blocked, id=17200, stack(0x000000001c640000,0x000000001c740000)]
  0x000000001d449800 JavaThread "Thread-236" [_thread_blocked, id=20912, stack(0x000000001c540000,0x000000001c640000)]
  0x000000001d44d000 JavaThread "Stdin handler" [_thread_blocked, id=8448, stack(0x000000001c440000,0x000000001c540000)]
  0x000000001d448800 JavaThread "Asynchronous log dispatcher for DefaultDaemonConnection: socket connection from /127.0.0.1:52403 to /127.0.0.1:52755" [_thread_blocked, id=19060, stack(0x000000001c140000,0x000000001c240000)]
  0x000000001d445800 JavaThread "Daemon worker Thread 5" [_thread_blocked, id=10776, stack(0x000000001c040000,0x000000001c140000)]
  0x000000001d448000 JavaThread "Cancel handler" [_thread_blocked, id=3372, stack(0x0000000000810000,0x0000000000910000)]
  0x000000001d447000 JavaThread "Handler for socket connection from /127.0.0.1:52403 to /127.0.0.1:52755" [_thread_in_native, id=12720, stack(0x0000000000710000,0x0000000000810000)]
  0x000000001d44c800 JavaThread "Daemon Thread 5" [_thread_blocked, id=21716, stack(0x0000000000610000,0x0000000000710000)]
  0x0000000020127000 JavaThread "MarlinRenderer Disposer" daemon [_thread_blocked, id=6608, stack(0x0000000027e40000,0x0000000027f40000)]
  0x0000000020127800 JavaThread "Java2D Disposer" daemon [_thread_blocked, id=11760, stack(0x0000000027a90000,0x0000000027b90000)]
  0x0000000021727000 JavaThread "Cache worker for Java compile cache (C:\Users\1920\.gradle\caches\5.6.4\javaCompile)" [_thread_blocked, id=18860, stack(0x0000000026e90000,0x0000000026f90000)]
  0x000000002012d000 JavaThread "Cache worker for file content cache (C:\Users\1920\.gradle\caches\5.6.4\fileContent)" [_thread_blocked, id=17048, stack(0x0000000024690000,0x0000000024790000)]
  0x000000002012c000 JavaThread "Memory manager" [_thread_blocked, id=17152, stack(0x0000000025080000,0x0000000025180000)]
  0x0000000020122800 JavaThread "Cache worker for execution history cache (C:\Users\1920\.gradle\caches\5.6.4\executionHistory)" [_thread_blocked, id=18760, stack(0x00000000225c0000,0x00000000226c0000)]
  0x0000000019181000 JavaThread "Cache worker for journal cache (C:\Users\1920\.gradle\caches\journal-1)" [_thread_blocked, id=18148, stack(0x000000001ce40000,0x000000001cf40000)]
  0x000000001917c800 JavaThread "File lock request listener" [_thread_in_native, id=2496, stack(0x000000001cd40000,0x000000001ce40000)]
  0x000000001a2cc800 JavaThread "Cache worker for file hash cache (C:\Users\1920\.gradle\caches\5.6.4\fileHashes)" [_thread_blocked, id=6848, stack(0x000000001cc40000,0x000000001cd40000)]
  0x000000001aaca800 JavaThread "Daemon periodic checks" [_thread_blocked, id=7796, stack(0x000000001bf40000,0x000000001c040000)]
  0x000000001aa16000 JavaThread "Incoming local TCP Connector on port 52403" [_thread_in_native, id=22380, stack(0x000000001bd00000,0x000000001be00000)]
  0x0000000018f8c000 JavaThread "Daemon health stats" [_thread_blocked, id=2624, stack(0x000000001b6c0000,0x000000001b7c0000)]
  0x00000000180ef800 JavaThread "Service Thread" daemon [_thread_blocked, id=6724, stack(0x0000000018d20000,0x0000000018e20000)]
  0x000000001624e800 JavaThread "C1 CompilerThread3" daemon [_thread_blocked, id=6348, stack(0x0000000018c20000,0x0000000018d20000)]
  0x000000001624d800 JavaThread "C2 CompilerThread2" daemon [_thread_blocked, id=12488, stack(0x0000000018b20000,0x0000000018c20000)]
  0x000000001805c000 JavaThread "C2 CompilerThread1" daemon [_thread_in_native, id=19688, stack(0x0000000018a20000,0x0000000018b20000)]
=>0x000000001804f000 JavaThread "C2 CompilerThread0" daemon [_thread_in_native, id=22444, stack(0x0000000018920000,0x0000000018a20000)]
  0x000000001804e000 JavaThread "Attach Listener" daemon [_thread_blocked, id=20216, stack(0x0000000018820000,0x0000000018920000)]
  0x000000001804d000 JavaThread "Signal Dispatcher" daemon [_thread_blocked, id=16872, stack(0x0000000018720000,0x0000000018820000)]
  0x000000000247e000 JavaThread "Finalizer" daemon [_thread_blocked, id=16744, stack(0x0000000018520000,0x0000000018620000)]
  0x000000001623c800 JavaThread "Reference Handler" daemon [_thread_blocked, id=17980, stack(0x0000000018420000,0x0000000018520000)]
  0x0000000002382800 JavaThread "main" [_thread_blocked, id=1104, stack(0x0000000002280000,0x0000000002380000)]

Other Threads:
  0x0000000016235800 VMThread [stack: 0x0000000017f20000,0x0000000018020000] [id=11076]
  0x00000000180f0800 WatcherThread [stack: 0x0000000018e20000,0x0000000018f20000] [id=19020]

VM state:not at safepoint (normal execution)

VM Mutex/Monitor currently owned by a thread: None

heap address: 0x00000000a0000000, size: 1536 MB, Compressed Oops mode: 32-bit
Narrow klass base: 0x0000000000000000, Narrow klass shift: 3
Compressed class space size: 1073741824 Address: 0x0000000100000000

Heap:
 PSYoungGen      total 231936K, used 91260K [0x00000000e0000000, 0x00000000f0400000, 0x0000000100000000)
  eden space 215040K, 42% used [0x00000000e0000000,0x00000000e591f110,0x00000000ed200000)
  from space 16896K, 0% used [0x00000000ef380000,0x00000000ef380000,0x00000000f0400000)
  to   space 25600K, 0% used [0x00000000ed200000,0x00000000ed200000,0x00000000eeb00000)
 ParOldGen       total 212480K, used 49463K [0x00000000a0000000, 0x00000000acf80000, 0x00000000e0000000)
  object space 212480K, 23% used [0x00000000a0000000,0x00000000a304dc80,0x00000000acf80000)
 Metaspace       used 93089K, capacity 97748K, committed 98752K, reserved 1134592K
  class space    used 12103K, capacity 13017K, committed 13272K, reserved 1048576K

Card table byte_map: [0x0000000011840000,0x0000000011b50000] byte_map_base: 0x0000000011340000

Marking Bits: (ParMarkBitMap*) 0x0000000061349f30
 Begin Bits: [0x0000000012550000, 0x0000000013d50000)
 End Bits:   [0x0000000013d50000, 0x0000000015550000)

Polling page: 0x00000000009a0000

CodeCache: size=245760Kb used=51196Kb max_used=51208Kb free=194563Kb
 bounds [0x0000000002480000, 0x00000000056d0000, 0x0000000011480000]
 total_blobs=16689 nmethods=15698 adapters=901
 compilation: enabled

Compilation events (10 events):
Event: 2272.206 Thread 0x000000001624e800 19414       1       org.gradle.internal.logging.events.StyledTextOutputEvent$Span::getStyle (5 bytes)
Event: 2272.207 Thread 0x000000001624e800 nmethod 19414 0x00000000056bd190 code [0x00000000056bd2e0, 0x00000000056bd3f0]
Event: 2272.207 Thread 0x000000001624e800 19415       1       org.gradle.internal.logging.events.StyledTextOutputEvent$Span::getText (5 bytes)
Event: 2272.207 Thread 0x000000001624e800 nmethod 19415 0x00000000056bced0 code [0x00000000056bd020, 0x00000000056bd130]
Event: 2272.208 Thread 0x000000001805c000 nmethod 19388 0x00000000056bfa50 code [0x00000000056bfc20, 0x00000000056c0720]
Event: 2272.211 Thread 0x000000001624d800 19417       4       java.util.AbstractQueue::clear (11 bytes)
Event: 2272.211 Thread 0x000000001624e800 19418       3       java.util.concurrent.SynchronousQueue$TransferStack::awaitFulfill (166 bytes)
Event: 2272.213 Thread 0x000000001624e800 nmethod 19418 0x00000000056bdc10 code [0x00000000056bde80, 0x00000000056bf348]
Event: 2272.213 Thread 0x000000001805c000 19419  s!   4       org.gradle.internal.service.DefaultServiceRegistry$ManagedObjectServiceProvider::stop (59 bytes)
Event: 2272.218 Thread 0x000000001624d800 nmethod 19417 0x00000000056bb1d0 code [0x00000000056bb340, 0x00000000056bb698]

GC Heap History (10 events):
Event: 218.093 GC heap before
{Heap before GC invocations=20 (full 3):
 PSYoungGen      total 238592K, used 238588K [0x00000000e0000000, 0x00000000f0780000, 0x0000000100000000)
  eden space 215552K, 100% used [0x00000000e0000000,0x00000000ed280000,0x00000000ed280000)
  from space 23040K, 99% used [0x00000000eee00000,0x00000000f047f058,0x00000000f0480000)
  to   space 27136K, 0% used [0x00000000ed280000,0x00000000ed280000,0x00000000eed00000)
 ParOldGen       total 141824K, used 51264K [0x00000000a0000000, 0x00000000a8a80000, 0x00000000e0000000)
  object space 141824K, 36% used [0x00000000a0000000,0x00000000a3210308,0x00000000a8a80000)
 Metaspace       used 89602K, capacity 94313K, committed 94552K, reserved 1130496K
  class space    used 11874K, capacity 12761K, committed 12888K, reserved 1048576K
Event: 218.124 GC heap after
Heap after GC invocations=20 (full 3):
 PSYoungGen      total 242688K, used 17968K [0x00000000e0000000, 0x00000000f1880000, 0x0000000100000000)
  eden space 215552K, 0% used [0x00000000e0000000,0x00000000e0000000,0x00000000ed280000)
  from space 27136K, 66% used [0x00000000ed280000,0x00000000ee40c168,0x00000000eed00000)
  to   space 27648K, 0% used [0x00000000efd80000,0x00000000efd80000,0x00000000f1880000)
 ParOldGen       total 141824K, used 59940K [0x00000000a0000000, 0x00000000a8a80000, 0x00000000e0000000)
  object space 141824K, 42% used [0x00000000a0000000,0x00000000a3a89158,0x00000000a8a80000)
 Metaspace       used 89602K, capacity 94313K, committed 94552K, reserved 1130496K
  class space    used 11874K, capacity 12761K, committed 12888K, reserved 1048576K
}
Event: 220.311 GC heap before
{Heap before GC invocations=21 (full 3):
 PSYoungGen      total 242688K, used 233520K [0x00000000e0000000, 0x00000000f1880000, 0x0000000100000000)
  eden space 215552K, 100% used [0x00000000e0000000,0x00000000ed280000,0x00000000ed280000)
  from space 27136K, 66% used [0x00000000ed280000,0x00000000ee40c168,0x00000000eed00000)
  to   space 27648K, 0% used [0x00000000efd80000,0x00000000efd80000,0x00000000f1880000)
 ParOldGen       total 141824K, used 59940K [0x00000000a0000000, 0x00000000a8a80000, 0x00000000e0000000)
  object space 141824K, 42% used [0x00000000a0000000,0x00000000a3a89158,0x00000000a8a80000)
 Metaspace       used 91646K, capacity 96629K, committed 96856K, reserved 1132544K
  class space    used 12127K, capacity 13093K, committed 13144K, reserved 1048576K
Event: 220.319 GC heap after
Heap after GC invocations=21 (full 3):
 PSYoungGen      total 254464K, used 7514K [0x00000000e0000000, 0x00000000f1580000, 0x0000000100000000)
  eden space 229888K, 0% used [0x00000000e0000000,0x00000000e0000000,0x00000000ee080000)
  from space 24576K, 30% used [0x00000000efd80000,0x00000000f04d6a70,0x00000000f1580000)
  to   space 27136K, 0% used [0x00000000ee080000,0x00000000ee080000,0x00000000efb00000)
 ParOldGen       total 141824K, used 59948K [0x00000000a0000000, 0x00000000a8a80000, 0x00000000e0000000)
  object space 141824K, 42% used [0x00000000a0000000,0x00000000a3a8b158,0x00000000a8a80000)
 Metaspace       used 91646K, capacity 96629K, committed 96856K, reserved 1132544K
  class space    used 12127K, capacity 13093K, committed 13144K, reserved 1048576K
}
Event: 646.565 GC heap before
{Heap before GC invocations=22 (full 3):
 PSYoungGen      total 254464K, used 237402K [0x00000000e0000000, 0x00000000f1580000, 0x0000000100000000)
  eden space 229888K, 100% used [0x00000000e0000000,0x00000000ee080000,0x00000000ee080000)
  from space 24576K, 30% used [0x00000000efd80000,0x00000000f04d6a70,0x00000000f1580000)
  to   space 27136K, 0% used [0x00000000ee080000,0x00000000ee080000,0x00000000efb00000)
 ParOldGen       total 141824K, used 59948K [0x00000000a0000000, 0x00000000a8a80000, 0x00000000e0000000)
  object space 141824K, 42% used [0x00000000a0000000,0x00000000a3a8b158,0x00000000a8a80000)
 Metaspace       used 92813K, capacity 98091K, committed 98264K, reserved 1134592K
  class space    used 12223K, capacity 13214K, committed 13272K, reserved 1048576K
Event: 646.586 GC heap after
Heap after GC invocations=22 (full 3):
 PSYoungGen      total 238080K, used 15816K [0x00000000e0000000, 0x00000000f0e00000, 0x0000000100000000)
  eden space 222208K, 0% used [0x00000000e0000000,0x00000000e0000000,0x00000000ed900000)
  from space 15872K, 99% used [0x00000000ee080000,0x00000000eeff2240,0x00000000ef000000)
  to   space 27136K, 0% used [0x00000000ef380000,0x00000000ef380000,0x00000000f0e00000)
 ParOldGen       total 141824K, used 59956K [0x00000000a0000000, 0x00000000a8a80000, 0x00000000e0000000)
  object space 141824K, 42% used [0x00000000a0000000,0x00000000a3a8d158,0x00000000a8a80000)
 Metaspace       used 92813K, capacity 98091K, committed 98264K, reserved 1134592K
  class space    used 12223K, capacity 13214K, committed 13272K, reserved 1048576K
}
Event: 648.031 GC heap before
{Heap before GC invocations=23 (full 3):
 PSYoungGen      total 238080K, used 174576K [0x00000000e0000000, 0x00000000f0e00000, 0x0000000100000000)
  eden space 222208K, 71% used [0x00000000e0000000,0x00000000e9b0a158,0x00000000ed900000)
  from space 15872K, 99% used [0x00000000ee080000,0x00000000eeff2240,0x00000000ef000000)
  to   space 27136K, 0% used [0x00000000ef380000,0x00000000ef380000,0x00000000f0e00000)
 ParOldGen       total 141824K, used 59956K [0x00000000a0000000, 0x00000000a8a80000, 0x00000000e0000000)
  object space 141824K, 42% used [0x00000000a0000000,0x00000000a3a8d158,0x00000000a8a80000)
 Metaspace       used 93187K, capacity 98477K, committed 98496K, reserved 1134592K
  class space    used 12239K, capacity 13253K, committed 13272K, reserved 1048576K
Event: 648.051 GC heap after
Heap after GC invocations=23 (full 3):
 PSYoungGen      total 231936K, used 11438K [0x00000000e0000000, 0x00000000f0400000, 0x0000000100000000)
  eden space 215040K, 0% used [0x00000000e0000000,0x00000000e0000000,0x00000000ed200000)
  from space 16896K, 67% used [0x00000000ef380000,0x00000000efeab820,0x00000000f0400000)
  to   space 25600K, 0% used [0x00000000ed200000,0x00000000ed200000,0x00000000eeb00000)
 ParOldGen       total 141824K, used 59964K [0x00000000a0000000, 0x00000000a8a80000, 0x00000000e0000000)
  object space 141824K, 42% used [0x00000000a0000000,0x00000000a3a8f158,0x00000000a8a80000)
 Metaspace       used 93187K, capacity 98477K, committed 98496K, reserved 1134592K
  class space    used 12239K, capacity 13253K, committed 13272K, reserved 1048576K
}
Event: 648.051 GC heap before
{Heap before GC invocations=24 (full 4):
 PSYoungGen      total 231936K, used 11438K [0x00000000e0000000, 0x00000000f0400000, 0x0000000100000000)
  eden space 215040K, 0% used [0x00000000e0000000,0x00000000e0000000,0x00000000ed200000)
  from space 16896K, 67% used [0x00000000ef380000,0x00000000efeab820,0x00000000f0400000)
  to   space 25600K, 0% used [0x00000000ed200000,0x00000000ed200000,0x00000000eeb00000)
 ParOldGen       total 141824K, used 59964K [0x00000000a0000000, 0x00000000a8a80000, 0x00000000e0000000)
  object space 141824K, 42% used [0x00000000a0000000,0x00000000a3a8f158,0x00000000a8a80000)
 Metaspace       used 93187K, capacity 98477K, committed 98496K, reserved 1134592K
  class space    used 12239K, capacity 13253K, committed 13272K, reserved 1048576K
Event: 648.220 GC heap after
Heap after GC invocations=24 (full 4):
 PSYoungGen      total 231936K, used 0K [0x00000000e0000000, 0x00000000f0400000, 0x0000000100000000)
  eden space 215040K, 0% used [0x00000000e0000000,0x00000000e0000000,0x00000000ed200000)
  from space 16896K, 0% used [0x00000000ef380000,0x00000000ef380000,0x00000000f0400000)
  to   space 25600K, 0% used [0x00000000ed200000,0x00000000ed200000,0x00000000eeb00000)
 ParOldGen       total 212480K, used 49463K [0x00000000a0000000, 0x00000000acf80000, 0x00000000e0000000)
  object space 212480K, 23% used [0x00000000a0000000,0x00000000a304dc80,0x00000000acf80000)
 Metaspace       used 92558K, capacity 96764K, committed 98496K, reserved 1134592K
  class space    used 12024K, capacity 12875K, committed 13272K, reserved 1048576K
}

Deoptimization events (10 events):
Event: 647.247 Thread 0x000000002172b800 Uncommon trap: reason=bimorphic action=maybe_recompile pc=0x0000000004c300a8 method=com.android.tools.r8.u.c.q.<init>(Lcom/android/tools/r8/u/c/x;)V @ 5
Event: 647.259 Thread 0x000000002172b800 Uncommon trap: reason=bimorphic action=maybe_recompile pc=0x0000000004c1fb44 method=com.android.tools.r8.u.c.o.a(ILcom/android/tools/r8/u/c/M;)I @ 260
Event: 647.273 Thread 0x000000002172b800 Uncommon trap: reason=unstable_if action=reinterpret pc=0x00000000028159b4 method=java.util.IdentityHashMap.put(Ljava/lang/Object;Ljava/lang/Object;)Ljava/lang/Object; @ 38
Event: 647.281 Thread 0x000000002172b800 Uncommon trap: reason=unstable_if action=reinterpret pc=0x0000000003e20d54 method=java.util.HashMap.computeIfAbsent(Ljava/lang/Object;Ljava/util/function/Function;)Ljava/lang/Object; @ 145
Event: 647.321 Thread 0x0000000021724000 Uncommon trap: reason=bimorphic action=maybe_recompile pc=0x0000000004247b8c method=java.util.Collections.indexedBinarySearch(Ljava/util/List;Ljava/lang/Object;)I @ 39
Event: 647.321 Thread 0x0000000021724000 Uncommon trap: reason=bimorphic action=maybe_recompile pc=0x0000000004247b8c method=java.util.Collections.indexedBinarySearch(Ljava/util/List;Ljava/lang/Object;)I @ 39
Event: 647.478 Thread 0x000000002172e800 Uncommon trap: reason=null_check action=make_not_entrant pc=0x0000000004ff17e8 method=com.android.tools.r8.dex.j.e(I)Lcom/android/tools/r8/graph/J; @ 11
Event: 648.031 Thread 0x000000002172d000 Uncommon trap: reason=class_check action=maybe_recompile pc=0x000000000490da9c method=com.google.common.collect.ImmutableMap.copyOf(Ljava/lang/Iterable;)Lcom/google/common/collect/ImmutableMap; @ 53
Event: 648.222 Thread 0x000000002172d000 Uncommon trap: reason=unstable_if action=reinterpret pc=0x00000000048a5c44 method=com.google.common.base.Objects.equal(Ljava/lang/Object;Ljava/lang/Object;)Z @ 14
Event: 648.225 Thread 0x000000002172d000 Uncommon trap: reason=unstable_if action=reinterpret pc=0x000000000542a320 method=java.util.ComparableTimSort.mergeLo(IIII)V @ 471

Classes redefined (0 events):
No events

Internal exceptions (10 events):
Event: 647.312 Thread 0x000000002172b800 Exception <a 'sun/nio/fs/WindowsException'> (0x00000000e39029a8) thrown at [D:\src\AOSP-openjdk-cygwin\jdk8u\hotspot\src\share\vm\prims\jni.cpp, line 710]
Event: 647.313 Thread 0x000000002172b800 Exception <a 'sun/nio/fs/WindowsException'> (0x00000000e3908a78) thrown at [D:\src\AOSP-openjdk-cygwin\jdk8u\hotspot\src\share\vm\prims\jni.cpp, line 710]
Event: 647.315 Thread 0x000000002172b800 Exception <a 'sun/nio/fs/WindowsException'> (0x00000000e3a14d78) thrown at [D:\src\AOSP-openjdk-cygwin\jdk8u\hotspot\src\share\vm\prims\jni.cpp, line 710]
Event: 647.316 Thread 0x000000002172b800 Exception <a 'sun/nio/fs/WindowsException'> (0x00000000e3a1aa58) thrown at [D:\src\AOSP-openjdk-cygwin\jdk8u\hotspot\src\share\vm\prims\jni.cpp, line 710]
Event: 647.394 Thread 0x0000000021732800 Exception <a 'sun/nio/fs/WindowsException'> (0x00000000e4222198) thrown at [D:\src\AOSP-openjdk-cygwin\jdk8u\hotspot\src\share\vm\prims\jni.cpp, line 710]
Event: 648.001 Thread 0x000000002172e800 Exception <a 'sun/nio/fs/WindowsException'> (0x00000000e99c91c0) thrown at [D:\src\AOSP-openjdk-cygwin\jdk8u\hotspot\src\share\vm\prims\jni.cpp, line 710]
Event: 648.362 Thread 0x000000001d446800 Exception <a 'sun/nio/fs/WindowsException'> (0x00000000e094a3a0) thrown at [D:\src\AOSP-openjdk-cygwin\jdk8u\hotspot\src\share\vm\prims\jni.cpp, line 710]
Event: 2271.145 Thread 0x000000001d445800 Exception <a 'sun/nio/fs/WindowsException'> (0x00000000e29c9c30) thrown at [D:\src\AOSP-openjdk-cygwin\jdk8u\hotspot\src\share\vm\prims\jni.cpp, line 710]
Event: 2272.186 Thread 0x000000001b5c1800 Exception <a 'java/lang/reflect/InvocationTargetException'> (0x00000000e5815748) thrown at [D:\src\AOSP-openjdk-cygwin\jdk8u\hotspot\src\share\vm\runtime\reflection.cpp, line 1092]
Event: 2272.202 Thread 0x000000001d445800 Exception <a 'sun/nio/fs/WindowsException'> (0x00000000e58cbef8) thrown at [D:\src\AOSP-openjdk-cygwin\jdk8u\hotspot\src\share\vm\prims\jni.cpp, line 710]

Events (10 events):
Event: 2272.201 Executing VM operation: RevokeBias done
Event: 2272.211 Executing VM operation: RevokeBias
Event: 2272.211 Executing VM operation: RevokeBias done
Event: 2272.211 Executing VM operation: RevokeBias
Event: 2272.211 Executing VM operation: RevokeBias done
Event: 2272.211 Thread 0x000000001b5c1000 Thread exited: 0x000000001b5c1000
Event: 2272.213 Executing VM operation: RevokeBias
Event: 2272.213 Executing VM operation: RevokeBias done
Event: 2272.213 Executing VM operation: RevokeBias
Event: 2272.213 Executing VM operation: RevokeBias done


Dynamic libraries:
0x00007ff6364b0000 - 0x00007ff6364e1000 	C:\Program Files\Android\Android Studio\jre\bin\java.exe
0x00007ff867440000 - 0x00007ff867630000 	C:\Windows\SYSTEM32\ntdll.dll
0x00007ff866030000 - 0x00007ff8660e2000 	C:\Windows\System32\KERNEL32.DLL
0x00007ff8645d0000 - 0x00007ff864873000 	C:\Windows\System32\KERNELBASE.dll
0x00007ff865990000 - 0x00007ff865a33000 	C:\Windows\System32\ADVAPI32.dll
0x00007ff8663e0000 - 0x00007ff86647e000 	C:\Windows\System32\msvcrt.dll
0x00007ff866170000 - 0x00007ff866207000 	C:\Windows\System32\sechost.dll
0x00007ff867050000 - 0x00007ff867170000 	C:\Windows\System32\RPCRT4.dll
0x00007ff866240000 - 0x00007ff8663d4000 	C:\Windows\System32\USER32.dll
0x00007ff8654c0000 - 0x00007ff8654e1000 	C:\Windows\System32\win32u.dll
0x00007ff866210000 - 0x00007ff866236000 	C:\Windows\System32\GDI32.dll
0x00007ff865320000 - 0x00007ff8654b4000 	C:\Windows\System32\gdi32full.dll
0x00007ff864420000 - 0x00007ff8644be000 	C:\Windows\System32\msvcp_win.dll
0x00007ff864aa0000 - 0x00007ff864b9a000 	C:\Windows\System32\ucrtbase.dll
0x00007ff854d50000 - 0x00007ff854fd5000 	C:\Windows\WinSxS\amd64_microsoft.windows.common-controls_6595b64144ccf1df_6.0.18362.720_none_e6beb5c51314836b\COMCTL32.dll
0x00007ff865aa0000 - 0x00007ff865dd6000 	C:\Windows\System32\combase.dll
0x00007ff864a20000 - 0x00007ff864aa0000 	C:\Windows\System32\bcryptPrimitives.dll
0x00007ff8654f0000 - 0x00007ff86551e000 	C:\Windows\System32\IMM32.DLL
0x0000000062430000 - 0x0000000062502000 	C:\Program Files\Android\Android Studio\jre\jre\bin\msvcr100.dll
0x0000000060b80000 - 0x00000000613c6000 	C:\Program Files\Android\Android Studio\jre\jre\bin\server\jvm.dll
0x00007ff866580000 - 0x00007ff866588000 	C:\Windows\System32\PSAPI.DLL
0x00007ff861f20000 - 0x00007ff861f44000 	C:\Windows\SYSTEM32\WINMM.dll
0x00007ff85d890000 - 0x00007ff85d89a000 	C:\Windows\SYSTEM32\VERSION.dll
0x00007ff85f1f0000 - 0x00007ff85f1f9000 	C:\Windows\SYSTEM32\WSOCK32.dll
0x00007ff866510000 - 0x00007ff86657f000 	C:\Windows\System32\WS2_32.dll
0x00007ff861ef0000 - 0x00007ff861f1d000 	C:\Windows\SYSTEM32\WINMMBASE.dll
0x00007ff8649d0000 - 0x00007ff864a1a000 	C:\Windows\System32\cfgmgr32.dll
0x00007ff85ec30000 - 0x00007ff85ec3f000 	C:\Program Files\Android\Android Studio\jre\jre\bin\verify.dll
0x00007ff859ab0000 - 0x00007ff859ad9000 	C:\Program Files\Android\Android Studio\jre\jre\bin\java.dll
0x00007ff85a160000 - 0x00007ff85a176000 	C:\Program Files\Android\Android Studio\jre\jre\bin\zip.dll
0x00007ff866590000 - 0x00007ff866c75000 	C:\Windows\System32\SHELL32.dll
0x00007ff865de0000 - 0x00007ff865e89000 	C:\Windows\System32\shcore.dll
0x00007ff864ba0000 - 0x00007ff865320000 	C:\Windows\System32\windows.storage.dll
0x00007ff864350000 - 0x00007ff864373000 	C:\Windows\System32\profapi.dll
0x00007ff864380000 - 0x00007ff8643ca000 	C:\Windows\System32\powrprof.dll
0x00007ff864300000 - 0x00007ff864310000 	C:\Windows\System32\UMPDC.dll
0x00007ff865fd0000 - 0x00007ff866022000 	C:\Windows\System32\shlwapi.dll
0x00007ff864330000 - 0x00007ff864341000 	C:\Windows\System32\kernel.appcore.dll
0x00007ff864400000 - 0x00007ff864417000 	C:\Windows\System32\cryptsp.dll
0x00007ff859750000 - 0x00007ff85976a000 	C:\Program Files\Android\Android Studio\jre\jre\bin\net.dll
0x00007ff852700000 - 0x00007ff8528d5000 	C:\Windows\SYSTEM32\urlmon.dll
0x00007ff8535b0000 - 0x00007ff853856000 	C:\Windows\SYSTEM32\iertutil.dll
0x00007ff863ce0000 - 0x00007ff863cec000 	C:\Windows\SYSTEM32\CRYPTBASE.DLL
0x00007ff863b10000 - 0x00007ff863b77000 	C:\Windows\system32\mswsock.dll
0x00007ff8582e0000 - 0x00007ff8582f3000 	C:\Program Files\Android\Android Studio\jre\jre\bin\nio.dll
0x00007ff839400000 - 0x00007ff839426000 	C:\Users\1920\.gradle\native\30\windows-amd64\native-platform.dll
0x00007ff85a2c0000 - 0x00007ff85a2cd000 	C:\Program Files\Android\Android Studio\jre\jre\bin\management.dll
0x00007ff863680000 - 0x00007ff8636b3000 	C:\Windows\system32\rsaenh.dll
0x00007ff8643d0000 - 0x00007ff8643f6000 	C:\Windows\System32\bcrypt.dll
0x00007ff864220000 - 0x00007ff864245000 	C:\Windows\SYSTEM32\USERENV.dll
0x00007ff863820000 - 0x00007ff86385a000 	C:\Windows\SYSTEM32\IPHLPAPI.DLL
0x00007ff867190000 - 0x00007ff867198000 	C:\Windows\System32\NSI.dll
0x00007ff859f80000 - 0x00007ff859f96000 	C:\Windows\SYSTEM32\dhcpcsvc6.DLL
0x00007ff859f60000 - 0x00007ff859f7c000 	C:\Windows\SYSTEM32\dhcpcsvc.DLL
0x00007ff863860000 - 0x00007ff86392a000 	C:\Windows\SYSTEM32\DNSAPI.dll
0x00007ff82c580000 - 0x00007ff82c71c000 	C:\Program Files\Android\Android Studio\jre\jre\bin\awt.dll
0x00007ff866c80000 - 0x00007ff866d44000 	C:\Windows\System32\OLEAUT32.dll
0x00007ff862710000 - 0x00007ff86273d000 	C:\Windows\SYSTEM32\dwmapi.dll
0x00007ff860c10000 - 0x00007ff8611d0000 	C:\Windows\SYSTEM32\d2d1.dll
0x00007ff8621c0000 - 0x00007ff86224f000 	C:\Windows\SYSTEM32\apphelp.dll
0x00007ff8622f0000 - 0x00007ff862389000 	C:\Windows\system32\uxtheme.dll

VM Arguments:
jvm_args: -Xmx1536m -Dfile.encoding=windows-1252 -Duser.country=US -Duser.language=en -Duser.variant 
java_command: org.gradle.launcher.daemon.bootstrap.GradleDaemon 5.6.4
java_class_path (initial): C:\Users\1920\.gradle\wrapper\dists\gradle-5.6.4-all\ankdp27end7byghfw1q2sw75f\gradle-5.6.4\lib\gradle-launcher-5.6.4.jar
Launcher Type: SUN_STANDARD

Environment Variables:
JAVA_HOME=C:\Program Files\Java\jdk1.8.0_221
PATH=C:\Program Files (x86)\Common Files\Oracle\Java\javapath;C:\Windows\system32;C:\Windows;C:\Windows\System32\Wbem;C:\Windows\System32\WindowsPowerShell\v1.0\;C:\Windows\System32\OpenSSH\;C:\Program Files\NVIDIA Corporation\NVIDIA NvDLISR;C:\Program Files (x86)\NVIDIA Corporation\PhysX\Common;C:\Program Files\Java\jdk1.8.0_221\bin;C:\Program Files\Microsoft SQL Server\Client SDK\ODBC\130\Tools\Binn\;C:\Program Files (x86)\Microsoft SQL Server\140\Tools\Binn\;C:\Program Files\Microsoft SQL Server\140\Tools\Binn\;C:\Program Files\Microsoft SQL Server\140\DTS\Binn\;C:\Program Files (x86)\Microsoft SQL Server\150\DTS\Binn\;C:\Users\1920\AppData\Local\Programs\Python\Python37-32\Scripts;C:\Users\1920\AppData\Local\Programs\Python\Python37-32;C:\Program Files\Git\cmd;C:\Program Files\nodejs\;C:\Program Files (x86)\Brackets\command;C:\Users\1920\.dnx\bin;C:\Program Files\Microsoft DNX\Dnvm\;C:\Program Files\Microsoft SQL Server\130\Tools\Binn\;C:\Program Files (x86)\Windows Kits\8.1\Windows Performance Toolkit\;C:\Program Files\Java\jdk1.8.0_221\bin;C:\Users\1920\AppData\Local\GitHubDesktop\bin;C:\Users\1920\AppData\Roaming\npm;C:\Users\1920\AppData\Local\Programs\Microsoft VS Code\bin;C:\MinGW\bin;
USERNAME=1920
OS=Windows_NT
PROCESSOR_IDENTIFIER=Intel64 Family 6 Model 158 Stepping 10, GenuineIntel



---------------  S Y S T E M  ---------------

OS: Windows 10.0 , 64 bit Build 18362 (10.0.18362.329)

CPU:total 8 (initial active 8) (4 cores per cpu, 2 threads per core) family 6 model 158 stepping 10, cmov, cx8, fxsr, mmx, sse, sse2, sse3, ssse3, sse4.1, sse4.2, popcnt, avx, avx2, aes, clmul, erms, 3dnowpref, lzcnt, ht, tsc, tscinvbit, bmi1, bmi2, adx

Memory: 4k page, physical 8259796k(537204k free), swap 12454100k(4k free)

vm_info: OpenJDK 64-Bit Server VM (25.212-b04) for windows-amd64 JRE (1.8.0_212-release-1586-b04), built by "builder" with MS VC++ 10.0 (VS2010)

time: Wed Apr 15 23:07:14 2020
timezone: SE Asia Standard Time
elapsed time: 2272 seconds (0d 0h 37m 52s)

