#
# There is insufficient memory for the Java Runtime Environment to continue.
# Native memory allocation (malloc) failed to allocate 1100576 bytes for Chunk::new
# Possible reasons:
#   The system is out of physical RAM or swap space
#   The process is running with CompressedOops enabled, and the Java Heap may be blocking the growth of the native heap
# Possible solutions:
#   Reduce memory load on the system
#   Increase physical memory or swap space
#   Check if swap backing store is full
#   Decrease Java heap size (-Xmx/-Xms)
#   Decrease number of Java threads
#   Decrease Java thread stack sizes (-Xss)
#   Set larger code cache with -XX:ReservedCodeCacheSize=
#   JVM is running with Unscaled Compressed Oops mode in which the Java heap is
#     placed in the first 4GB address space. The Java Heap base address is the
#     maximum limit for the native heap growth. Please use -XX:HeapBaseMinAddress
#     to set the Java Heap base and to place the Java Heap above 4GB virtual address.
# This output file may be truncated or incomplete.
#
#  Out of Memory Error (allocation.cpp:389), pid=18160, tid=0x0000000000002088
#
# JRE version: OpenJDK Runtime Environment (8.0_212-b04) (build 1.8.0_212-release-1586-b04)
# Java VM: OpenJDK 64-Bit Server VM (25.212-b04 mixed mode windows-amd64 compressed oops)
# Failed to write core dump. Minidumps are not enabled by default on client versions of Windows
#

---------------  T H R E A D  ---------------

Current thread (0x0000000018209800):  JavaThread "C2 CompilerThread0" daemon [_thread_in_native, id=8328, stack(0x0000000018ae0000,0x0000000018be0000)]

Stack: [0x0000000018ae0000,0x0000000018be0000]
[error occurred during error reporting (printing stack bounds), id 0xc0000005]

Native frames: (J=compiled Java code, j=interpreted, Vv=VM code, C=native code)


Current CompileTask:
C2:2287259 21742       4       org.gradle.execution.plan.DefaultExecutionPlan::selectNext (143 bytes)


---------------  P R O C E S S  ---------------

Java Threads: ( => current thread )
  0x0000000021966000 JavaThread "stdout" [_thread_in_native, id=17140, stack(0x000000002a040000,0x000000002a140000)]
  0x000000002196a800 JavaThread "stderr" [_thread_in_native, id=22448, stack(0x0000000029940000,0x0000000029a40000)]
  0x000000002196a000 JavaThread "pool-36-thread-1" [_thread_blocked, id=7592, stack(0x0000000026420000,0x0000000026520000)]
  0x0000000021968800 JavaThread "WorkerExecutor Queue" [_thread_blocked, id=22084, stack(0x0000000026320000,0x0000000026420000)]
  0x000000002196b800 JavaThread "Cache worker for execution history cache (E:\Diep\ky2_nam3\android\CurrencyConverter\.gradle\5.6.4\executionHistory)" [_thread_blocked, id=18288, stack(0x00000000259b0000,0x0000000025ab0000)]
  0x0000000021965800 JavaThread "Execution worker for ':' Thread 7" [_thread_blocked, id=16212, stack(0x00000000256b0000,0x00000000257b0000)]
  0x0000000021962800 JavaThread "Execution worker for ':' Thread 6" [_thread_blocked, id=20236, stack(0x00000000255b0000,0x00000000256b0000)]
  0x000000001ed84800 JavaThread "Execution worker for ':' Thread 5" [_thread_blocked, id=20904, stack(0x00000000254b0000,0x00000000255b0000)]
  0x000000001ed84000 JavaThread "Execution worker for ':' Thread 4" [_thread_blocked, id=15356, stack(0x00000000253b0000,0x00000000254b0000)]
  0x000000001ed87800 JavaThread "Execution worker for ':' Thread 3" [_thread_blocked, id=13960, stack(0x00000000250b0000,0x00000000251b0000)]
  0x000000001ed83000 JavaThread "Execution worker for ':' Thread 2" [_thread_blocked, id=7436, stack(0x0000000024db0000,0x0000000024eb0000)]
  0x000000001ed87000 JavaThread "Execution worker for ':'" [_thread_blocked, id=18364, stack(0x0000000024cb0000,0x0000000024db0000)]
  0x000000001ed82800 JavaThread "Cache worker for file content cache (E:\Diep\ky2_nam3\android\CurrencyConverter\.gradle\5.6.4\fileContent)" [_thread_blocked, id=3372, stack(0x0000000024bb0000,0x0000000024cb0000)]
  0x000000001ed86000 JavaThread "Cache worker for Build Output Cleanup Cache (E:\Diep\ky2_nam3\android\CurrencyConverter\.gradle\buildOutputCleanup)" [_thread_blocked, id=468, stack(0x0000000024010000,0x0000000024110000)]
  0x000000001ed7b000 JavaThread "pool-35-thread-1" [_thread_blocked, id=15040, stack(0x0000000023500000,0x0000000023600000)]
  0x000000001ed81800 JavaThread "Build operations Thread 8" [_thread_blocked, id=18052, stack(0x0000000022d90000,0x0000000022e90000)]
  0x000000001ed7e800 JavaThread "Build operations Thread 7" [_thread_blocked, id=12056, stack(0x0000000022c90000,0x0000000022d90000)]
  0x000000001ed7f800 JavaThread "Build operations Thread 6" [_thread_blocked, id=22376, stack(0x0000000022b90000,0x0000000022c90000)]
  0x000000001ed81000 JavaThread "Build operations Thread 5" [_thread_blocked, id=21848, stack(0x0000000022a90000,0x0000000022b90000)]
  0x000000001ed79800 JavaThread "Build operations Thread 4" [_thread_blocked, id=8396, stack(0x0000000022990000,0x0000000022a90000)]
  0x000000001ed80000 JavaThread "Build operations Thread 3" [_thread_blocked, id=16436, stack(0x0000000022890000,0x0000000022990000)]
  0x000000001ed7d000 JavaThread "Build operations Thread 2" [_thread_blocked, id=16492, stack(0x0000000022360000,0x0000000022460000)]
  0x000000001ed7e000 JavaThread "Build operations" [_thread_blocked, id=12452, stack(0x0000000021f60000,0x0000000022060000)]
  0x000000001ed7c800 JavaThread "Cache worker for cache directory md-rule (C:\Users\1920\.gradle\caches\5.6.4\md-rule)" [_thread_blocked, id=9096, stack(0x0000000020c20000,0x0000000020d20000)]
  0x000000001ed7a000 JavaThread "Cache worker for cache directory md-supplier (C:\Users\1920\.gradle\caches\5.6.4\md-supplier)" [_thread_blocked, id=7940, stack(0x000000001e0d0000,0x000000001e1d0000)]
  0x000000001b83f800 JavaThread "Cache worker for file hash cache (E:\Diep\ky2_nam3\android\CurrencyConverter\.gradle\5.6.4\fileHashes)" [_thread_blocked, id=13184, stack(0x000000001c800000,0x000000001c900000)]
  0x000000001b840000 JavaThread "Thread-489" [_thread_blocked, id=6912, stack(0x000000001c700000,0x000000001c800000)]
  0x000000001b834000 JavaThread "Stdin handler" [_thread_blocked, id=10700, stack(0x000000001c600000,0x000000001c700000)]
  0x000000001b835800 JavaThread "Asynchronous log dispatcher for DefaultDaemonConnection: socket connection from /127.0.0.1:51883 to /127.0.0.1:52256" [_thread_blocked, id=11496, stack(0x000000001c300000,0x000000001c400000)]
  0x000000001b838800 JavaThread "Cancel handler" [_thread_blocked, id=20392, stack(0x0000000000ae0000,0x0000000000be0000)]
  0x000000001b836800 JavaThread "Handler for socket connection from /127.0.0.1:51883 to /127.0.0.1:52256" [_thread_in_native, id=10608, stack(0x00000000009e0000,0x0000000000ae0000)]
  0x000000001b83e800 JavaThread "ForkJoinPool.commonPool-worker-6" daemon [_thread_blocked, id=11260, stack(0x000000002cd00000,0x000000002ce00000)]
  0x000000001b83d000 JavaThread "ForkJoinPool.commonPool-worker-5" daemon [_thread_blocked, id=21920, stack(0x000000002cc00000,0x000000002cd00000)]
  0x000000001b83c800 JavaThread "ForkJoinPool.commonPool-worker-4" daemon [_thread_blocked, id=18440, stack(0x000000002cb00000,0x000000002cc00000)]
  0x000000001b83b800 JavaThread "ForkJoinPool.commonPool-worker-3" daemon [_thread_blocked, id=11356, stack(0x000000002ca00000,0x000000002cb00000)]
  0x000000001b838000 JavaThread "ForkJoinPool.commonPool-worker-2" daemon [_thread_blocked, id=2024, stack(0x000000002c900000,0x000000002ca00000)]
  0x000000001b83b000 JavaThread "ForkJoinPool.commonPool-worker-1" daemon [_thread_blocked, id=2900, stack(0x000000002b120000,0x000000002b220000)]
  0x000000001b832800 JavaThread "ForkJoinPool.commonPool-worker-0" daemon [_thread_blocked, id=13020, stack(0x000000002ab50000,0x000000002ac50000)]
  0x0000000021964800 JavaThread "Daemon worker Thread 5" [_thread_blocked, id=12600, stack(0x000000001c200000,0x000000001c300000)]
  0x0000000021967800 JavaThread "Daemon Thread 5" [_thread_blocked, id=7088, stack(0x00000000008e0000,0x00000000009e0000)]
  0x000000001a689000 JavaThread "MarlinRenderer Disposer" daemon [_thread_blocked, id=8624, stack(0x000000002ae20000,0x000000002af20000)]
  0x000000001a68c000 JavaThread "Java2D Disposer" daemon [_thread_blocked, id=12528, stack(0x0000000025db0000,0x0000000025eb0000)]
  0x000000001b841800 JavaThread "Cache worker for Java compile cache (C:\Users\1920\.gradle\caches\5.6.4\javaCompile)" [_thread_blocked, id=8680, stack(0x0000000025cb0000,0x0000000025db0000)]
  0x000000001b837000 JavaThread "Cache worker for file content cache (C:\Users\1920\.gradle\caches\5.6.4\fileContent)" [_thread_blocked, id=12704, stack(0x0000000023f10000,0x0000000024010000)]
  0x000000001b835000 JavaThread "Memory manager" [_thread_blocked, id=21784, stack(0x0000000023800000,0x0000000023900000)]
  0x0000000019dc4000 JavaThread "Cache worker for execution history cache (C:\Users\1920\.gradle\caches\5.6.4\executionHistory)" [_thread_blocked, id=18848, stack(0x0000000022060000,0x0000000022160000)]
  0x0000000019dc5800 JavaThread "Cache worker for journal cache (C:\Users\1920\.gradle\caches\journal-1)" [_thread_blocked, id=16160, stack(0x000000001d000000,0x000000001d100000)]
  0x0000000019dc0800 JavaThread "File lock request listener" [_thread_in_native, id=5988, stack(0x000000001cf00000,0x000000001d000000)]
  0x000000001a346800 JavaThread "Cache worker for file hash cache (C:\Users\1920\.gradle\caches\5.6.4\fileHashes)" [_thread_blocked, id=19984, stack(0x000000001ce00000,0x000000001cf00000)]
  0x000000001ac82800 JavaThread "Daemon periodic checks" [_thread_blocked, id=12472, stack(0x000000001c100000,0x000000001c200000)]
  0x000000001ac7a000 JavaThread "Incoming local TCP Connector on port 51883" [_thread_in_native, id=19024, stack(0x000000001bec0000,0x000000001bfc0000)]
  0x00000000185de000 JavaThread "Daemon health stats" [_thread_blocked, id=3388, stack(0x000000001b880000,0x000000001b980000)]
  0x000000001825f000 JavaThread "Service Thread" daemon [_thread_blocked, id=20520, stack(0x0000000018ee0000,0x0000000018fe0000)]
  0x000000001821b800 JavaThread "C1 CompilerThread3" daemon [_thread_blocked, id=5100, stack(0x0000000018de0000,0x0000000018ee0000)]
  0x0000000018218000 JavaThread "C2 CompilerThread2" daemon [_thread_in_native, id=19544, stack(0x0000000018ce0000,0x0000000018de0000)]
  0x000000001820f800 JavaThread "C2 CompilerThread1" daemon [_thread_in_native, id=18060, stack(0x0000000018be0000,0x0000000018ce0000)]
=>0x0000000018209800 JavaThread "C2 CompilerThread0" daemon [_thread_in_native, id=8328, stack(0x0000000018ae0000,0x0000000018be0000)]
  0x0000000018208000 JavaThread "Attach Listener" daemon [_thread_blocked, id=21688, stack(0x00000000189e0000,0x0000000018ae0000)]
  0x0000000018207000 JavaThread "Signal Dispatcher" daemon [_thread_blocked, id=15320, stack(0x00000000188e0000,0x00000000189e0000)]
  0x000000000264d800 JavaThread "Finalizer" daemon [_thread_blocked, id=12460, stack(0x00000000186e0000,0x00000000187e0000)]
  0x0000000018200800 JavaThread "Reference Handler" daemon [_thread_blocked, id=13644, stack(0x00000000185e0000,0x00000000186e0000)]
  0x0000000002552800 JavaThread "main" [_thread_blocked, id=17264, stack(0x0000000002450000,0x0000000002550000)]

Other Threads:
  0x0000000016406800 VMThread [stack: 0x00000000180e0000,0x00000000181e0000] [id=1808]
  0x0000000018260000 WatcherThread [stack: 0x0000000018fe0000,0x00000000190e0000] [id=22212]

VM state:not at safepoint (normal execution)

VM Mutex/Monitor currently owned by a thread: None

heap address: 0x00000000a0000000, size: 1536 MB, Compressed Oops mode: 32-bit
Narrow klass base: 0x0000000000000000, Narrow klass shift: 3
Compressed class space size: 1073741824 Address: 0x0000000100000000

Heap:
 PSYoungGen      total 217088K, used 49582K [0x00000000e0000000, 0x00000000efe80000, 0x0000000100000000)
  eden space 182272K, 20% used [0x00000000e0000000,0x00000000e24b43a8,0x00000000eb200000)
  from space 34816K, 34% used [0x00000000eb200000,0x00000000ebdb7838,0x00000000ed400000)
  to   space 33792K, 0% used [0x00000000edd80000,0x00000000edd80000,0x00000000efe80000)
 ParOldGen       total 207360K, used 52036K [0x00000000a0000000, 0x00000000aca80000, 0x00000000e0000000)
  object space 207360K, 25% used [0x00000000a0000000,0x00000000a32d1318,0x00000000aca80000)
 Metaspace       used 94790K, capacity 101064K, committed 101336K, reserved 1136640K
  class space    used 12331K, capacity 13413K, committed 13528K, reserved 1048576K

Card table byte_map: [0x0000000011a10000,0x0000000011d20000] byte_map_base: 0x0000000011510000

Marking Bits: (ParMarkBitMap*) 0x0000000061349f30
 Begin Bits: [0x0000000012720000, 0x0000000013f20000)
 End Bits:   [0x0000000013f20000, 0x0000000015720000)

Polling page: 0x0000000000750000

CodeCache: size=245760Kb used=56732Kb max_used=56749Kb free=189027Kb
 bounds [0x0000000002650000, 0x0000000005e10000, 0x0000000011650000]
 total_blobs=18363 nmethods=17374 adapters=901
 compilation: enabled

Compilation events (10 events):
Event: 2287.219 Thread 0x000000001821b800 21798       3       org.gradle.api.internal.file.collections.DefaultDirectoryWalker$PathVisitor::<init> (44 bytes)
Event: 2287.219 Thread 0x000000001821b800 nmethod 21798 0x0000000005827d50 code [0x0000000005827ea0, 0x00000000058280f0]
Event: 2287.221 Thread 0x000000001821b800 21800       1       org.gradle.workers.internal.AdapterWorkParameters$Inject::getImplementationClassName (5 bytes)
Event: 2287.223 Thread 0x000000001821b800 nmethod 21800 0x0000000005de3090 code [0x0000000005de31e0, 0x0000000005de32f0]
Event: 2287.229 Thread 0x0000000018218000 nmethod 21687 0x0000000005dfb390 code [0x0000000005dfb900, 0x0000000005dff6a8]
Event: 2287.229 Thread 0x0000000018218000 21790       4       com.sun.org.apache.xerces.internal.util.XMLChar::isValidNCName (56 bytes)
Event: 2287.235 Thread 0x0000000018218000 nmethod 21790 0x0000000005de2ad0 code [0x0000000005de2c20, 0x0000000005de2e98]
Event: 2287.235 Thread 0x0000000018218000 21769       4       java.util.regex.Pattern::sequence (553 bytes)
Event: 2287.255 Thread 0x0000000018218000 nmethod 21769 0x0000000005de4ed0 code [0x0000000005de5100, 0x0000000005de5d20]
Event: 2287.255 Thread 0x0000000018218000 21778       4       com.sun.org.apache.xerces.internal.impl.XMLDocumentFragmentScannerImpl$ElementStack::<init> (57 bytes)

GC Heap History (10 events):
Event: 2026.954 GC heap before
{Heap before GC invocations=27 (full 4):
 PSYoungGen      total 185856K, used 153600K [0x00000000e0000000, 0x00000000ef000000, 0x0000000100000000)
  eden space 153600K, 100% used [0x00000000e0000000,0x00000000e9600000,0x00000000e9600000)
  from space 32256K, 0% used [0x00000000eb980000,0x00000000eb980000,0x00000000ed900000)
  to   space 36352K, 0% used [0x00000000e9600000,0x00000000e9600000,0x00000000eb980000)
 ParOldGen       total 207360K, used 52004K [0x00000000a0000000, 0x00000000aca80000, 0x00000000e0000000)
  object space 207360K, 25% used [0x00000000a0000000,0x00000000a32c9318,0x00000000aca80000)
 Metaspace       used 93010K, capacity 97882K, committed 99008K, reserved 1134592K
  class space    used 12103K, capacity 12942K, committed 13144K, reserved 1048576K
Event: 2026.977 GC heap after
Heap after GC invocations=27 (full 4):
 PSYoungGen      total 189952K, used 26683K [0x00000000e0000000, 0x00000000ef400000, 0x0000000100000000)
  eden space 153600K, 0% used [0x00000000e0000000,0x00000000e0000000,0x00000000e9600000)
  from space 36352K, 73% used [0x00000000e9600000,0x00000000eb00eda0,0x00000000eb980000)
  to   space 37888K, 0% used [0x00000000ecf00000,0x00000000ecf00000,0x00000000ef400000)
 ParOldGen       total 207360K, used 52012K [0x00000000a0000000, 0x00000000aca80000, 0x00000000e0000000)
  object space 207360K, 25% used [0x00000000a0000000,0x00000000a32cb318,0x00000000aca80000)
 Metaspace       used 93010K, capacity 97882K, committed 99008K, reserved 1134592K
  class space    used 12103K, capacity 12942K, committed 13144K, reserved 1048576K
}
Event: 2029.858 GC heap before
{Heap before GC invocations=28 (full 4):
 PSYoungGen      total 189952K, used 180283K [0x00000000e0000000, 0x00000000ef400000, 0x0000000100000000)
  eden space 153600K, 100% used [0x00000000e0000000,0x00000000e9600000,0x00000000e9600000)
  from space 36352K, 73% used [0x00000000e9600000,0x00000000eb00eda0,0x00000000eb980000)
  to   space 37888K, 0% used [0x00000000ecf00000,0x00000000ecf00000,0x00000000ef400000)
 ParOldGen       total 207360K, used 52012K [0x00000000a0000000, 0x00000000aca80000, 0x00000000e0000000)
  object space 207360K, 25% used [0x00000000a0000000,0x00000000a32cb318,0x00000000aca80000)
 Metaspace       used 93130K, capacity 97970K, committed 99136K, reserved 1134592K
  class space    used 12112K, capacity 12982K, committed 13272K, reserved 1048576K
Event: 2029.871 GC heap after
Heap after GC invocations=28 (full 4):
 PSYoungGen      total 207872K, used 8513K [0x00000000e0000000, 0x00000000ef200000, 0x0000000100000000)
  eden space 172032K, 0% used [0x00000000e0000000,0x00000000e0000000,0x00000000ea800000)
  from space 35840K, 23% used [0x00000000ecf00000,0x00000000ed7504d0,0x00000000ef200000)
  to   space 37888K, 0% used [0x00000000ea800000,0x00000000ea800000,0x00000000ecd00000)
 ParOldGen       total 207360K, used 52012K [0x00000000a0000000, 0x00000000aca80000, 0x00000000e0000000)
  object space 207360K, 25% used [0x00000000a0000000,0x00000000a32cb318,0x00000000aca80000)
 Metaspace       used 93130K, capacity 97970K, committed 99136K, reserved 1134592K
  class space    used 12112K, capacity 12982K, committed 13272K, reserved 1048576K
}
Event: 2245.446 GC heap before
{Heap before GC invocations=29 (full 4):
 PSYoungGen      total 207872K, used 180545K [0x00000000e0000000, 0x00000000ef200000, 0x0000000100000000)
  eden space 172032K, 100% used [0x00000000e0000000,0x00000000ea800000,0x00000000ea800000)
  from space 35840K, 23% used [0x00000000ecf00000,0x00000000ed7504d0,0x00000000ef200000)
  to   space 37888K, 0% used [0x00000000ea800000,0x00000000ea800000,0x00000000ecd00000)
 ParOldGen       total 207360K, used 52012K [0x00000000a0000000, 0x00000000aca80000, 0x00000000e0000000)
  object space 207360K, 25% used [0x00000000a0000000,0x00000000a32cb318,0x00000000aca80000)
 Metaspace       used 93404K, capacity 98356K, committed 99544K, reserved 1136640K
  class space    used 12123K, capacity 13003K, committed 13272K, reserved 1048576K
Event: 2245.457 GC heap after
Heap after GC invocations=29 (full 4):
 PSYoungGen      total 209920K, used 10813K [0x00000000e0000000, 0x00000000efc00000, 0x0000000100000000)
  eden space 172032K, 0% used [0x00000000e0000000,0x00000000e0000000,0x00000000ea800000)
  from space 37888K, 28% used [0x00000000ea800000,0x00000000eb28f698,0x00000000ecd00000)
  to   space 36864K, 0% used [0x00000000ed800000,0x00000000ed800000,0x00000000efc00000)
 ParOldGen       total 207360K, used 52020K [0x00000000a0000000, 0x00000000aca80000, 0x00000000e0000000)
  object space 207360K, 25% used [0x00000000a0000000,0x00000000a32cd318,0x00000000aca80000)
 Metaspace       used 93404K, capacity 98356K, committed 99544K, reserved 1136640K
  class space    used 12123K, capacity 13003K, committed 13272K, reserved 1048576K
}
Event: 2283.946 GC heap before
{Heap before GC invocations=30 (full 4):
 PSYoungGen      total 209920K, used 182845K [0x00000000e0000000, 0x00000000efc00000, 0x0000000100000000)
  eden space 172032K, 100% used [0x00000000e0000000,0x00000000ea800000,0x00000000ea800000)
  from space 37888K, 28% used [0x00000000ea800000,0x00000000eb28f698,0x00000000ecd00000)
  to   space 36864K, 0% used [0x00000000ed800000,0x00000000ed800000,0x00000000efc00000)
 ParOldGen       total 207360K, used 52020K [0x00000000a0000000, 0x00000000aca80000, 0x00000000e0000000)
  object space 207360K, 25% used [0x00000000a0000000,0x00000000a32cd318,0x00000000aca80000)
 Metaspace       used 94374K, capacity 100442K, committed 100696K, reserved 1136640K
  class space    used 12288K, capacity 13334K, committed 13400K, reserved 1048576K
Event: 2283.988 GC heap after
Heap after GC invocations=30 (full 4):
 PSYoungGen      total 212992K, used 15284K [0x00000000e0000000, 0x00000000ef600000, 0x0000000100000000)
  eden space 182272K, 0% used [0x00000000e0000000,0x00000000e0000000,0x00000000eb200000)
  from space 30720K, 49% used [0x00000000ed800000,0x00000000ee6ed108,0x00000000ef600000)
  to   space 34816K, 0% used [0x00000000eb200000,0x00000000eb200000,0x00000000ed400000)
 ParOldGen       total 207360K, used 52028K [0x00000000a0000000, 0x00000000aca80000, 0x00000000e0000000)
  object space 207360K, 25% used [0x00000000a0000000,0x00000000a32cf318,0x00000000aca80000)
 Metaspace       used 94374K, capacity 100442K, committed 100696K, reserved 1136640K
  class space    used 12288K, capacity 13334K, committed 13400K, reserved 1048576K
}
Event: 2286.904 GC heap before
{Heap before GC invocations=31 (full 4):
 PSYoungGen      total 212992K, used 197556K [0x00000000e0000000, 0x00000000ef600000, 0x0000000100000000)
  eden space 182272K, 100% used [0x00000000e0000000,0x00000000eb200000,0x00000000eb200000)
  from space 30720K, 49% used [0x00000000ed800000,0x00000000ee6ed108,0x00000000ef600000)
  to   space 34816K, 0% used [0x00000000eb200000,0x00000000eb200000,0x00000000ed400000)
 ParOldGen       total 207360K, used 52028K [0x00000000a0000000, 0x00000000aca80000, 0x00000000e0000000)
  object space 207360K, 25% used [0x00000000a0000000,0x00000000a32cf318,0x00000000aca80000)
 Metaspace       used 94617K, capacity 100698K, committed 100952K, reserved 1136640K
  class space    used 12298K, capacity 13352K, committed 13400K, reserved 1048576K
Event: 2286.918 GC heap after
Heap after GC invocations=31 (full 4):
 PSYoungGen      total 217088K, used 11998K [0x00000000e0000000, 0x00000000efe80000, 0x0000000100000000)
  eden space 182272K, 0% used [0x00000000e0000000,0x00000000e0000000,0x00000000eb200000)
  from space 34816K, 34% used [0x00000000eb200000,0x00000000ebdb7838,0x00000000ed400000)
  to   space 33792K, 0% used [0x00000000edd80000,0x00000000edd80000,0x00000000efe80000)
 ParOldGen       total 207360K, used 52036K [0x00000000a0000000, 0x00000000aca80000, 0x00000000e0000000)
  object space 207360K, 25% used [0x00000000a0000000,0x00000000a32d1318,0x00000000aca80000)
 Metaspace       used 94617K, capacity 100698K, committed 100952K, reserved 1136640K
  class space    used 12298K, capacity 13352K, committed 13400K, reserved 1048576K
}

Deoptimization events (10 events):
Event: 2262.556 Thread 0x0000000021964800 Uncommon trap: reason=bimorphic action=maybe_recompile pc=0x0000000003817b1c method=org.gradle.internal.logging.text.AbstractStyledTextOutput.text(Ljava/lang/Object;)Lorg/gradle/internal/logging/text/StyledTextOutput; @ 11
Event: 2283.722 Thread 0x000000001ed7d000 Uncommon trap: reason=unstable_if action=reinterpret pc=0x000000000482760c method=java.util.concurrent.locks.AbstractQueuedSynchronizer.unparkSuccessor(Ljava/util/concurrent/locks/AbstractQueuedSynchronizer$Node;)V @ 22
Event: 2284.162 Thread 0x000000001ed81800 Uncommon trap: reason=array_check action=maybe_recompile pc=0x0000000005b7cf0c method=java.util.ComparableTimSort.reverseRange([Ljava/lang/Object;II)V @ 20
Event: 2284.208 Thread 0x000000001ed81800 Uncommon trap: reason=array_check action=maybe_recompile pc=0x0000000005b9d170 method=java.util.ComparableTimSort.mergeLo(IIII)V @ 240
Event: 2284.208 Thread 0x000000001ed81800 Uncommon trap: reason=array_check action=maybe_recompile pc=0x0000000005b9a9d0 method=java.util.ComparableTimSort.mergeHi(IIII)V @ 277
Event: 2284.208 Thread 0x000000001ed81800 Uncommon trap: reason=array_check action=maybe_recompile pc=0x0000000005b9d170 method=java.util.ComparableTimSort.mergeLo(IIII)V @ 240
Event: 2284.209 Thread 0x000000001ed81800 Uncommon trap: reason=array_check action=maybe_recompile pc=0x0000000005b9ab0c method=java.util.ComparableTimSort.mergeHi(IIII)V @ 415
Event: 2284.209 Thread 0x000000001ed81800 Uncommon trap: reason=array_check action=maybe_recompile pc=0x0000000005b9ab0c method=java.util.ComparableTimSort.mergeHi(IIII)V @ 415
Event: 2284.656 Thread 0x0000000021964800 Uncommon trap: reason=null_check action=make_not_entrant pc=0x0000000003fdd740 method=java.lang.ThreadLocal$ThreadLocalMap.set(Ljava/lang/ThreadLocal;Ljava/lang/Object;)V @ 36
Event: 2284.696 Thread 0x000000001ed82800 Uncommon trap: reason=null_check action=make_not_entrant pc=0x0000000005a6e474 method=com.android.tools.r8.s.a.b.h.a(Ljava/lang/Object;)V @ 71

Classes redefined (0 events):
No events

Internal exceptions (10 events):
Event: 2284.680 Thread 0x000000001ed82800 Exception <a 'sun/nio/fs/WindowsException'> (0x00000000e2a5bd40) thrown at [D:\src\AOSP-openjdk-cygwin\jdk8u\hotspot\src\share\vm\prims\jni.cpp, line 710]
Event: 2284.697 Thread 0x000000001ed82800 Exception <a 'sun/nio/fs/WindowsException'> (0x00000000e2bade80) thrown at [D:\src\AOSP-openjdk-cygwin\jdk8u\hotspot\src\share\vm\prims\jni.cpp, line 710]
Event: 2284.698 Thread 0x000000001ed82800 Exception <a 'sun/nio/fs/WindowsException'> (0x00000000e2c35700) thrown at [D:\src\AOSP-openjdk-cygwin\jdk8u\hotspot\src\share\vm\prims\jni.cpp, line 710]
Event: 2284.701 Thread 0x000000001ed82800 Exception <a 'sun/nio/fs/WindowsException'> (0x00000000e2c3e450) thrown at [D:\src\AOSP-openjdk-cygwin\jdk8u\hotspot\src\share\vm\prims\jni.cpp, line 710]
Event: 2284.754 Thread 0x000000001ed83000 Exception <a 'sun/nio/fs/WindowsException'> (0x00000000e34c4860) thrown at [D:\src\AOSP-openjdk-cygwin\jdk8u\hotspot\src\share\vm\prims\jni.cpp, line 710]
Event: 2285.162 Thread 0x000000001b83f800 Exception <a 'sun/nio/fs/WindowsException'> (0x00000000e8a2e170) thrown at [D:\src\AOSP-openjdk-cygwin\jdk8u\hotspot\src\share\vm\prims\jni.cpp, line 710]
Event: 2285.197 Thread 0x000000001ed84800 Exception <a 'sun/nio/fs/WindowsException'> (0x00000000e8c14310) thrown at [D:\src\AOSP-openjdk-cygwin\jdk8u\hotspot\src\share\vm\prims\jni.cpp, line 710]
Event: 2285.197 Thread 0x000000001ed84800 Exception <a 'sun/nio/fs/WindowsException'> (0x00000000e8c147d8) thrown at [D:\src\AOSP-openjdk-cygwin\jdk8u\hotspot\src\share\vm\prims\jni.cpp, line 710]
Event: 2285.337 Thread 0x0000000021964800 Exception <a 'sun/nio/fs/WindowsException'> (0x00000000e2ea7098) thrown at [D:\src\AOSP-openjdk-cygwin\jdk8u\hotspot\src\share\vm\prims\jni.cpp, line 710]
Event: 2286.794 Thread 0x0000000021964800 Exception <a 'sun/nio/fs/WindowsException'> (0x00000000ea2592e0) thrown at [D:\src\AOSP-openjdk-cygwin\jdk8u\hotspot\src\share\vm\prims\jni.cpp, line 710]

Events (10 events):
Event: 2287.148 Thread 0x000000001ed87800 DEOPT PACKING pc=0x00000000054fd943 sp=0x00000000251ab800
Event: 2287.148 Thread 0x000000001ed87800 DEOPT UNPACKING pc=0x00000000026975d0 sp=0x00000000251ab568 mode 0
Event: 2287.161 Thread 0x000000001ed87800 DEOPT PACKING pc=0x00000000054fd943 sp=0x00000000251ab800
Event: 2287.161 Thread 0x000000001ed87800 DEOPT UNPACKING pc=0x00000000026975d0 sp=0x00000000251ab568 mode 0
Event: 2287.218 Thread 0x0000000021968800 Thread added: 0x0000000021968800
Event: 2287.222 Executing VM operation: RevokeBias
Event: 2287.223 Executing VM operation: RevokeBias done
Event: 2287.224 Thread 0x000000002196a000 Thread added: 0x000000002196a000
Event: 2287.227 Thread 0x000000002196a800 Thread added: 0x000000002196a800
Event: 2287.227 Thread 0x0000000021966000 Thread added: 0x0000000021966000


Dynamic libraries:
0x00007ff6364b0000 - 0x00007ff6364e1000 	C:\Program Files\Android\Android Studio\jre\bin\java.exe
0x00007ff867440000 - 0x00007ff867630000 	C:\Windows\SYSTEM32\ntdll.dll
0x00007ff866030000 - 0x00007ff8660e2000 	C:\Windows\System32\KERNEL32.DLL
0x00007ff8645d0000 - 0x00007ff864873000 	C:\Windows\System32\KERNELBASE.dll
0x00007ff865990000 - 0x00007ff865a33000 	C:\Windows\System32\ADVAPI32.dll
0x00007ff8663e0000 - 0x00007ff86647e000 	C:\Windows\System32\msvcrt.dll
0x00007ff866170000 - 0x00007ff866207000 	C:\Windows\System32\sechost.dll
0x00007ff867050000 - 0x00007ff867170000 	C:\Windows\System32\RPCRT4.dll
0x00007ff866240000 - 0x00007ff8663d4000 	C:\Windows\System32\USER32.dll
0x00007ff8654c0000 - 0x00007ff8654e1000 	C:\Windows\System32\win32u.dll
0x00007ff866210000 - 0x00007ff866236000 	C:\Windows\System32\GDI32.dll
0x00007ff865320000 - 0x00007ff8654b4000 	C:\Windows\System32\gdi32full.dll
0x00007ff864420000 - 0x00007ff8644be000 	C:\Windows\System32\msvcp_win.dll
0x00007ff864aa0000 - 0x00007ff864b9a000 	C:\Windows\System32\ucrtbase.dll
0x00007ff854d50000 - 0x00007ff854fd5000 	C:\Windows\WinSxS\amd64_microsoft.windows.common-controls_6595b64144ccf1df_6.0.18362.720_none_e6beb5c51314836b\COMCTL32.dll
0x00007ff865aa0000 - 0x00007ff865dd6000 	C:\Windows\System32\combase.dll
0x00007ff864a20000 - 0x00007ff864aa0000 	C:\Windows\System32\bcryptPrimitives.dll
0x00007ff8654f0000 - 0x00007ff86551e000 	C:\Windows\System32\IMM32.DLL
0x0000000062430000 - 0x0000000062502000 	C:\Program Files\Android\Android Studio\jre\jre\bin\msvcr100.dll
0x0000000060b80000 - 0x00000000613c6000 	C:\Program Files\Android\Android Studio\jre\jre\bin\server\jvm.dll
0x00007ff866580000 - 0x00007ff866588000 	C:\Windows\System32\PSAPI.DLL
0x00007ff85d890000 - 0x00007ff85d89a000 	C:\Windows\SYSTEM32\VERSION.dll
0x00007ff861f20000 - 0x00007ff861f44000 	C:\Windows\SYSTEM32\WINMM.dll
0x00007ff85ec30000 - 0x00007ff85ec39000 	C:\Windows\SYSTEM32\WSOCK32.dll
0x00007ff866510000 - 0x00007ff86657f000 	C:\Windows\System32\WS2_32.dll
0x00007ff861ef0000 - 0x00007ff861f1d000 	C:\Windows\SYSTEM32\winmmbase.dll
0x00007ff8649d0000 - 0x00007ff864a1a000 	C:\Windows\System32\cfgmgr32.dll
0x00007ff85a2c0000 - 0x00007ff85a2cf000 	C:\Program Files\Android\Android Studio\jre\jre\bin\verify.dll
0x00007ff859ab0000 - 0x00007ff859ad9000 	C:\Program Files\Android\Android Studio\jre\jre\bin\java.dll
0x00007ff85a160000 - 0x00007ff85a176000 	C:\Program Files\Android\Android Studio\jre\jre\bin\zip.dll
0x00007ff866590000 - 0x00007ff866c75000 	C:\Windows\System32\SHELL32.dll
0x00007ff865de0000 - 0x00007ff865e89000 	C:\Windows\System32\shcore.dll
0x00007ff864ba0000 - 0x00007ff865320000 	C:\Windows\System32\windows.storage.dll
0x00007ff864350000 - 0x00007ff864373000 	C:\Windows\System32\profapi.dll
0x00007ff864380000 - 0x00007ff8643ca000 	C:\Windows\System32\powrprof.dll
0x00007ff864300000 - 0x00007ff864310000 	C:\Windows\System32\UMPDC.dll
0x00007ff865fd0000 - 0x00007ff866022000 	C:\Windows\System32\shlwapi.dll
0x00007ff864330000 - 0x00007ff864341000 	C:\Windows\System32\kernel.appcore.dll
0x00007ff864400000 - 0x00007ff864417000 	C:\Windows\System32\cryptsp.dll
0x00007ff859790000 - 0x00007ff8597aa000 	C:\Program Files\Android\Android Studio\jre\jre\bin\net.dll
0x00007ff852700000 - 0x00007ff8528d5000 	C:\Windows\SYSTEM32\urlmon.dll
0x00007ff8535b0000 - 0x00007ff853856000 	C:\Windows\SYSTEM32\iertutil.dll
0x00007ff863ce0000 - 0x00007ff863cec000 	C:\Windows\SYSTEM32\CRYPTBASE.DLL
0x00007ff863b10000 - 0x00007ff863b77000 	C:\Windows\system32\mswsock.dll
0x00007ff8582e0000 - 0x00007ff8582f3000 	C:\Program Files\Android\Android Studio\jre\jre\bin\nio.dll
0x00007ff859760000 - 0x00007ff859786000 	C:\Users\1920\.gradle\native\30\windows-amd64\native-platform.dll
0x00007ff859a90000 - 0x00007ff859a9d000 	C:\Program Files\Android\Android Studio\jre\jre\bin\management.dll
0x00007ff863680000 - 0x00007ff8636b3000 	C:\Windows\system32\rsaenh.dll
0x00007ff8643d0000 - 0x00007ff8643f6000 	C:\Windows\System32\bcrypt.dll
0x00007ff864220000 - 0x00007ff864245000 	C:\Windows\SYSTEM32\USERENV.dll
0x00007ff863820000 - 0x00007ff86385a000 	C:\Windows\SYSTEM32\IPHLPAPI.DLL
0x00007ff867190000 - 0x00007ff867198000 	C:\Windows\System32\NSI.dll
0x00007ff859f80000 - 0x00007ff859f96000 	C:\Windows\SYSTEM32\dhcpcsvc6.DLL
0x00007ff859f60000 - 0x00007ff859f7c000 	C:\Windows\SYSTEM32\dhcpcsvc.DLL
0x00007ff863860000 - 0x00007ff86392a000 	C:\Windows\SYSTEM32\DNSAPI.dll
0x00007ff82c580000 - 0x00007ff82c71c000 	C:\Program Files\Android\Android Studio\jre\jre\bin\awt.dll
0x00007ff866c80000 - 0x00007ff866d44000 	C:\Windows\System32\OLEAUT32.dll
0x00007ff862710000 - 0x00007ff86273d000 	C:\Windows\SYSTEM32\dwmapi.dll
0x00007ff860c10000 - 0x00007ff8611d0000 	C:\Windows\SYSTEM32\d2d1.dll
0x00007ff8621c0000 - 0x00007ff86224f000 	C:\Windows\SYSTEM32\apphelp.dll
0x00007ff8622f0000 - 0x00007ff862389000 	C:\Windows\system32\uxtheme.dll

VM Arguments:
jvm_args: -Xmx1536m -Dfile.encoding=windows-1252 -Duser.country=US -Duser.language=en -Duser.variant 
java_command: org.gradle.launcher.daemon.bootstrap.GradleDaemon 5.6.4
java_class_path (initial): C:\Users\1920\.gradle\wrapper\dists\gradle-5.6.4-all\ankdp27end7byghfw1q2sw75f\gradle-5.6.4\lib\gradle-launcher-5.6.4.jar
Launcher Type: SUN_STANDARD

Environment Variables:
JAVA_HOME=C:\Program Files\Java\jdk1.8.0_221
PATH=C:\Program Files (x86)\Common Files\Oracle\Java\javapath;C:\Windows\system32;C:\Windows;C:\Windows\System32\Wbem;C:\Windows\System32\WindowsPowerShell\v1.0\;C:\Windows\System32\OpenSSH\;C:\Program Files\NVIDIA Corporation\NVIDIA NvDLISR;C:\Program Files (x86)\NVIDIA Corporation\PhysX\Common;C:\Program Files\Java\jdk1.8.0_221\bin;C:\Program Files\Microsoft SQL Server\Client SDK\ODBC\130\Tools\Binn\;C:\Program Files (x86)\Microsoft SQL Server\140\Tools\Binn\;C:\Program Files\Microsoft SQL Server\140\Tools\Binn\;C:\Program Files\Microsoft SQL Server\140\DTS\Binn\;C:\Program Files (x86)\Microsoft SQL Server\150\DTS\Binn\;C:\Users\1920\AppData\Local\Programs\Python\Python37-32\Scripts;C:\Users\1920\AppData\Local\Programs\Python\Python37-32;C:\Program Files\Git\cmd;C:\Program Files\nodejs\;C:\Program Files (x86)\Brackets\command;C:\Users\1920\.dnx\bin;C:\Program Files\Microsoft DNX\Dnvm\;C:\Program Files\Microsoft SQL Server\130\Tools\Binn\;C:\Program Files (x86)\Windows Kits\8.1\Windows Performance Toolkit\;C:\Program Files\Java\jdk1.8.0_221\bin;C:\Users\1920\AppData\Local\GitHubDesktop\bin;C:\Users\1920\AppData\Roaming\npm;C:\Users\1920\AppData\Local\Programs\Microsoft VS Code\bin;C:\MinGW\bin;
USERNAME=1920
OS=Windows_NT
PROCESSOR_IDENTIFIER=Intel64 Family 6 Model 158 Stepping 10, GenuineIntel



---------------  S Y S T E M  ---------------

OS: Windows 10.0 , 64 bit Build 18362 (10.0.18362.329)

CPU:total 8 (initial active 8) (4 cores per cpu, 2 threads per core) family 6 model 158 stepping 10, cmov, cx8, fxsr, mmx, sse, sse2, sse3, ssse3, sse4.1, sse4.2, popcnt, avx, avx2, aes, clmul, erms, 3dnowpref, lzcnt, ht, tsc, tscinvbit, bmi1, bmi2, adx

Memory: 4k page, physical 8259796k(1062020k free), swap 12454100k(14536k free)

vm_info: OpenJDK 64-Bit Server VM (25.212-b04) for windows-amd64 JRE (1.8.0_212-release-1586-b04), built by "builder" with MS VC++ 10.0 (VS2010)

time: Wed Apr 15 22:24:18 2020
timezone: SE Asia Standard Time
elapsed time: 2287 seconds (0d 0h 38m 7s)

