#
# There is insufficient memory for the Java Runtime Environment to continue.
# Native memory allocation (malloc) failed to allocate 505920 bytes for Chunk::new
# Possible reasons:
#   The system is out of physical RAM or swap space
#   The process is running with CompressedOops enabled, and the Java Heap may be blocking the growth of the native heap
# Possible solutions:
#   Reduce memory load on the system
#   Increase physical memory or swap space
#   Check if swap backing store is full
#   Decrease Java heap size (-Xmx/-Xms)
#   Decrease number of Java threads
#   Decrease Java thread stack sizes (-Xss)
#   Set larger code cache with -XX:ReservedCodeCacheSize=
#   JVM is running with Unscaled Compressed Oops mode in which the Java heap is
#     placed in the first 4GB address space. The Java Heap base address is the
#     maximum limit for the native heap growth. Please use -XX:HeapBaseMinAddress
#     to set the Java Heap base and to place the Java Heap above 4GB virtual address.
# This output file may be truncated or incomplete.
#
#  Out of Memory Error (allocation.cpp:389), pid=1472, tid=0x0000000000002250
#
# JRE version: OpenJDK Runtime Environment (8.0_212-b04) (build 1.8.0_212-release-1586-b04)
# Java VM: OpenJDK 64-Bit Server VM (25.212-b04 mixed mode windows-amd64 compressed oops)
# Failed to write core dump. Minidumps are not enabled by default on client versions of Windows
#

---------------  T H R E A D  ---------------

Current thread (0x00000000183ea000):  JavaThread "C2 CompilerThread0" daemon [_thread_in_native, id=8784, stack(0x0000000018cc0000,0x0000000018dc0000)]

Stack: [0x0000000018cc0000,0x0000000018dc0000]
[error occurred during error reporting (printing stack bounds), id 0xc0000005]

Native frames: (J=compiled Java code, j=interpreted, Vv=VM code, C=native code)


Current CompileTask:
C2:   7606 7402   !   4       java.net.URLClassLoader$1::run (63 bytes)


---------------  P R O C E S S  ---------------

Java Threads: ( => current thread )
  0x00000000220e4800 JavaThread "WorkerExecutor Queue" [_thread_in_vm, id=12972, stack(0x00000000275c0000,0x00000000276c0000)]
  0x00000000220e0800 JavaThread "Cache worker for execution history cache (E:\Diep\ky2_nam3\android\BT_TUAN6\.gradle\5.6.4\executionHistory)" [_thread_blocked, id=10300, stack(0x00000000262f0000,0x00000000263f0000)]
  0x00000000220e6000 JavaThread "Execution worker for ':' Thread 7" [_thread_in_Java, id=8004, stack(0x0000000025ff0000,0x00000000260f0000)]
  0x00000000205a2800 JavaThread "Execution worker for ':' Thread 6" [_thread_in_vm, id=13620, stack(0x0000000025ef0000,0x0000000025ff0000)]
  0x00000000205a1000 JavaThread "Execution worker for ':' Thread 5" [_thread_in_Java, id=10508, stack(0x0000000025df0000,0x0000000025ef0000)]
  0x00000000205a3800 JavaThread "Execution worker for ':' Thread 4" [_thread_in_Java, id=15196, stack(0x0000000025cf0000,0x0000000025df0000)]
  0x00000000205a5000 JavaThread "Execution worker for ':' Thread 3" [_thread_in_vm, id=18452, stack(0x0000000025bf0000,0x0000000025cf0000)]
  0x000000002059f800 JavaThread "Execution worker for ':' Thread 2" [_thread_in_Java, id=7784, stack(0x0000000025630000,0x0000000025730000)]
  0x00000000205a4000 JavaThread "Execution worker for ':'" [_thread_in_Java, id=18820, stack(0x0000000024f50000,0x0000000025050000)]
  0x00000000205a2000 JavaThread "Cache worker for file content cache (E:\Diep\ky2_nam3\android\BT_TUAN6\.gradle\5.6.4\fileContent)" [_thread_blocked, id=16832, stack(0x0000000025330000,0x0000000025430000)]
  0x00000000205a0800 JavaThread "Cache worker for file content cache (C:\Users\1920\.gradle\caches\5.6.4\fileContent)" [_thread_blocked, id=10992, stack(0x0000000025230000,0x0000000025330000)]
  0x0000000020598000 JavaThread "Memory manager" [_thread_blocked, id=12088, stack(0x0000000025130000,0x0000000025230000)]
  0x0000000020597800 JavaThread "Cache worker for Build Output Cleanup Cache (E:\Diep\ky2_nam3\android\BT_TUAN6\.gradle\buildOutputCleanup)" [_thread_blocked, id=21088, stack(0x0000000023680000,0x0000000023780000)]
  0x000000002059e000 JavaThread "pool-1-thread-1" [_thread_blocked, id=5392, stack(0x0000000023380000,0x0000000023480000)]
  0x0000000020596800 JavaThread "Build operations Thread 8" [_thread_blocked, id=19160, stack(0x0000000022e80000,0x0000000022f80000)]
  0x000000002059c000 JavaThread "Build operations Thread 7" [_thread_blocked, id=16284, stack(0x0000000022d80000,0x0000000022e80000)]
  0x0000000020599000 JavaThread "Build operations Thread 6" [_thread_blocked, id=18592, stack(0x0000000022c80000,0x0000000022d80000)]
  0x000000002059d800 JavaThread "Build operations Thread 5" [_thread_blocked, id=3784, stack(0x0000000022b80000,0x0000000022c80000)]
  0x000000002059b000 JavaThread "Build operations Thread 4" [_thread_blocked, id=16236, stack(0x0000000022a80000,0x0000000022b80000)]
  0x0000000020596000 JavaThread "Build operations Thread 3" [_thread_blocked, id=13600, stack(0x0000000022980000,0x0000000022a80000)]
  0x000000002059c800 JavaThread "Build operations Thread 2" [_thread_blocked, id=18828, stack(0x0000000022880000,0x0000000022980000)]
  0x000000002059a800 JavaThread "Build operations" [_thread_blocked, id=12188, stack(0x0000000021170000,0x0000000021270000)]
  0x0000000019e66800 JavaThread "Cache worker for execution history cache (C:\Users\1920\.gradle\caches\5.6.4\executionHistory)" [_thread_blocked, id=12732, stack(0x00000000222e0000,0x00000000223e0000)]
  0x0000000019e63800 JavaThread "Cache worker for cache directory md-rule (C:\Users\1920\.gradle\caches\5.6.4\md-rule)" [_thread_blocked, id=16792, stack(0x0000000021070000,0x0000000021170000)]
  0x0000000019e65800 JavaThread "Cache worker for cache directory md-supplier (C:\Users\1920\.gradle\caches\5.6.4\md-supplier)" [_thread_blocked, id=19512, stack(0x000000001fd80000,0x000000001fe80000)]
  0x0000000019e62000 JavaThread "Cache worker for file hash cache (E:\Diep\ky2_nam3\android\BT_TUAN6\.gradle\5.6.4\fileHashes)" [_thread_blocked, id=9228, stack(0x000000001e4b0000,0x000000001e5b0000)]
  0x0000000019e60800 JavaThread "Cache worker for journal cache (C:\Users\1920\.gradle\caches\journal-1)" [_thread_blocked, id=17268, stack(0x000000001d1e0000,0x000000001d2e0000)]
  0x0000000019e64000 JavaThread "File lock request listener" [_thread_in_native, id=18768, stack(0x000000001d0e0000,0x000000001d1e0000)]
  0x000000001a92a800 JavaThread "Cache worker for file hash cache (C:\Users\1920\.gradle\caches\5.6.4\fileHashes)" [_thread_blocked, id=19380, stack(0x000000001cfe0000,0x000000001d0e0000)]
  0x000000001ad3f800 JavaThread "Thread-9" [_thread_blocked, id=840, stack(0x000000001cce0000,0x000000001cde0000)]
  0x000000001ad34800 JavaThread "Stdin handler" [_thread_blocked, id=19176, stack(0x000000001cbe0000,0x000000001cce0000)]
  0x000000001ad31000 JavaThread "Asynchronous log dispatcher for DefaultDaemonConnection: socket connection from /127.0.0.1:50479 to /127.0.0.1:50480" [_thread_blocked, id=19880, stack(0x000000001c9e0000,0x000000001cae0000)]
  0x000000001ad2f000 JavaThread "Daemon worker" [_thread_blocked, id=18312, stack(0x000000001c8e0000,0x000000001c9e0000)]
  0x000000001ad37800 JavaThread "Cancel handler" [_thread_blocked, id=8328, stack(0x000000001c7e0000,0x000000001c8e0000)]
  0x000000001ad16000 JavaThread "Handler for socket connection from /127.0.0.1:50479 to /127.0.0.1:50480" [_thread_in_native, id=15140, stack(0x000000001c4e0000,0x000000001c5e0000)]
  0x000000001ad15800 JavaThread "Daemon" [_thread_blocked, id=20852, stack(0x000000001c3e0000,0x000000001c4e0000)]
  0x000000001ad02000 JavaThread "Daemon periodic checks" [_thread_blocked, id=7684, stack(0x000000001c2e0000,0x000000001c3e0000)]
  0x000000001acab000 JavaThread "Incoming local TCP Connector on port 50479" [_thread_in_native, id=21040, stack(0x000000001c0a0000,0x000000001c1a0000)]
  0x000000001873d800 JavaThread "Daemon health stats" [_thread_blocked, id=11028, stack(0x000000001ba60000,0x000000001bb60000)]
  0x0000000018483000 JavaThread "Service Thread" daemon [_thread_blocked, id=19692, stack(0x00000000190c0000,0x00000000191c0000)]
  0x00000000183f5800 JavaThread "C1 CompilerThread3" daemon [_thread_in_native, id=13284, stack(0x0000000018fc0000,0x00000000190c0000)]
  0x00000000183f1000 JavaThread "C2 CompilerThread2" daemon [_thread_in_native, id=21100, stack(0x0000000018ec0000,0x0000000018fc0000)]
  0x00000000183ec000 JavaThread "C2 CompilerThread1" daemon [_thread_in_native, id=15176, stack(0x0000000018dc0000,0x0000000018ec0000)]
=>0x00000000183ea000 JavaThread "C2 CompilerThread0" daemon [_thread_in_native, id=8784, stack(0x0000000018cc0000,0x0000000018dc0000)]
  0x00000000183e9000 JavaThread "Attach Listener" daemon [_thread_blocked, id=22128, stack(0x0000000018bc0000,0x0000000018cc0000)]
  0x00000000183e8000 JavaThread "Signal Dispatcher" daemon [_thread_blocked, id=9548, stack(0x0000000018ac0000,0x0000000018bc0000)]
  0x0000000016602000 JavaThread "Finalizer" daemon [_thread_blocked, id=3324, stack(0x00000000188c0000,0x00000000189c0000)]
  0x0000000002838800 JavaThread "Reference Handler" daemon [_thread_blocked, id=13788, stack(0x00000000187c0000,0x00000000188c0000)]
  0x0000000002742800 JavaThread "main" [_thread_blocked, id=12220, stack(0x0000000002640000,0x0000000002740000)]

Other Threads:
  0x00000000165f5800 VMThread [stack: 0x00000000182c0000,0x00000000183c0000] [id=17132]
  0x000000001843d000 WatcherThread [stack: 0x00000000191c0000,0x00000000192c0000] [id=2412]

VM state:not at safepoint (normal execution)

VM Mutex/Monitor currently owned by a thread: None

heap address: 0x00000000a0000000, size: 1536 MB, Compressed Oops mode: 32-bit
Narrow klass base: 0x0000000000000000, Narrow klass shift: 3
Compressed class space size: 1073741824 Address: 0x0000000100000000

Heap:
 PSYoungGen      total 188928K, used 42657K [0x00000000e0000000, 0x00000000efa80000, 0x0000000100000000)
  eden space 169984K, 13% used [0x00000000e0000000,0x00000000e172c1f0,0x00000000ea600000)
  from space 18944K, 99% used [0x00000000ea600000,0x00000000eb87c2f8,0x00000000eb880000)
  to   space 23040K, 0% used [0x00000000ee400000,0x00000000ee400000,0x00000000efa80000)
 ParOldGen       total 134656K, used 34097K [0x00000000a0000000, 0x00000000a8380000, 0x00000000e0000000)
  object space 134656K, 25% used [0x00000000a0000000,0x00000000a214c720,0x00000000a8380000)
 Metaspace       used 63071K, capacity 65974K, committed 66264K, reserved 1105920K
  class space    used 8752K, capacity 9344K, committed 9432K, reserved 1048576K

Card table byte_map: [0x0000000011c00000,0x0000000011f10000] byte_map_base: 0x0000000011700000

Marking Bits: (ParMarkBitMap*) 0x0000000061129f30
 Begin Bits: [0x0000000012910000, 0x0000000014110000)
 End Bits:   [0x0000000014110000, 0x0000000015910000)

Polling page: 0x00000000008d0000

CodeCache: size=245760Kb used=20816Kb max_used=20816Kb free=224944Kb
 bounds [0x0000000002840000, 0x0000000003cb0000, 0x0000000011840000]
 total_blobs=7464 nmethods=6666 adapters=711
 compilation: enabled

Compilation events (10 events):
Event: 7.596 Thread 0x00000000183f5800 nmethod 7578 0x0000000003ca8bd0 code [0x0000000003ca8d20, 0x0000000003ca8eb0]
Event: 7.596 Thread 0x00000000183f5800 7580       2       com.android.tools.r8.graph.s0$$Lambda$679/812950501::accept (28 bytes)
Event: 7.597 Thread 0x00000000183f5800 nmethod 7580 0x0000000003ca8f50 code [0x0000000003ca90c0, 0x0000000003ca93b8]
Event: 7.597 Thread 0x00000000183f5800 7581       2       com.android.tools.r8.graph.s0::a (28 bytes)
Event: 7.597 Thread 0x00000000183f5800 nmethod 7581 0x0000000003ca9510 code [0x0000000003ca9680, 0x0000000003ca9898]
Event: 7.597 Thread 0x00000000183f5800 7499       1       com.android.tools.r8.utils.X::z (5 bytes)
Event: 7.597 Thread 0x00000000183f5800 nmethod 7499 0x0000000003ca9990 code [0x0000000003ca9ae0, 0x0000000003ca9bf0]
Event: 7.597 Thread 0x00000000183f5800 7593       2       com.android.tools.r8.graph.y0::b (19 bytes)
Event: 7.597 Thread 0x00000000183f5800 nmethod 7593 0x0000000003ca9c50 code [0x0000000003ca9dc0, 0x0000000003ca9f88]
Event: 7.597 Thread 0x00000000183f5800 7596       2       com.android.tools.r8.B.a.a.f::a (3659 bytes)

GC Heap History (10 events):
Event: 4.619 GC heap before
{Heap before GC invocations=12 (full 2):
 PSYoungGen      total 117248K, used 105472K [0x00000000e0000000, 0x00000000ea600000, 0x0000000100000000)
  eden space 105472K, 100% used [0x00000000e0000000,0x00000000e6700000,0x00000000e6700000)
  from space 11776K, 0% used [0x00000000e6700000,0x00000000e6700000,0x00000000e7280000)
  to   space 12288K, 0% used [0x00000000e9a00000,0x00000000e9a00000,0x00000000ea600000)
 ParOldGen       total 92160K, used 16760K [0x00000000a0000000, 0x00000000a5a00000, 0x00000000e0000000)
  object space 92160K, 18% used [0x00000000a0000000,0x00000000a105e2a8,0x00000000a5a00000)
 Metaspace       used 45059K, capacity 46156K, committed 46336K, reserved 1089536K
  class space    used 6054K, capacity 6350K, committed 6400K, reserved 1048576K
Event: 4.630 GC heap after
Heap after GC invocations=12 (full 2):
 PSYoungGen      total 146944K, used 12277K [0x00000000e0000000, 0x00000000ea600000, 0x0000000100000000)
  eden space 134656K, 0% used [0x00000000e0000000,0x00000000e0000000,0x00000000e8380000)
  from space 12288K, 99% used [0x00000000e9a00000,0x00000000ea5fd6c8,0x00000000ea600000)
  to   space 14848K, 0% used [0x00000000e8900000,0x00000000e8900000,0x00000000e9780000)
 ParOldGen       total 92160K, used 19503K [0x00000000a0000000, 0x00000000a5a00000, 0x00000000e0000000)
  object space 92160K, 21% used [0x00000000a0000000,0x00000000a130bc40,0x00000000a5a00000)
 Metaspace       used 45059K, capacity 46156K, committed 46336K, reserved 1089536K
  class space    used 6054K, capacity 6350K, committed 6400K, reserved 1048576K
}
Event: 6.160 GC heap before
{Heap before GC invocations=13 (full 2):
 PSYoungGen      total 146944K, used 146933K [0x00000000e0000000, 0x00000000ea600000, 0x0000000100000000)
  eden space 134656K, 100% used [0x00000000e0000000,0x00000000e8380000,0x00000000e8380000)
  from space 12288K, 99% used [0x00000000e9a00000,0x00000000ea5fd6c8,0x00000000ea600000)
  to   space 14848K, 0% used [0x00000000e8900000,0x00000000e8900000,0x00000000e9780000)
 ParOldGen       total 92160K, used 19503K [0x00000000a0000000, 0x00000000a5a00000, 0x00000000e0000000)
  object space 92160K, 21% used [0x00000000a0000000,0x00000000a130bc40,0x00000000a5a00000)
 Metaspace       used 55850K, capacity 57614K, committed 57856K, reserved 1099776K
  class space    used 7695K, capacity 8116K, committed 8192K, reserved 1048576K
Event: 6.179 GC heap after
Heap after GC invocations=13 (full 2):
 PSYoungGen      total 155136K, used 14825K [0x00000000e0000000, 0x00000000ecb00000, 0x0000000100000000)
  eden space 140288K, 0% used [0x00000000e0000000,0x00000000e0000000,0x00000000e8900000)
  from space 14848K, 99% used [0x00000000e8900000,0x00000000e977a6e0,0x00000000e9780000)
  to   space 18944K, 0% used [0x00000000eb880000,0x00000000eb880000,0x00000000ecb00000)
 ParOldGen       total 92160K, used 25539K [0x00000000a0000000, 0x00000000a5a00000, 0x00000000e0000000)
  object space 92160K, 27% used [0x00000000a0000000,0x00000000a18f0fd8,0x00000000a5a00000)
 Metaspace       used 55850K, capacity 57614K, committed 57856K, reserved 1099776K
  class space    used 7695K, capacity 8116K, committed 8192K, reserved 1048576K
}
Event: 6.380 GC heap before
{Heap before GC invocations=14 (full 2):
 PSYoungGen      total 155136K, used 39917K [0x00000000e0000000, 0x00000000ecb00000, 0x0000000100000000)
  eden space 140288K, 17% used [0x00000000e0000000,0x00000000e18810e0,0x00000000e8900000)
  from space 14848K, 99% used [0x00000000e8900000,0x00000000e977a6e0,0x00000000e9780000)
  to   space 18944K, 0% used [0x00000000eb880000,0x00000000eb880000,0x00000000ecb00000)
 ParOldGen       total 92160K, used 25539K [0x00000000a0000000, 0x00000000a5a00000, 0x00000000e0000000)
  object space 92160K, 27% used [0x00000000a0000000,0x00000000a18f0fd8,0x00000000a5a00000)
 Metaspace       used 57028K, capacity 59010K, committed 59096K, reserved 1099776K
  class space    used 7896K, capacity 8384K, committed 8408K, reserved 1048576K
Event: 6.393 GC heap after
Heap after GC invocations=14 (full 2):
 PSYoungGen      total 188928K, used 3384K [0x00000000e0000000, 0x00000000edd00000, 0x0000000100000000)
  eden space 169984K, 0% used [0x00000000e0000000,0x00000000e0000000,0x00000000ea600000)
  from space 18944K, 17% used [0x00000000eb880000,0x00000000ebbce060,0x00000000ecb00000)
  to   space 18944K, 0% used [0x00000000ea600000,0x00000000ea600000,0x00000000eb880000)
 ParOldGen       total 92160K, used 33048K [0x00000000a0000000, 0x00000000a5a00000, 0x00000000e0000000)
  object space 92160K, 35% used [0x00000000a0000000,0x00000000a2046278,0x00000000a5a00000)
 Metaspace       used 57028K, capacity 59010K, committed 59096K, reserved 1099776K
  class space    used 7896K, capacity 8384K, committed 8408K, reserved 1048576K
}
Event: 6.393 GC heap before
{Heap before GC invocations=15 (full 3):
 PSYoungGen      total 188928K, used 3384K [0x00000000e0000000, 0x00000000edd00000, 0x0000000100000000)
  eden space 169984K, 0% used [0x00000000e0000000,0x00000000e0000000,0x00000000ea600000)
  from space 18944K, 17% used [0x00000000eb880000,0x00000000ebbce060,0x00000000ecb00000)
  to   space 18944K, 0% used [0x00000000ea600000,0x00000000ea600000,0x00000000eb880000)
 ParOldGen       total 92160K, used 33048K [0x00000000a0000000, 0x00000000a5a00000, 0x00000000e0000000)
  object space 92160K, 35% used [0x00000000a0000000,0x00000000a2046278,0x00000000a5a00000)
 Metaspace       used 57028K, capacity 59010K, committed 59096K, reserved 1099776K
  class space    used 7896K, capacity 8384K, committed 8408K, reserved 1048576K
Event: 6.588 GC heap after
Heap after GC invocations=15 (full 3):
 PSYoungGen      total 188928K, used 0K [0x00000000e0000000, 0x00000000edd00000, 0x0000000100000000)
  eden space 169984K, 0% used [0x00000000e0000000,0x00000000e0000000,0x00000000ea600000)
  from space 18944K, 0% used [0x00000000eb880000,0x00000000eb880000,0x00000000ecb00000)
  to   space 18944K, 0% used [0x00000000ea600000,0x00000000ea600000,0x00000000eb880000)
 ParOldGen       total 134656K, used 30536K [0x00000000a0000000, 0x00000000a8380000, 0x00000000e0000000)
  object space 134656K, 22% used [0x00000000a0000000,0x00000000a1dd2360,0x00000000a8380000)
 Metaspace       used 56930K, capacity 58740K, committed 59096K, reserved 1099776K
  class space    used 7868K, capacity 8333K, committed 8408K, reserved 1048576K
}
Event: 7.545 GC heap before
{Heap before GC invocations=16 (full 3):
 PSYoungGen      total 188928K, used 169984K [0x00000000e0000000, 0x00000000edd00000, 0x0000000100000000)
  eden space 169984K, 100% used [0x00000000e0000000,0x00000000ea600000,0x00000000ea600000)
  from space 18944K, 0% used [0x00000000eb880000,0x00000000eb880000,0x00000000ecb00000)
  to   space 18944K, 0% used [0x00000000ea600000,0x00000000ea600000,0x00000000eb880000)
 ParOldGen       total 134656K, used 30536K [0x00000000a0000000, 0x00000000a8380000, 0x00000000e0000000)
  object space 134656K, 22% used [0x00000000a0000000,0x00000000a1dd2360,0x00000000a8380000)
 Metaspace       used 62481K, capacity 65368K, committed 65624K, reserved 1105920K
  class space    used 8675K, capacity 9273K, committed 9304K, reserved 1048576K
Event: 7.562 GC heap after
Heap after GC invocations=16 (full 3):
 PSYoungGen      total 188928K, used 18928K [0x00000000e0000000, 0x00000000efa80000, 0x0000000100000000)
  eden space 169984K, 0% used [0x00000000e0000000,0x00000000e0000000,0x00000000ea600000)
  from space 18944K, 99% used [0x00000000ea600000,0x00000000eb87c2f8,0x00000000eb880000)
  to   space 23040K, 0% used [0x00000000ee400000,0x00000000ee400000,0x00000000efa80000)
 ParOldGen       total 134656K, used 34097K [0x00000000a0000000, 0x00000000a8380000, 0x00000000e0000000)
  object space 134656K, 25% used [0x00000000a0000000,0x00000000a214c720,0x00000000a8380000)
 Metaspace       used 62481K, capacity 65368K, committed 65624K, reserved 1105920K
  class space    used 8675K, capacity 9273K, committed 9304K, reserved 1048576K
}

Deoptimization events (10 events):
Event: 7.458 Thread 0x000000001ad2f000 Uncommon trap: reason=unstable_if action=reinterpret pc=0x00000000035a07f4 method=java.util.TreeMap.put(Ljava/lang/Object;Ljava/lang/Object;)Ljava/lang/Object; @ 163
Event: 7.485 Thread 0x000000002059f800 Uncommon trap: reason=unstable_if action=reinterpret pc=0x0000000002e0b760 method=java.nio.Bits.putInt(Ljava/nio/ByteBuffer;IIZ)V @ 1
Event: 7.505 Thread 0x00000000205a2800 Uncommon trap: reason=unstable_if action=reinterpret pc=0x0000000003bc4380 method=com.android.tools.r8.utils.O.d(I)Z @ 3
Event: 7.512 Thread 0x00000000220e4800 Uncommon trap: reason=bimorphic action=maybe_recompile pc=0x0000000002d1d300 method=java.util.regex.Pattern$Slice.match(Ljava/util/regex/Matcher;ILjava/lang/CharSequence;)Z @ 75
Event: 7.512 Thread 0x00000000220e4800 Uncommon trap: reason=bimorphic action=maybe_recompile pc=0x0000000002d1d300 method=java.util.regex.Pattern$Slice.match(Ljava/util/regex/Matcher;ILjava/lang/CharSequence;)Z @ 75
Event: 7.512 Thread 0x00000000220e4800 Uncommon trap: reason=unstable_if action=reinterpret pc=0x0000000002d1d2c8 method=java.util.regex.Matcher.match(II)Z @ 30
Event: 7.512 Thread 0x00000000220e4800 Uncommon trap: reason=unstable_if action=reinterpret pc=0x0000000003078ea0 method=java.util.regex.Pattern$LastNode.match(Ljava/util/regex/Matcher;ILjava/lang/CharSequence;)Z @ 13
Event: 7.513 Thread 0x00000000220e4800 Uncommon trap: reason=unstable_if action=reinterpret pc=0x00000000035c2214 method=java.util.regex.Pattern.newSlice([IIZ)Ljava/util/regex/Pattern$Node; @ 10
Event: 7.539 Thread 0x00000000220e4800 Uncommon trap: reason=unstable_if action=reinterpret pc=0x0000000002d55ed4 method=java.nio.Bits.getShort(Ljava/nio/ByteBuffer;IZ)S @ 1
Event: 7.574 Thread 0x0000000016602000 Uncommon trap: reason=unstable_if action=reinterpret pc=0x0000000002cc2c20 method=java.util.WeakHashMap.expungeStaleEntries()V @ 66

Classes redefined (0 events):
No events

Internal exceptions (10 events):
Event: 7.373 Thread 0x00000000205a5000 Exception <a 'sun/nio/fs/WindowsException'> (0x00000000e7aeeca0) thrown at [D:\src\AOSP-openjdk-cygwin\jdk8u\hotspot\src\share\vm\prims\jni.cpp, line 710]
Event: 7.448 Thread 0x00000000205a2800 Exception <a 'java/lang/NoSuchMethodError': java.lang.Object.lambda$identity$2(Ljava/lang/Object;)Ljava/lang/Object;> (0x00000000e8453db8) thrown at [D:\src\AOSP-openjdk-cygwin\jdk8u\hotspot\src\share\vm\interpreter\linkResolver.cpp, line 620]
Event: 7.448 Thread 0x000000002059f800 Exception <a 'java/lang/NoSuchMethodError': java.lang.Object.lambda$identity$2(Ljava/lang/Object;)Ljava/lang/Object;> (0x00000000e8883f78) thrown at [D:\src\AOSP-openjdk-cygwin\jdk8u\hotspot\src\share\vm\interpreter\linkResolver.cpp, line 620]
Event: 7.460 Thread 0x00000000220e6000 Exception <a 'sun/nio/fs/WindowsException'> (0x00000000e910c330) thrown at [D:\src\AOSP-openjdk-cygwin\jdk8u\hotspot\src\share\vm\prims\jni.cpp, line 710]
Event: 7.461 Thread 0x000000001ad2f000 Exception <a 'java/lang/NoSuchMethodError': <clinit>> (0x00000000e8186720) thrown at [D:\src\AOSP-openjdk-cygwin\jdk8u\hotspot\src\share\vm\prims\jni.cpp, line 1614]
Event: 7.462 Thread 0x000000001ad2f000 Exception <a 'java/lang/NoSuchMethodError': <clinit>> (0x00000000e928d838) thrown at [D:\src\AOSP-openjdk-cygwin\jdk8u\hotspot\src\share\vm\prims\jni.cpp, line 1614]
Event: 7.464 Thread 0x00000000205a4000 Exception <a 'sun/nio/fs/WindowsException'> (0x00000000e95e3880) thrown at [D:\src\AOSP-openjdk-cygwin\jdk8u\hotspot\src\share\vm\prims\jni.cpp, line 710]
Event: 7.474 Thread 0x000000001ad2f000 Exception <a 'java/lang/NoSuchMethodError': <clinit>> (0x00000000e92f0100) thrown at [D:\src\AOSP-openjdk-cygwin\jdk8u\hotspot\src\share\vm\prims\jni.cpp, line 1614]
Event: 7.498 Thread 0x00000000220e4800 Exception <a 'java/lang/NoSuchMethodError': java.lang.Object.lambda$asRunnable$0(Lcom/android/tools/build/apkzlib/utils/IOExceptionRunnable;)V> (0x00000000e9999080) thrown at [D:\src\AOSP-openjdk-cygwin\jdk8u\hotspot\src\share\vm\interpreter\linkResolver.
Event: 7.595 Thread 0x00000000220e4800 Exception <a 'java/lang/NoSuchMethodError': java.lang.Object.newSystemTemporaryDirectory()Lcom/android/tools/build/apkzlib/bytestorage/TemporaryDirectory;> (0x00000000e0d621f8) thrown at [D:\src\AOSP-openjdk-cygwin\jdk8u\hotspot\src\share\vm\interpreter\l

Events (10 events):
Event: 7.601 loading class com/android/tools/r8/r/n/b
Event: 7.601 loading class com/android/tools/r8/r/n/b done
Event: 7.601 loading class com/android/tools/r8/r/n/c
Event: 7.601 loading class com/android/tools/r8/r/n/c done
Event: 7.604 Thread 0x00000000205a4000 DEOPT PACKING pc=0x0000000003c396aa sp=0x000000002504ad00
Event: 7.604 Thread 0x00000000205a4000 DEOPT UNPACKING pc=0x00000000028875d0 sp=0x000000002504aa88 mode 0
Event: 7.604 loading class com/android/tools/r8/r/n/I
Event: 7.604 loading class com/android/tools/r8/r/n/I done
Event: 7.604 loading class com/android/tools/r8/u/c/h
Event: 7.604 loading class com/android/tools/r8/u/c/h done


Dynamic libraries:
0x00007ff65f120000 - 0x00007ff65f151000 	C:\Program Files\Android\Android Studio\jre\bin\java.exe
0x00007ff867440000 - 0x00007ff867630000 	C:\Windows\SYSTEM32\ntdll.dll
0x00007ff866030000 - 0x00007ff8660e2000 	C:\Windows\System32\KERNEL32.DLL
0x00007ff8645d0000 - 0x00007ff864873000 	C:\Windows\System32\KERNELBASE.dll
0x00007ff865990000 - 0x00007ff865a33000 	C:\Windows\System32\ADVAPI32.dll
0x00007ff8663e0000 - 0x00007ff86647e000 	C:\Windows\System32\msvcrt.dll
0x00007ff866170000 - 0x00007ff866207000 	C:\Windows\System32\sechost.dll
0x00007ff867050000 - 0x00007ff867170000 	C:\Windows\System32\RPCRT4.dll
0x00007ff866240000 - 0x00007ff8663d4000 	C:\Windows\System32\USER32.dll
0x00007ff8654c0000 - 0x00007ff8654e1000 	C:\Windows\System32\win32u.dll
0x00007ff866210000 - 0x00007ff866236000 	C:\Windows\System32\GDI32.dll
0x00007ff865320000 - 0x00007ff8654b4000 	C:\Windows\System32\gdi32full.dll
0x00007ff864420000 - 0x00007ff8644be000 	C:\Windows\System32\msvcp_win.dll
0x00007ff864aa0000 - 0x00007ff864b9a000 	C:\Windows\System32\ucrtbase.dll
0x00007ff854d50000 - 0x00007ff854fd5000 	C:\Windows\WinSxS\amd64_microsoft.windows.common-controls_6595b64144ccf1df_6.0.18362.720_none_e6beb5c51314836b\COMCTL32.dll
0x00007ff865aa0000 - 0x00007ff865dd6000 	C:\Windows\System32\combase.dll
0x00007ff864a20000 - 0x00007ff864aa0000 	C:\Windows\System32\bcryptPrimitives.dll
0x00007ff8654f0000 - 0x00007ff86551e000 	C:\Windows\System32\IMM32.DLL
0x0000000062380000 - 0x0000000062452000 	C:\Program Files\Android\Android Studio\jre\jre\bin\msvcr100.dll
0x0000000060960000 - 0x00000000611a6000 	C:\Program Files\Android\Android Studio\jre\jre\bin\server\jvm.dll
0x00007ff866580000 - 0x00007ff866588000 	C:\Windows\System32\PSAPI.DLL
0x00007ff85ec30000 - 0x00007ff85ec39000 	C:\Windows\SYSTEM32\WSOCK32.dll
0x00007ff861f20000 - 0x00007ff861f44000 	C:\Windows\SYSTEM32\WINMM.dll
0x00007ff85d890000 - 0x00007ff85d89a000 	C:\Windows\SYSTEM32\VERSION.dll
0x00007ff866510000 - 0x00007ff86657f000 	C:\Windows\System32\WS2_32.dll
0x00007ff861ef0000 - 0x00007ff861f1d000 	C:\Windows\SYSTEM32\WINMMBASE.dll
0x00007ff8649d0000 - 0x00007ff864a1a000 	C:\Windows\System32\cfgmgr32.dll
0x00007ff85a2c0000 - 0x00007ff85a2cf000 	C:\Program Files\Android\Android Studio\jre\jre\bin\verify.dll
0x00007ff8582d0000 - 0x00007ff8582f9000 	C:\Program Files\Android\Android Studio\jre\jre\bin\java.dll
0x00007ff85a160000 - 0x00007ff85a176000 	C:\Program Files\Android\Android Studio\jre\jre\bin\zip.dll
0x00007ff866590000 - 0x00007ff866c75000 	C:\Windows\System32\SHELL32.dll
0x00007ff865de0000 - 0x00007ff865e89000 	C:\Windows\System32\shcore.dll
0x00007ff864ba0000 - 0x00007ff865320000 	C:\Windows\System32\windows.storage.dll
0x00007ff864350000 - 0x00007ff864373000 	C:\Windows\System32\profapi.dll
0x00007ff864380000 - 0x00007ff8643ca000 	C:\Windows\System32\powrprof.dll
0x00007ff864300000 - 0x00007ff864310000 	C:\Windows\System32\UMPDC.dll
0x00007ff865fd0000 - 0x00007ff866022000 	C:\Windows\System32\shlwapi.dll
0x00007ff864330000 - 0x00007ff864341000 	C:\Windows\System32\kernel.appcore.dll
0x00007ff864400000 - 0x00007ff864417000 	C:\Windows\System32\cryptsp.dll
0x00007ff858180000 - 0x00007ff85819a000 	C:\Program Files\Android\Android Studio\jre\jre\bin\net.dll
0x00007ff852700000 - 0x00007ff8528d5000 	C:\Windows\SYSTEM32\urlmon.dll
0x00007ff8535b0000 - 0x00007ff853856000 	C:\Windows\SYSTEM32\iertutil.dll
0x00007ff863ce0000 - 0x00007ff863cec000 	C:\Windows\SYSTEM32\CRYPTBASE.DLL
0x00007ff863b10000 - 0x00007ff863b77000 	C:\Windows\system32\mswsock.dll
0x00007ff8567a0000 - 0x00007ff8567b3000 	C:\Program Files\Android\Android Studio\jre\jre\bin\nio.dll
0x00007ff859ab0000 - 0x00007ff859ad6000 	C:\Users\1920\.gradle\native\30\windows-amd64\native-platform.dll
0x00007ff859a90000 - 0x00007ff859a9d000 	C:\Program Files\Android\Android Studio\jre\jre\bin\management.dll
0x00007ff863680000 - 0x00007ff8636b3000 	C:\Windows\system32\rsaenh.dll
0x00007ff8643d0000 - 0x00007ff8643f6000 	C:\Windows\System32\bcrypt.dll
0x00007ff864220000 - 0x00007ff864245000 	C:\Windows\SYSTEM32\USERENV.dll
0x00007ff863820000 - 0x00007ff86385a000 	C:\Windows\SYSTEM32\IPHLPAPI.DLL
0x00007ff867190000 - 0x00007ff867198000 	C:\Windows\System32\NSI.dll
0x00007ff859f80000 - 0x00007ff859f96000 	C:\Windows\SYSTEM32\dhcpcsvc6.DLL
0x00007ff859f60000 - 0x00007ff859f7c000 	C:\Windows\SYSTEM32\dhcpcsvc.DLL
0x00007ff863860000 - 0x00007ff86392a000 	C:\Windows\SYSTEM32\DNSAPI.dll

VM Arguments:
jvm_args: -Xmx1536m -Dfile.encoding=windows-1252 -Duser.country=US -Duser.language=en -Duser.variant 
java_command: org.gradle.launcher.daemon.bootstrap.GradleDaemon 5.6.4
java_class_path (initial): C:\Users\1920\.gradle\wrapper\dists\gradle-5.6.4-all\ankdp27end7byghfw1q2sw75f\gradle-5.6.4\lib\gradle-launcher-5.6.4.jar
Launcher Type: SUN_STANDARD

Environment Variables:
JAVA_HOME=C:\Program Files\Java\jdk1.8.0_221
PATH=C:\Program Files (x86)\Common Files\Oracle\Java\javapath;C:\Windows\system32;C:\Windows;C:\Windows\System32\Wbem;C:\Windows\System32\WindowsPowerShell\v1.0\;C:\Windows\System32\OpenSSH\;C:\Program Files\NVIDIA Corporation\NVIDIA NvDLISR;C:\Program Files (x86)\NVIDIA Corporation\PhysX\Common;C:\Program Files\Java\jdk-12.0.2\bin;C:\Program Files\Microsoft SQL Server\Client SDK\ODBC\130\Tools\Binn\;C:\Program Files (x86)\Microsoft SQL Server\140\Tools\Binn\;C:\Program Files\Microsoft SQL Server\140\Tools\Binn\;C:\Program Files\Microsoft SQL Server\140\DTS\Binn\;C:\Program Files (x86)\Microsoft SQL Server\150\DTS\Binn\;C:\Users\1920\AppData\Local\Programs\Python\Python37-32\Scripts;C:\Users\1920\AppData\Local\Programs\Python\Python37-32;C:\Program Files\Git\cmd;C:\Program Files\nodejs\;C:\Program Files (x86)\Brackets\command;C:\Windows\system32\config\systemprofile\.dnx\bin;C:\Program Files\Microsoft DNX\Dnvm\;C:\Program Files\Microsoft SQL Server\130\Tools\Binn\;C:\Program Files (x86)\Windows Kits\8.1\Windows Performance Toolkit\;C:\Program Files\Java\jdk1.8.0_221\bin;C:\Users\1920\AppData\Local\GitHubDesktop\bin;C:\Users\1920\AppData\Roaming\npm;C:\Users\1920\AppData\Local\Programs\Microsoft VS Code\bin;C:\MinGW\bin;
USERNAME=1920
OS=Windows_NT
PROCESSOR_IDENTIFIER=Intel64 Family 6 Model 158 Stepping 10, GenuineIntel



---------------  S Y S T E M  ---------------

OS: Windows 10.0 , 64 bit Build 18362 (10.0.18362.329)

CPU:total 8 (initial active 8) (4 cores per cpu, 2 threads per core) family 6 model 158 stepping 10, cmov, cx8, fxsr, mmx, sse, sse2, sse3, ssse3, sse4.1, sse4.2, popcnt, avx, avx2, aes, clmul, erms, 3dnowpref, lzcnt, ht, tsc, tscinvbit, bmi1, bmi2, adx

Memory: 4k page, physical 8259796k(604252k free), swap 12454100k(5184k free)

vm_info: OpenJDK 64-Bit Server VM (25.212-b04) for windows-amd64 JRE (1.8.0_212-release-1586-b04), built by "builder" with MS VC++ 10.0 (VS2010)

time: Wed Apr 15 20:23:04 2020
timezone: SE Asia Standard Time
elapsed time: 7 seconds (0d 0h 0m 7s)

