#
# There is insufficient memory for the Java Runtime Environment to continue.
# Native memory allocation (malloc) failed to allocate 1495376 bytes for Chunk::new
# Possible reasons:
#   The system is out of physical RAM or swap space
#   The process is running with CompressedOops enabled, and the Java Heap may be blocking the growth of the native heap
# Possible solutions:
#   Reduce memory load on the system
#   Increase physical memory or swap space
#   Check if swap backing store is full
#   Decrease Java heap size (-Xmx/-Xms)
#   Decrease number of Java threads
#   Decrease Java thread stack sizes (-Xss)
#   Set larger code cache with -XX:ReservedCodeCacheSize=
#   JVM is running with Unscaled Compressed Oops mode in which the Java heap is
#     placed in the first 4GB address space. The Java Heap base address is the
#     maximum limit for the native heap growth. Please use -XX:HeapBaseMinAddress
#     to set the Java Heap base and to place the Java Heap above 4GB virtual address.
# This output file may be truncated or incomplete.
#
#  Out of Memory Error (allocation.cpp:389), pid=12684, tid=0x0000000000003178
#
# JRE version: OpenJDK Runtime Environment (8.0_212-b04) (build 1.8.0_212-release-1586-b04)
# Java VM: OpenJDK 64-Bit Server VM (25.212-b04 mixed mode windows-amd64 compressed oops)
# Failed to write core dump. Minidumps are not enabled by default on client versions of Windows
#

---------------  T H R E A D  ---------------

Current thread (0x0000000018e1d000):  JavaThread "C2 CompilerThread0" daemon [_thread_in_native, id=12664, stack(0x00000000196f0000,0x00000000197f0000)]

Stack: [0x00000000196f0000,0x00000000197f0000]
[error occurred during error reporting (printing stack bounds), id 0xc0000005]

Native frames: (J=compiled Java code, j=interpreted, Vv=VM code, C=native code)


Current CompileTask:
C2:2744919 19637       4       com.android.tools.r8.u.c.o::a (1157 bytes)


---------------  P R O C E S S  ---------------

Java Threads: ( => current thread )
  0x000000001f1aa000 JavaThread "ForkJoinPool.commonPool-worker-7" daemon [_thread_blocked, id=8016, stack(0x000000002e750000,0x000000002e850000)]
  0x000000001f1a5800 JavaThread "ForkJoinPool.commonPool-worker-6" daemon [_thread_blocked, id=20512, stack(0x000000002e650000,0x000000002e750000)]
  0x000000001f1a6000 JavaThread "ForkJoinPool.commonPool-worker-5" daemon [_thread_blocked, id=14596, stack(0x000000002e550000,0x000000002e650000)]
  0x000000001f1a7800 JavaThread "ForkJoinPool.commonPool-worker-4" daemon [_thread_blocked, id=16604, stack(0x000000002e450000,0x000000002e550000)]
  0x000000001f1ab000 JavaThread "ForkJoinPool.commonPool-worker-3" daemon [_thread_blocked, id=12720, stack(0x000000002e350000,0x000000002e450000)]
  0x000000001f1a7000 JavaThread "ForkJoinPool.commonPool-worker-2" daemon [_thread_blocked, id=10828, stack(0x000000002e250000,0x000000002e350000)]
  0x000000001f1ab800 JavaThread "ForkJoinPool.commonPool-worker-1" daemon [_thread_blocked, id=14956, stack(0x000000002e150000,0x000000002e250000)]
  0x000000001f063000 JavaThread "WorkerExecutor Queue Thread 9" [_thread_blocked, id=11700, stack(0x000000002b4f0000,0x000000002b5f0000)]
  0x0000000020cbf000 JavaThread "Cache worker for Java compile cache (E:\Diep\ky2_nam3\android\BT_TUAN6\.gradle\5.6.4\javaCompile)" [_thread_blocked, id=18740, stack(0x000000002b1f0000,0x000000002b2f0000)]
  0x0000000020cb1000 JavaThread "Cache worker for Java compile cache (C:\Users\1920\.gradle\caches\5.6.4\javaCompile)" [_thread_blocked, id=21472, stack(0x000000002a950000,0x000000002aa50000)]
  0x0000000020cbc800 JavaThread "stdout" [_thread_in_native, id=4148, stack(0x0000000029880000,0x0000000029980000)]
  0x0000000020cb5000 JavaThread "stderr" [_thread_in_native, id=6480, stack(0x0000000029780000,0x0000000029880000)]
  0x0000000020cbc000 JavaThread "stdout" [_thread_in_native, id=14368, stack(0x0000000029680000,0x0000000029780000)]
  0x0000000020cb4800 JavaThread "stderr" [_thread_in_native, id=17460, stack(0x0000000029580000,0x0000000029680000)]
  0x0000000020cbb000 JavaThread "stdout" [_thread_in_native, id=21912, stack(0x0000000029480000,0x0000000029580000)]
  0x0000000020cba800 JavaThread "stderr" [_thread_in_native, id=6552, stack(0x0000000029380000,0x0000000029480000)]
  0x0000000020cb9800 JavaThread "stdout" [_thread_in_native, id=22004, stack(0x0000000029280000,0x0000000029380000)]
  0x0000000020cb6000 JavaThread "stderr" [_thread_in_native, id=10852, stack(0x0000000029180000,0x0000000029280000)]
  0x0000000020cb3800 JavaThread "stdout" [_thread_in_native, id=20564, stack(0x0000000029080000,0x0000000029180000)]
  0x0000000020cb9000 JavaThread "stderr" [_thread_in_native, id=7892, stack(0x0000000028f80000,0x0000000029080000)]
  0x0000000020cb3000 JavaThread "MarlinRenderer Disposer" daemon [_thread_blocked, id=18524, stack(0x0000000028c80000,0x0000000028d80000)]
  0x0000000020cb7800 JavaThread "Java2D Disposer" daemon [_thread_blocked, id=980, stack(0x0000000028af0000,0x0000000028bf0000)]
  0x0000000020cb8000 JavaThread "WorkerExecutor Queue Thread 7" [_thread_blocked, id=18580, stack(0x00000000285f0000,0x00000000286f0000)]
  0x000000001f065000 JavaThread "WorkerExecutor Queue Thread 6" [_thread_blocked, id=18104, stack(0x00000000284f0000,0x00000000285f0000)]
  0x000000001f064800 JavaThread "WorkerExecutor Queue Thread 4" [_thread_blocked, id=16556, stack(0x00000000282f0000,0x00000000283f0000)]
  0x000000001f061800 JavaThread "WorkerExecutor Queue Thread 3" [_thread_blocked, id=19976, stack(0x00000000281f0000,0x00000000282f0000)]
  0x000000001f068000 JavaThread "WorkerExecutor Queue Thread 2" [_thread_blocked, id=13360, stack(0x00000000280f0000,0x00000000281f0000)]
  0x000000001f063800 JavaThread "WorkerExecutor Queue" [_thread_blocked, id=20796, stack(0x0000000027ff0000,0x00000000280f0000)]
  0x000000001f05b800 JavaThread "stdout" [_thread_in_native, id=4080, stack(0x0000000027ef0000,0x0000000027ff0000)]
  0x000000001f05d800 JavaThread "stderr" [_thread_in_native, id=15740, stack(0x0000000027df0000,0x0000000027ef0000)]
  0x00000000212c1000 JavaThread "stdout" [_thread_in_native, id=14856, stack(0x0000000027cf0000,0x0000000027df0000)]
  0x00000000212c3800 JavaThread "stderr" [_thread_in_native, id=21220, stack(0x0000000027bf0000,0x0000000027cf0000)]
  0x00000000212c5000 JavaThread "pool-23-thread-1" [_thread_blocked, id=16996, stack(0x0000000027af0000,0x0000000027bf0000)]
  0x00000000212bc000 JavaThread "Cache worker for execution history cache (E:\Diep\ky2_nam3\android\BT_TUAN6\.gradle\5.6.4\executionHistory)" [_thread_blocked, id=15908, stack(0x00000000272f0000,0x00000000273f0000)]
  0x00000000212bf000 JavaThread "Execution worker for ':' Thread 7" [_thread_in_vm, id=4960, stack(0x00000000271f0000,0x00000000272f0000)]
  0x00000000212c0800 JavaThread "Execution worker for ':' Thread 6" [_thread_in_Java, id=10292, stack(0x0000000026ef0000,0x0000000026ff0000)]
  0x00000000212be000 JavaThread "Execution worker for ':' Thread 5" [_thread_in_Java, id=18548, stack(0x0000000026df0000,0x0000000026ef0000)]
  0x00000000212b6800 JavaThread "Execution worker for ':' Thread 4" [_thread_blocked, id=2320, stack(0x0000000025b20000,0x0000000025c20000)]
  0x00000000212b9800 JavaThread "Execution worker for ':' Thread 3" [_thread_in_Java, id=3428, stack(0x0000000025a20000,0x0000000025b20000)]
  0x00000000212bd800 JavaThread "Execution worker for ':' Thread 2" [_thread_in_Java, id=7848, stack(0x0000000025920000,0x0000000025a20000)]
  0x00000000212b6000 JavaThread "Execution worker for ':'" [_thread_in_Java, id=13840, stack(0x0000000025820000,0x0000000025920000)]
  0x00000000212b7800 JavaThread "Cache worker for file content cache (E:\Diep\ky2_nam3\android\BT_TUAN6\.gradle\5.6.4\fileContent)" [_thread_blocked, id=15508, stack(0x00000000250f0000,0x00000000251f0000)]
  0x00000000212b9000 JavaThread "Cache worker for Build Output Cleanup Cache (E:\Diep\ky2_nam3\android\BT_TUAN6\.gradle\buildOutputCleanup)" [_thread_blocked, id=16940, stack(0x0000000024ff0000,0x00000000250f0000)]
  0x0000000022666000 JavaThread "pool-18-thread-1" [_thread_blocked, id=8620, stack(0x0000000023e60000,0x0000000023f60000)]
  0x0000000022665800 JavaThread "Build operations Thread 8" [_thread_blocked, id=21904, stack(0x0000000023d60000,0x0000000023e60000)]
  0x0000000022664000 JavaThread "Build operations Thread 7" [_thread_blocked, id=6884, stack(0x0000000023860000,0x0000000023960000)]
  0x0000000022662800 JavaThread "Build operations Thread 6" [_thread_blocked, id=12540, stack(0x0000000023760000,0x0000000023860000)]
  0x0000000022661800 JavaThread "Build operations Thread 5" [_thread_blocked, id=11668, stack(0x0000000023660000,0x0000000023760000)]
  0x0000000022661000 JavaThread "Build operations Thread 4" [_thread_blocked, id=988, stack(0x0000000023560000,0x0000000023660000)]
  0x0000000022664800 JavaThread "Build operations Thread 3" [_thread_blocked, id=5888, stack(0x0000000023460000,0x0000000023560000)]
  0x0000000022663000 JavaThread "Build operations Thread 2" [_thread_blocked, id=21996, stack(0x0000000023360000,0x0000000023460000)]
  0x0000000022658800 JavaThread "Build operations" [_thread_blocked, id=14416, stack(0x0000000022fc0000,0x00000000230c0000)]
  0x000000002265f800 JavaThread "Cache worker for cache directory md-rule (C:\Users\1920\.gradle\caches\5.6.4\md-rule)" [_thread_blocked, id=7516, stack(0x0000000022c80000,0x0000000022d80000)]
  0x0000000022659800 JavaThread "Cache worker for cache directory md-supplier (C:\Users\1920\.gradle\caches\5.6.4\md-supplier)" [_thread_blocked, id=21820, stack(0x000000001eee0000,0x000000001efe0000)]
  0x0000000022658000 JavaThread "Cache worker for file hash cache (E:\Diep\ky2_nam3\android\BT_TUAN6\.gradle\5.6.4\fileHashes)" [_thread_blocked, id=16436, stack(0x000000001d410000,0x000000001d510000)]
  0x000000002265e800 JavaThread "Thread-456" [_thread_blocked, id=9264, stack(0x000000001d310000,0x000000001d410000)]
  0x000000002265b000 JavaThread "Stdin handler" [_thread_blocked, id=21000, stack(0x000000001d210000,0x000000001d310000)]
  0x000000002265a000 JavaThread "Asynchronous log dispatcher for DefaultDaemonConnection: socket connection from /127.0.0.1:49382 to /127.0.0.1:50462" [_thread_blocked, id=15048, stack(0x000000001cf10000,0x000000001d010000)]
  0x000000002265c800 JavaThread "Daemon worker Thread 8" [_thread_in_native, id=6596, stack(0x000000001ce10000,0x000000001cf10000)]
  0x0000000022657000 JavaThread "Cancel handler" [_thread_blocked, id=15824, stack(0x00000000016a0000,0x00000000017a0000)]
  0x000000002265e000 JavaThread "Handler for socket connection from /127.0.0.1:49382 to /127.0.0.1:50462" [_thread_in_native, id=6156, stack(0x00000000015a0000,0x00000000016a0000)]
  0x000000002265d000 JavaThread "Daemon Thread 8" [_thread_blocked, id=20472, stack(0x00000000014a0000,0x00000000015a0000)]
  0x00000000212bf800 JavaThread "Cache worker for file content cache (C:\Users\1920\.gradle\caches\5.6.4\fileContent)" [_thread_blocked, id=16144, stack(0x0000000024af0000,0x0000000024bf0000)]
  0x00000000212c2800 JavaThread "Memory manager" [_thread_blocked, id=13708, stack(0x00000000249f0000,0x0000000024af0000)]
  0x00000000212bc800 JavaThread "Cache worker for execution history cache (C:\Users\1920\.gradle\caches\5.6.4\executionHistory)" [_thread_blocked, id=20076, stack(0x00000000207b0000,0x00000000208b0000)]
  0x0000000018e35000 JavaThread "Cache worker for journal cache (C:\Users\1920\.gradle\caches\journal-1)" [_thread_blocked, id=10724, stack(0x000000001dc10000,0x000000001dd10000)]
  0x0000000018e34000 JavaThread "File lock request listener" [_thread_in_native, id=5232, stack(0x000000001db10000,0x000000001dc10000)]
  0x0000000018e33000 JavaThread "Cache worker for file hash cache (C:\Users\1920\.gradle\caches\5.6.4\fileHashes)" [_thread_blocked, id=18512, stack(0x000000001d810000,0x000000001d910000)]
  0x000000001b798000 JavaThread "Daemon periodic checks" [_thread_blocked, id=6860, stack(0x000000001cd10000,0x000000001ce10000)]
  0x000000001b7a5800 JavaThread "Incoming local TCP Connector on port 49382" [_thread_in_native, id=18684, stack(0x000000001cad0000,0x000000001cbd0000)]
  0x0000000019dc2800 JavaThread "Daemon health stats" [_thread_blocked, id=16756, stack(0x000000001c490000,0x000000001c590000)]
  0x0000000018ec7000 JavaThread "Service Thread" daemon [_thread_blocked, id=4684, stack(0x0000000019af0000,0x0000000019bf0000)]
  0x0000000018e38800 JavaThread "C1 CompilerThread3" daemon [_thread_in_vm, id=15760, stack(0x00000000199f0000,0x0000000019af0000)]
  0x0000000018e23800 JavaThread "C2 CompilerThread2" daemon [_thread_in_native, id=19108, stack(0x00000000198f0000,0x00000000199f0000)]
  0x0000000018e1f000 JavaThread "C2 CompilerThread1" daemon [_thread_blocked, id=8652, stack(0x00000000197f0000,0x00000000198f0000)]
=>0x0000000018e1d000 JavaThread "C2 CompilerThread0" daemon [_thread_in_native, id=12664, stack(0x00000000196f0000,0x00000000197f0000)]
  0x0000000018e18000 JavaThread "Attach Listener" daemon [_thread_blocked, id=12344, stack(0x00000000195f0000,0x00000000196f0000)]
  0x0000000018e17000 JavaThread "Signal Dispatcher" daemon [_thread_blocked, id=15468, stack(0x00000000194f0000,0x00000000195f0000)]
  0x0000000003259800 JavaThread "Finalizer" daemon [_thread_blocked, id=13852, stack(0x00000000192f0000,0x00000000193f0000)]
  0x000000001701c000 JavaThread "Reference Handler" daemon [_thread_blocked, id=1536, stack(0x00000000191f0000,0x00000000192f0000)]
  0x0000000003162800 JavaThread "main" [_thread_blocked, id=2024, stack(0x0000000003060000,0x0000000003160000)]

Other Threads:
  0x0000000017015800 VMThread [stack: 0x0000000018cf0000,0x0000000018df0000] [id=14144]
  0x0000000018ec8000 WatcherThread [stack: 0x0000000019bf0000,0x0000000019cf0000] [id=21016]

VM state:not at safepoint (normal execution)

VM Mutex/Monitor currently owned by a thread: None

heap address: 0x00000000a0000000, size: 1536 MB, Compressed Oops mode: 32-bit
Narrow klass base: 0x0000000000000000, Narrow klass shift: 3
Compressed class space size: 1073741824 Address: 0x0000000100000000

Heap:
 PSYoungGen      total 198656K, used 37348K [0x00000000e0000000, 0x00000000ee300000, 0x0000000100000000)
  eden space 166912K, 12% used [0x00000000e0000000,0x00000000e141a958,0x00000000ea300000)
  from space 31744K, 52% used [0x00000000ec200000,0x00000000ed25ea18,0x00000000ee100000)
  to   space 31744K, 0% used [0x00000000ea300000,0x00000000ea300000,0x00000000ec200000)
 ParOldGen       total 139776K, used 51506K [0x00000000a0000000, 0x00000000a8880000, 0x00000000e0000000)
  object space 139776K, 36% used [0x00000000a0000000,0x00000000a324c9e8,0x00000000a8880000)
 Metaspace       used 95116K, capacity 101154K, committed 101888K, reserved 1138688K
  class space    used 12288K, capacity 13316K, committed 13568K, reserved 1048576K

Card table byte_map: [0x0000000012620000,0x0000000012930000] byte_map_base: 0x0000000012120000

Marking Bits: (ParMarkBitMap*) 0x0000000061129f30
 Begin Bits: [0x0000000013330000, 0x0000000014b30000)
 End Bits:   [0x0000000014b30000, 0x0000000016330000)

Polling page: 0x00000000017e0000

CodeCache: size=245760Kb used=52147Kb max_used=52147Kb free=193612Kb
 bounds [0x0000000003260000, 0x00000000065a0000, 0x0000000012260000]
 total_blobs=17476 nmethods=16468 adapters=919
 compilation: enabled

Compilation events (10 events):
Event: 2744.851 Thread 0x0000000018e38800 nmethod 20148 0x0000000006552950 code [0x0000000006552ac0, 0x0000000006552c78]
Event: 2744.851 Thread 0x0000000018e38800 20149       2       java.util.TreeMap::pollLastEntry (21 bytes)
Event: 2744.851 Thread 0x0000000018e38800 nmethod 20149 0x0000000006552d10 code [0x0000000006552ea0, 0x00000000065531c8]
Event: 2744.851 Thread 0x0000000018e38800 20221       2       java.util.stream.ReferencePipeline$StatefulOp::<init> (29 bytes)
Event: 2744.851 Thread 0x0000000018e38800 nmethod 20221 0x00000000065533d0 code [0x0000000006553540, 0x00000000065536c8]
Event: 2744.851 Thread 0x0000000018e38800 20158       2       com.android.tools.r8.s.a.a.b.a::<init> (21 bytes)
Event: 2744.851 Thread 0x0000000018e38800 nmethod 20158 0x0000000006553790 code [0x0000000006553900, 0x0000000006553b58]
Event: 2744.851 Thread 0x0000000018e38800 20159       2       com.android.tools.r8.s.a.a.b.O2::<init> (5 bytes)
Event: 2744.852 Thread 0x0000000018e38800 nmethod 20159 0x0000000006553cd0 code [0x0000000006553e20, 0x0000000006553f70]
Event: 2744.852 Thread 0x0000000018e38800 20235       2       com.android.tools.r8.u.c.o::a (370 bytes)

GC Heap History (10 events):
Event: 2742.458 GC heap before
{Heap before GC invocations=27 (full 4):
 PSYoungGen      total 179712K, used 19378K [0x00000000e0000000, 0x00000000ee100000, 0x0000000100000000)
  eden space 147968K, 0% used [0x00000000e0000000,0x00000000e0000000,0x00000000e9080000)
  from space 31744K, 61% used [0x00000000e9080000,0x00000000ea36c840,0x00000000eaf80000)
  to   space 31744K, 0% used [0x00000000ec200000,0x00000000ec200000,0x00000000ee100000)
 ParOldGen       total 139776K, used 50733K [0x00000000a0000000, 0x00000000a8880000, 0x00000000e0000000)
  object space 139776K, 36% used [0x00000000a0000000,0x00000000a318b7c8,0x00000000a8880000)
 Metaspace       used 92031K, capacity 98415K, committed 98496K, reserved 1136640K
  class space    used 12036K, capacity 13157K, committed 13184K, reserved 1048576K
Event: 2742.652 GC heap after
Heap after GC invocations=27 (full 4):
 PSYoungGen      total 179712K, used 0K [0x00000000e0000000, 0x00000000ee100000, 0x0000000100000000)
  eden space 147968K, 0% used [0x00000000e0000000,0x00000000e0000000,0x00000000e9080000)
  from space 31744K, 0% used [0x00000000e9080000,0x00000000e9080000,0x00000000eaf80000)
  to   space 31744K, 0% used [0x00000000ec200000,0x00000000ec200000,0x00000000ee100000)
 ParOldGen       total 139776K, used 51474K [0x00000000a0000000, 0x00000000a8880000, 0x00000000e0000000)
  object space 139776K, 36% used [0x00000000a0000000,0x00000000a32449e8,0x00000000a8880000)
 Metaspace       used 91423K, capacity 96874K, committed 98496K, reserved 1136640K
  class space    used 11840K, capacity 12812K, committed 13184K, reserved 1048576K
}
Event: 2743.429 GC heap before
{Heap before GC invocations=28 (full 4):
 PSYoungGen      total 179712K, used 147968K [0x00000000e0000000, 0x00000000ee100000, 0x0000000100000000)
  eden space 147968K, 100% used [0x00000000e0000000,0x00000000e9080000,0x00000000e9080000)
  from space 31744K, 0% used [0x00000000e9080000,0x00000000e9080000,0x00000000eaf80000)
  to   space 31744K, 0% used [0x00000000ec200000,0x00000000ec200000,0x00000000ee100000)
 ParOldGen       total 139776K, used 51474K [0x00000000a0000000, 0x00000000a8880000, 0x00000000e0000000)
  object space 139776K, 36% used [0x00000000a0000000,0x00000000a32449e8,0x00000000a8880000)
 Metaspace       used 94292K, capacity 100252K, committed 100992K, reserved 1138688K
  class space    used 12239K, capacity 13237K, committed 13440K, reserved 1048576K
Event: 2743.439 GC heap after
Heap after GC invocations=28 (full 4):
 PSYoungGen      total 198656K, used 6587K [0x00000000e0000000, 0x00000000ee300000, 0x0000000100000000)
  eden space 166912K, 0% used [0x00000000e0000000,0x00000000e0000000,0x00000000ea300000)
  from space 31744K, 20% used [0x00000000ec200000,0x00000000ec86ef68,0x00000000ee100000)
  to   space 31744K, 0% used [0x00000000ea300000,0x00000000ea300000,0x00000000ec200000)
 ParOldGen       total 139776K, used 51482K [0x00000000a0000000, 0x00000000a8880000, 0x00000000e0000000)
  object space 139776K, 36% used [0x00000000a0000000,0x00000000a32469e8,0x00000000a8880000)
 Metaspace       used 94292K, capacity 100252K, committed 100992K, reserved 1138688K
  class space    used 12239K, capacity 13237K, committed 13440K, reserved 1048576K
}
Event: 2743.875 GC heap before
{Heap before GC invocations=29 (full 4):
 PSYoungGen      total 198656K, used 173499K [0x00000000e0000000, 0x00000000ee300000, 0x0000000100000000)
  eden space 166912K, 100% used [0x00000000e0000000,0x00000000ea300000,0x00000000ea300000)
  from space 31744K, 20% used [0x00000000ec200000,0x00000000ec86ef68,0x00000000ee100000)
  to   space 31744K, 0% used [0x00000000ea300000,0x00000000ea300000,0x00000000ec200000)
 ParOldGen       total 139776K, used 51482K [0x00000000a0000000, 0x00000000a8880000, 0x00000000e0000000)
  object space 139776K, 36% used [0x00000000a0000000,0x00000000a32469e8,0x00000000a8880000)
 Metaspace       used 94455K, capacity 100434K, committed 101376K, reserved 1138688K
  class space    used 12264K, capacity 13274K, committed 13568K, reserved 1048576K
Event: 2743.887 GC heap after
Heap after GC invocations=29 (full 4):
 PSYoungGen      total 198656K, used 14455K [0x00000000e0000000, 0x00000000ee300000, 0x0000000100000000)
  eden space 166912K, 0% used [0x00000000e0000000,0x00000000e0000000,0x00000000ea300000)
  from space 31744K, 45% used [0x00000000ea300000,0x00000000eb11dcd8,0x00000000ec200000)
  to   space 31744K, 0% used [0x00000000ec200000,0x00000000ec200000,0x00000000ee100000)
 ParOldGen       total 139776K, used 51490K [0x00000000a0000000, 0x00000000a8880000, 0x00000000e0000000)
  object space 139776K, 36% used [0x00000000a0000000,0x00000000a32489e8,0x00000000a8880000)
 Metaspace       used 94455K, capacity 100434K, committed 101376K, reserved 1138688K
  class space    used 12264K, capacity 13274K, committed 13568K, reserved 1048576K
}
Event: 2744.262 GC heap before
{Heap before GC invocations=30 (full 4):
 PSYoungGen      total 198656K, used 181367K [0x00000000e0000000, 0x00000000ee300000, 0x0000000100000000)
  eden space 166912K, 100% used [0x00000000e0000000,0x00000000ea300000,0x00000000ea300000)
  from space 31744K, 45% used [0x00000000ea300000,0x00000000eb11dcd8,0x00000000ec200000)
  to   space 31744K, 0% used [0x00000000ec200000,0x00000000ec200000,0x00000000ee100000)
 ParOldGen       total 139776K, used 51490K [0x00000000a0000000, 0x00000000a8880000, 0x00000000e0000000)
  object space 139776K, 36% used [0x00000000a0000000,0x00000000a32489e8,0x00000000a8880000)
 Metaspace       used 94669K, capacity 100666K, committed 101632K, reserved 1138688K
  class space    used 12279K, capacity 13280K, committed 13568K, reserved 1048576K
Event: 2744.288 GC heap after
Heap after GC invocations=30 (full 4):
 PSYoungGen      total 198656K, used 15380K [0x00000000e0000000, 0x00000000ee300000, 0x0000000100000000)
  eden space 166912K, 0% used [0x00000000e0000000,0x00000000e0000000,0x00000000ea300000)
  from space 31744K, 48% used [0x00000000ec200000,0x00000000ed1052d0,0x00000000ee100000)
  to   space 31744K, 0% used [0x00000000ea300000,0x00000000ea300000,0x00000000ec200000)
 ParOldGen       total 139776K, used 51498K [0x00000000a0000000, 0x00000000a8880000, 0x00000000e0000000)
  object space 139776K, 36% used [0x00000000a0000000,0x00000000a324a9e8,0x00000000a8880000)
 Metaspace       used 94669K, capacity 100666K, committed 101632K, reserved 1138688K
  class space    used 12279K, capacity 13280K, committed 13568K, reserved 1048576K
}
Event: 2744.626 GC heap before
{Heap before GC invocations=31 (full 4):
 PSYoungGen      total 198656K, used 182292K [0x00000000e0000000, 0x00000000ee300000, 0x0000000100000000)
  eden space 166912K, 100% used [0x00000000e0000000,0x00000000ea300000,0x00000000ea300000)
  from space 31744K, 48% used [0x00000000ec200000,0x00000000ed1052d0,0x00000000ee100000)
  to   space 31744K, 0% used [0x00000000ea300000,0x00000000ea300000,0x00000000ec200000)
 ParOldGen       total 139776K, used 51498K [0x00000000a0000000, 0x00000000a8880000, 0x00000000e0000000)
  object space 139776K, 36% used [0x00000000a0000000,0x00000000a324a9e8,0x00000000a8880000)
 Metaspace       used 94822K, capacity 100854K, committed 101632K, reserved 1138688K
  class space    used 12287K, capacity 13314K, committed 13568K, reserved 1048576K
Event: 2744.646 GC heap after
Heap after GC invocations=31 (full 4):
 PSYoungGen      total 198656K, used 13813K [0x00000000e0000000, 0x00000000ee300000, 0x0000000100000000)
  eden space 166912K, 0% used [0x00000000e0000000,0x00000000e0000000,0x00000000ea300000)
  from space 31744K, 43% used [0x00000000ea300000,0x00000000eb07d478,0x00000000ec200000)
  to   space 31744K, 0% used [0x00000000ec200000,0x00000000ec200000,0x00000000ee100000)
 ParOldGen       total 139776K, used 51506K [0x00000000a0000000, 0x00000000a8880000, 0x00000000e0000000)
  object space 139776K, 36% used [0x00000000a0000000,0x00000000a324c9e8,0x00000000a8880000)
 Metaspace       used 94822K, capacity 100854K, committed 101632K, reserved 1138688K
  class space    used 12287K, capacity 13314K, committed 13568K, reserved 1048576K
}

Deoptimization events (10 events):
Event: 2744.014 Thread 0x00000000212be000 Uncommon trap: reason=unstable_if action=reinterpret pc=0x0000000005cdf290 method=com.android.tools.r8.ir.regalloc.a.c(I)Lcom/android/tools/r8/ir/regalloc/a; @ 141
Event: 2744.071 Thread 0x00000000212bf000 Uncommon trap: reason=unstable_if action=reinterpret pc=0x0000000004f69528 method=java.util.TimSort.countRunAndMakeAscending([Ljava/lang/Object;IILjava/util/Comparator;)I @ 27
Event: 2744.323 Thread 0x00000000212b6800 Uncommon trap: reason=unstable_if action=reinterpret pc=0x0000000003dea590 method=com.android.tools.r8.ir.regalloc.a.compareTo(Ljava/lang/Object;)I @ 52
Event: 2744.411 Thread 0x00000000212b9800 Uncommon trap: reason=class_check action=maybe_recompile pc=0x0000000005c88dd8 method=com.android.tools.r8.u.a.h.e.b(Lcom/android/tools/r8/u/b/d0;)V @ 142
Event: 2744.425 Thread 0x00000000212b9800 Uncommon trap: reason=class_check action=maybe_recompile pc=0x0000000005c88dd8 method=com.android.tools.r8.u.a.h.e.b(Lcom/android/tools/r8/u/b/d0;)V @ 142
Event: 2744.427 Thread 0x00000000212b9800 Uncommon trap: reason=bimorphic action=maybe_recompile pc=0x0000000005ccadac method=com.android.tools.r8.ir.regalloc.LinearScanRegisterAllocator.a(Lcom/android/tools/r8/u/b/g1;Ljava/util/Collection;)Z @ 1
Event: 2744.427 Thread 0x00000000212b9800 Uncommon trap: reason=bimorphic action=maybe_recompile pc=0x0000000005ccadac method=com.android.tools.r8.ir.regalloc.LinearScanRegisterAllocator.a(Lcom/android/tools/r8/u/b/g1;Ljava/util/Collection;)Z @ 1
Event: 2744.431 Thread 0x00000000212b9800 Uncommon trap: reason=class_check action=maybe_recompile pc=0x0000000005c88dd8 method=com.android.tools.r8.u.a.h.e.b(Lcom/android/tools/r8/u/b/d0;)V @ 142
Event: 2744.431 Thread 0x00000000212b9800 Uncommon trap: reason=class_check action=maybe_recompile pc=0x0000000005c88dd8 method=com.android.tools.r8.u.a.h.e.b(Lcom/android/tools/r8/u/b/d0;)V @ 142
Event: 2744.435 Thread 0x00000000212b9800 Uncommon trap: reason=bimorphic action=maybe_recompile pc=0x0000000005ccadac method=com.android.tools.r8.ir.regalloc.LinearScanRegisterAllocator.a(Lcom/android/tools/r8/u/b/g1;Ljava/util/Collection;)Z @ 1

Classes redefined (0 events):
No events

Internal exceptions (10 events):
Event: 2744.524 Thread 0x00000000212c0800 Exception <a 'sun/nio/fs/WindowsException'> (0x00000000e68613c0) thrown at [D:\src\AOSP-openjdk-cygwin\jdk8u\hotspot\src\share\vm\prims\jni.cpp, line 710]
Event: 2744.526 Thread 0x00000000212b6000 Exception <a 'sun/nio/fs/WindowsException'> (0x00000000e57121e8) thrown at [D:\src\AOSP-openjdk-cygwin\jdk8u\hotspot\src\share\vm\prims\jni.cpp, line 710]
Event: 2744.542 Thread 0x00000000212b6000 Exception <a 'sun/nio/fs/WindowsException'> (0x00000000e7128530) thrown at [D:\src\AOSP-openjdk-cygwin\jdk8u\hotspot\src\share\vm\prims\jni.cpp, line 710]
Event: 2744.574 Thread 0x00000000212b6000 Exception <a 'sun/nio/fs/WindowsException'> (0x00000000e7331a40) thrown at [D:\src\AOSP-openjdk-cygwin\jdk8u\hotspot\src\share\vm\prims\jni.cpp, line 710]
Event: 2744.577 Thread 0x00000000212c0800 Exception <a 'sun/nio/fs/WindowsException'> (0x00000000e814ce10) thrown at [D:\src\AOSP-openjdk-cygwin\jdk8u\hotspot\src\share\vm\prims\jni.cpp, line 710]
Event: 2744.684 Thread 0x00000000212b6000 Exception <a 'sun/nio/fs/WindowsException'> (0x00000000e0fc9a88) thrown at [D:\src\AOSP-openjdk-cygwin\jdk8u\hotspot\src\share\vm\prims\jni.cpp, line 710]
Event: 2744.696 Thread 0x00000000212be000 Exception <a 'sun/nio/fs/WindowsException'> (0x00000000e18539b8) thrown at [D:\src\AOSP-openjdk-cygwin\jdk8u\hotspot\src\share\vm\prims\jni.cpp, line 710]
Event: 2744.723 Thread 0x00000000212b6000 Exception <a 'sun/nio/fs/WindowsException'> (0x00000000e292ba28) thrown at [D:\src\AOSP-openjdk-cygwin\jdk8u\hotspot\src\share\vm\prims\jni.cpp, line 710]
Event: 2744.784 Thread 0x00000000212be000 Exception <a 'sun/nio/fs/WindowsException'> (0x00000000e51f9e80) thrown at [D:\src\AOSP-openjdk-cygwin\jdk8u\hotspot\src\share\vm\prims\jni.cpp, line 710]
Event: 2744.835 Thread 0x000000002265c800 Exception <a 'sun/nio/fs/WindowsException'> (0x00000000e72cb8f0) thrown at [D:\src\AOSP-openjdk-cygwin\jdk8u\hotspot\src\share\vm\prims\jni.cpp, line 710]

Events (10 events):
Event: 2744.703 Thread 0x000000002265c800 DEOPT PACKING pc=0x0000000006458e48 sp=0x000000001cf089a0
Event: 2744.703 Thread 0x000000002265c800 DEOPT UNPACKING pc=0x00000000032a75d0 sp=0x000000001cf08968 mode 0
Event: 2744.812 Executing VM operation: ForceSafepoint
Event: 2744.813 Executing VM operation: ForceSafepoint done
Event: 2744.813 loading class com/android/tools/r8/u/b/d0
Event: 2744.813 loading class com/android/tools/r8/u/b/d0 done
Event: 2744.814 loading class com/android/tools/r8/u/b/d0
Event: 2744.814 loading class com/android/tools/r8/u/b/d0 done
Event: 2744.814 loading class com/android/tools/r8/u/b/d0
Event: 2744.814 loading class com/android/tools/r8/u/b/d0 done


Dynamic libraries:
0x00007ff65f120000 - 0x00007ff65f151000 	C:\Program Files\Android\Android Studio\jre\bin\java.exe
0x00007ff867440000 - 0x00007ff867630000 	C:\Windows\SYSTEM32\ntdll.dll
0x00007ff866030000 - 0x00007ff8660e2000 	C:\Windows\System32\KERNEL32.DLL
0x00007ff8645d0000 - 0x00007ff864873000 	C:\Windows\System32\KERNELBASE.dll
0x00007ff865990000 - 0x00007ff865a33000 	C:\Windows\System32\ADVAPI32.dll
0x00007ff8663e0000 - 0x00007ff86647e000 	C:\Windows\System32\msvcrt.dll
0x00007ff866170000 - 0x00007ff866207000 	C:\Windows\System32\sechost.dll
0x00007ff867050000 - 0x00007ff867170000 	C:\Windows\System32\RPCRT4.dll
0x00007ff866240000 - 0x00007ff8663d4000 	C:\Windows\System32\USER32.dll
0x00007ff8654c0000 - 0x00007ff8654e1000 	C:\Windows\System32\win32u.dll
0x00007ff866210000 - 0x00007ff866236000 	C:\Windows\System32\GDI32.dll
0x00007ff865320000 - 0x00007ff8654b4000 	C:\Windows\System32\gdi32full.dll
0x00007ff864420000 - 0x00007ff8644be000 	C:\Windows\System32\msvcp_win.dll
0x00007ff864aa0000 - 0x00007ff864b9a000 	C:\Windows\System32\ucrtbase.dll
0x00007ff854d50000 - 0x00007ff854fd5000 	C:\Windows\WinSxS\amd64_microsoft.windows.common-controls_6595b64144ccf1df_6.0.18362.720_none_e6beb5c51314836b\COMCTL32.dll
0x00007ff865aa0000 - 0x00007ff865dd6000 	C:\Windows\System32\combase.dll
0x00007ff864a20000 - 0x00007ff864aa0000 	C:\Windows\System32\bcryptPrimitives.dll
0x00007ff8654f0000 - 0x00007ff86551e000 	C:\Windows\System32\IMM32.DLL
0x0000000062430000 - 0x0000000062502000 	C:\Program Files\Android\Android Studio\jre\jre\bin\msvcr100.dll
0x0000000060960000 - 0x00000000611a6000 	C:\Program Files\Android\Android Studio\jre\jre\bin\server\jvm.dll
0x00007ff866580000 - 0x00007ff866588000 	C:\Windows\System32\PSAPI.DLL
0x00007ff85ec30000 - 0x00007ff85ec39000 	C:\Windows\SYSTEM32\WSOCK32.dll
0x00007ff861f20000 - 0x00007ff861f44000 	C:\Windows\SYSTEM32\WINMM.dll
0x00007ff85d890000 - 0x00007ff85d89a000 	C:\Windows\SYSTEM32\VERSION.dll
0x00007ff866510000 - 0x00007ff86657f000 	C:\Windows\System32\WS2_32.dll
0x00007ff861ef0000 - 0x00007ff861f1d000 	C:\Windows\SYSTEM32\WINMMBASE.dll
0x00007ff8649d0000 - 0x00007ff864a1a000 	C:\Windows\System32\cfgmgr32.dll
0x00007ff85a2c0000 - 0x00007ff85a2cf000 	C:\Program Files\Android\Android Studio\jre\jre\bin\verify.dll
0x00007ff8582d0000 - 0x00007ff8582f9000 	C:\Program Files\Android\Android Studio\jre\jre\bin\java.dll
0x00007ff85a160000 - 0x00007ff85a176000 	C:\Program Files\Android\Android Studio\jre\jre\bin\zip.dll
0x00007ff866590000 - 0x00007ff866c75000 	C:\Windows\System32\SHELL32.dll
0x00007ff865de0000 - 0x00007ff865e89000 	C:\Windows\System32\shcore.dll
0x00007ff864ba0000 - 0x00007ff865320000 	C:\Windows\System32\windows.storage.dll
0x00007ff864350000 - 0x00007ff864373000 	C:\Windows\System32\profapi.dll
0x00007ff864380000 - 0x00007ff8643ca000 	C:\Windows\System32\powrprof.dll
0x00007ff864300000 - 0x00007ff864310000 	C:\Windows\System32\UMPDC.dll
0x00007ff865fd0000 - 0x00007ff866022000 	C:\Windows\System32\shlwapi.dll
0x00007ff864330000 - 0x00007ff864341000 	C:\Windows\System32\kernel.appcore.dll
0x00007ff864400000 - 0x00007ff864417000 	C:\Windows\System32\cryptsp.dll
0x00007ff858180000 - 0x00007ff85819a000 	C:\Program Files\Android\Android Studio\jre\jre\bin\net.dll
0x00007ff852700000 - 0x00007ff8528d5000 	C:\Windows\SYSTEM32\urlmon.dll
0x00007ff8535b0000 - 0x00007ff853856000 	C:\Windows\SYSTEM32\iertutil.dll
0x00007ff863ce0000 - 0x00007ff863cec000 	C:\Windows\SYSTEM32\CRYPTBASE.DLL
0x00007ff863b10000 - 0x00007ff863b77000 	C:\Windows\system32\mswsock.dll
0x00007ff8567a0000 - 0x00007ff8567b3000 	C:\Program Files\Android\Android Studio\jre\jre\bin\nio.dll
0x00007ff859ab0000 - 0x00007ff859ad6000 	C:\Users\1920\.gradle\native\30\windows-amd64\native-platform.dll
0x00007ff859a90000 - 0x00007ff859a9d000 	C:\Program Files\Android\Android Studio\jre\jre\bin\management.dll
0x00007ff863680000 - 0x00007ff8636b3000 	C:\Windows\system32\rsaenh.dll
0x00007ff8643d0000 - 0x00007ff8643f6000 	C:\Windows\System32\bcrypt.dll
0x00007ff864220000 - 0x00007ff864245000 	C:\Windows\SYSTEM32\USERENV.dll
0x00007ff863820000 - 0x00007ff86385a000 	C:\Windows\SYSTEM32\IPHLPAPI.DLL
0x00007ff867190000 - 0x00007ff867198000 	C:\Windows\System32\NSI.dll
0x00007ff859f80000 - 0x00007ff859f96000 	C:\Windows\SYSTEM32\dhcpcsvc6.DLL
0x00007ff859f60000 - 0x00007ff859f7c000 	C:\Windows\SYSTEM32\dhcpcsvc.DLL
0x00007ff863860000 - 0x00007ff86392a000 	C:\Windows\SYSTEM32\DNSAPI.dll
0x00007ff837dc0000 - 0x00007ff837de4000 	C:\Program Files\Android\Android Studio\jre\jre\bin\sunec.dll
0x00007ff853500000 - 0x00007ff85350a000 	C:\Windows\System32\rasadhlp.dll
0x00007ff859dd0000 - 0x00007ff859e47000 	C:\Windows\System32\fwpuclnt.dll
0x00007ff8599b0000 - 0x00007ff8599bb000 	C:\Program Files\Android\Android Studio\jre\jre\bin\sunmscapi.dll
0x00007ff864880000 - 0x00007ff8649c9000 	C:\Windows\System32\CRYPT32.dll
0x00007ff864310000 - 0x00007ff864322000 	C:\Windows\System32\MSASN1.dll
0x00007ff8621c0000 - 0x00007ff86224f000 	C:\Windows\system32\apphelp.dll
0x00007ff82c580000 - 0x00007ff82c71c000 	C:\Program Files\Android\Android Studio\jre\jre\bin\awt.dll
0x00007ff866c80000 - 0x00007ff866d44000 	C:\Windows\System32\OLEAUT32.dll
0x00007ff860c10000 - 0x00007ff8611d0000 	C:\Windows\SYSTEM32\d2d1.dll
0x00007ff862710000 - 0x00007ff86273d000 	C:\Windows\SYSTEM32\dwmapi.dll
0x00007ff8622f0000 - 0x00007ff862389000 	C:\Windows\system32\uxtheme.dll

VM Arguments:
jvm_args: -Xmx1536m -Dfile.encoding=windows-1252 -Duser.country=US -Duser.language=en -Duser.variant 
java_command: org.gradle.launcher.daemon.bootstrap.GradleDaemon 5.6.4
java_class_path (initial): C:\Users\1920\.gradle\wrapper\dists\gradle-5.6.4-all\ankdp27end7byghfw1q2sw75f\gradle-5.6.4\lib\gradle-launcher-5.6.4.jar
Launcher Type: SUN_STANDARD

Environment Variables:
JAVA_HOME=C:\Program Files\Java\jdk1.8.0_221
PATH=C:\Program Files (x86)\Common Files\Oracle\Java\javapath;C:\Windows\system32;C:\Windows;C:\Windows\System32\Wbem;C:\Windows\System32\WindowsPowerShell\v1.0\;C:\Windows\System32\OpenSSH\;C:\Program Files\NVIDIA Corporation\NVIDIA NvDLISR;C:\Program Files (x86)\NVIDIA Corporation\PhysX\Common;C:\Program Files\Java\jdk-12.0.2\bin;C:\Program Files\Microsoft SQL Server\Client SDK\ODBC\130\Tools\Binn\;C:\Program Files (x86)\Microsoft SQL Server\140\Tools\Binn\;C:\Program Files\Microsoft SQL Server\140\Tools\Binn\;C:\Program Files\Microsoft SQL Server\140\DTS\Binn\;C:\Program Files (x86)\Microsoft SQL Server\150\DTS\Binn\;C:\Users\1920\AppData\Local\Programs\Python\Python37-32\Scripts;C:\Users\1920\AppData\Local\Programs\Python\Python37-32;C:\Program Files\Git\cmd;C:\Program Files\nodejs\;C:\Program Files (x86)\Brackets\command;C:\Windows\system32\config\systemprofile\.dnx\bin;C:\Program Files\Microsoft DNX\Dnvm\;C:\Program Files\Microsoft SQL Server\130\Tools\Binn\;C:\Program Files (x86)\Windows Kits\8.1\Windows Performance Toolkit\;C:\Program Files\Java\jdk1.8.0_221\bin;C:\Users\1920\AppData\Local\GitHubDesktop\bin;C:\Users\1920\AppData\Roaming\npm;C:\Users\1920\AppData\Local\Programs\Microsoft VS Code\bin;C:\MinGW\bin;
USERNAME=1920
OS=Windows_NT
PROCESSOR_IDENTIFIER=Intel64 Family 6 Model 158 Stepping 10, GenuineIntel



---------------  S Y S T E M  ---------------

OS: Windows 10.0 , 64 bit Build 18362 (10.0.18362.329)

CPU:total 8 (initial active 8) (4 cores per cpu, 2 threads per core) family 6 model 158 stepping 10, cmov, cx8, fxsr, mmx, sse, sse2, sse3, ssse3, sse4.1, sse4.2, popcnt, avx, avx2, aes, clmul, erms, 3dnowpref, lzcnt, ht, tsc, tscinvbit, bmi1, bmi2, adx

Memory: 4k page, physical 8259796k(612668k free), swap 12454100k(7352k free)

vm_info: OpenJDK 64-Bit Server VM (25.212-b04) for windows-amd64 JRE (1.8.0_212-release-1586-b04), built by "builder" with MS VC++ 10.0 (VS2010)

time: Wed Apr 15 20:22:17 2020
timezone: SE Asia Standard Time
elapsed time: 2744 seconds (0d 0h 45m 44s)

