#
# There is insufficient memory for the Java Runtime Environment to continue.
# Native memory allocation (malloc) failed to allocate 891216 bytes for Chunk::new
# Possible reasons:
#   The system is out of physical RAM or swap space
#   The process is running with CompressedOops enabled, and the Java Heap may be blocking the growth of the native heap
# Possible solutions:
#   Reduce memory load on the system
#   Increase physical memory or swap space
#   Check if swap backing store is full
#   Decrease Java heap size (-Xmx/-Xms)
#   Decrease number of Java threads
#   Decrease Java thread stack sizes (-Xss)
#   Set larger code cache with -XX:ReservedCodeCacheSize=
#   JVM is running with Unscaled Compressed Oops mode in which the Java heap is
#     placed in the first 4GB address space. The Java Heap base address is the
#     maximum limit for the native heap growth. Please use -XX:HeapBaseMinAddress
#     to set the Java Heap base and to place the Java Heap above 4GB virtual address.
# This output file may be truncated or incomplete.
#
#  Out of Memory Error (allocation.cpp:389), pid=15292, tid=0x0000000000004b94
#
# JRE version: OpenJDK Runtime Environment (8.0_212-b04) (build 1.8.0_212-release-1586-b04)
# Java VM: OpenJDK 64-Bit Server VM (25.212-b04 mixed mode windows-amd64 compressed oops)
# Failed to write core dump. Minidumps are not enabled by default on client versions of Windows
#

---------------  T H R E A D  ---------------

Current thread (0x0000000018b49000):  JavaThread "C2 CompilerThread0" daemon [_thread_in_native, id=19348, stack(0x0000000019420000,0x0000000019520000)]

Stack: [0x0000000019420000,0x0000000019520000]
[error occurred during error reporting (printing stack bounds), id 0xc0000005]

Native frames: (J=compiled Java code, j=interpreted, Vv=VM code, C=native code)


Current CompileTask:
C2:  11080 10148       4       com.android.tools.r8.u.c.M::a (737 bytes)


---------------  P R O C E S S  ---------------

Java Threads: ( => current thread )
  0x00000000224ec000 JavaThread "stdout" [_thread_in_native, id=6560, stack(0x00000000273a0000,0x00000000274a0000)]
  0x00000000224f3000 JavaThread "stderr" [_thread_in_native, id=2080, stack(0x00000000272a0000,0x00000000273a0000)]
  0x00000000224f2000 JavaThread "pool-2-thread-1" [_thread_blocked, id=10304, stack(0x00000000271a0000,0x00000000272a0000)]
  0x00000000224eb000 JavaThread "WorkerExecutor Queue Thread 2" [_thread_blocked, id=20116, stack(0x00000000270a0000,0x00000000271a0000)]
  0x00000000224f0800 JavaThread "WorkerExecutor Queue" [_thread_in_native, id=13328, stack(0x0000000026fa0000,0x00000000270a0000)]
  0x00000000224f0000 JavaThread "Cache worker for execution history cache (E:\Diep\ky2_nam3\android\BT_TUAN6\.gradle\5.6.4\executionHistory)" [_thread_blocked, id=11656, stack(0x0000000026aa0000,0x0000000026ba0000)]
  0x00000000224ef000 JavaThread "Execution worker for ':' Thread 7" [_thread_blocked, id=19484, stack(0x00000000267a0000,0x00000000268a0000)]
  0x00000000224ee800 JavaThread "Execution worker for ':' Thread 6" [_thread_in_Java, id=3692, stack(0x00000000266a0000,0x00000000267a0000)]
  0x000000001dd7a000 JavaThread "Execution worker for ':' Thread 5" [_thread_in_Java, id=16924, stack(0x00000000265a0000,0x00000000266a0000)]
  0x000000001dd79000 JavaThread "Execution worker for ':' Thread 4" [_thread_in_Java, id=20128, stack(0x00000000264a0000,0x00000000265a0000)]
  0x000000001dd77800 JavaThread "Execution worker for ':' Thread 3" [_thread_in_Java, id=10284, stack(0x00000000263a0000,0x00000000264a0000)]
  0x000000001dd75800 JavaThread "Execution worker for ':' Thread 2" [_thread_in_Java, id=10336, stack(0x00000000262a0000,0x00000000263a0000)]
  0x000000001dd77000 JavaThread "Execution worker for ':'" [_thread_in_Java, id=11476, stack(0x0000000024ca0000,0x0000000024da0000)]
  0x000000001dd76000 JavaThread "Cache worker for file content cache (E:\Diep\ky2_nam3\android\BT_TUAN6\.gradle\5.6.4\fileContent)" [_thread_blocked, id=19408, stack(0x00000000249a0000,0x0000000024aa0000)]
  0x000000001dd7a800 JavaThread "Cache worker for file content cache (C:\Users\1920\.gradle\caches\5.6.4\fileContent)" [_thread_blocked, id=1192, stack(0x00000000248a0000,0x00000000249a0000)]
  0x000000001dd74800 JavaThread "Memory manager" [_thread_blocked, id=10040, stack(0x0000000024180000,0x0000000024280000)]
  0x000000001dd74000 JavaThread "Cache worker for Build Output Cleanup Cache (E:\Diep\ky2_nam3\android\BT_TUAN6\.gradle\buildOutputCleanup)" [_thread_blocked, id=9520, stack(0x0000000023e80000,0x0000000023f80000)]
  0x000000001dd6c800 JavaThread "pool-1-thread-1" [_thread_blocked, id=15976, stack(0x0000000021720000,0x0000000021820000)]
  0x000000001dd6d000 JavaThread "Build operations Thread 8" [_thread_blocked, id=19644, stack(0x0000000023780000,0x0000000023880000)]
  0x000000001dd6b800 JavaThread "Build operations Thread 7" [_thread_blocked, id=11968, stack(0x0000000023680000,0x0000000023780000)]
  0x000000001dd71800 JavaThread "Build operations Thread 6" [_thread_blocked, id=13020, stack(0x0000000023580000,0x0000000023680000)]
  0x000000001dd72800 JavaThread "Build operations Thread 5" [_thread_blocked, id=22452, stack(0x0000000023480000,0x0000000023580000)]
  0x000000001dd71000 JavaThread "Build operations Thread 4" [_thread_blocked, id=20984, stack(0x0000000023380000,0x0000000023480000)]
  0x000000001dd70000 JavaThread "Build operations Thread 3" [_thread_blocked, id=15784, stack(0x0000000023280000,0x0000000023380000)]
  0x000000001dd6e800 JavaThread "Build operations Thread 2" [_thread_blocked, id=9608, stack(0x0000000023180000,0x0000000023280000)]
  0x000000001dd6e000 JavaThread "Build operations" [_thread_blocked, id=15396, stack(0x0000000022d90000,0x0000000022e90000)]
  0x000000001dd6f800 JavaThread "Cache worker for execution history cache (C:\Users\1920\.gradle\caches\5.6.4\executionHistory)" [_thread_blocked, id=13524, stack(0x0000000022a90000,0x0000000022b90000)]
  0x0000000019c1e000 JavaThread "Cache worker for cache directory md-rule (C:\Users\1920\.gradle\caches\5.6.4\md-rule)" [_thread_blocked, id=22164, stack(0x0000000021620000,0x0000000021720000)]
  0x0000000019c22800 JavaThread "Cache worker for cache directory md-supplier (C:\Users\1920\.gradle\caches\5.6.4\md-supplier)" [_thread_blocked, id=18088, stack(0x0000000021520000,0x0000000021620000)]
  0x0000000019c24800 JavaThread "Cache worker for file hash cache (E:\Diep\ky2_nam3\android\BT_TUAN6\.gradle\5.6.4\fileHashes)" [_thread_blocked, id=7476, stack(0x000000001fbe0000,0x000000001fce0000)]
  0x0000000019c1e800 JavaThread "Cache worker for journal cache (C:\Users\1920\.gradle\caches\journal-1)" [_thread_blocked, id=17684, stack(0x000000001d940000,0x000000001da40000)]
  0x0000000019c20000 JavaThread "File lock request listener" [_thread_in_native, id=17688, stack(0x000000001d840000,0x000000001d940000)]
  0x0000000019c23000 JavaThread "Cache worker for file hash cache (C:\Users\1920\.gradle\caches\5.6.4\fileHashes)" [_thread_blocked, id=2372, stack(0x000000001d740000,0x000000001d840000)]
  0x000000001b51f000 JavaThread "Thread-9" [_thread_blocked, id=19196, stack(0x000000001d440000,0x000000001d540000)]
  0x000000001b52b000 JavaThread "Stdin handler" [_thread_blocked, id=12224, stack(0x000000001d340000,0x000000001d440000)]
  0x000000001b519800 JavaThread "Asynchronous log dispatcher for DefaultDaemonConnection: socket connection from /127.0.0.1:50471 to /127.0.0.1:50472" [_thread_blocked, id=18016, stack(0x000000001d140000,0x000000001d240000)]
  0x000000001b55b800 JavaThread "Daemon worker" [_thread_in_vm, id=10616, stack(0x000000001d040000,0x000000001d140000)]
  0x000000001b559800 JavaThread "Cancel handler" [_thread_blocked, id=11632, stack(0x000000001cf40000,0x000000001d040000)]
  0x000000001b57c000 JavaThread "Handler for socket connection from /127.0.0.1:50471 to /127.0.0.1:50472" [_thread_in_native, id=12948, stack(0x000000001cc40000,0x000000001cd40000)]
  0x000000001b57a000 JavaThread "Daemon" [_thread_blocked, id=13876, stack(0x000000001cb40000,0x000000001cc40000)]
  0x000000001b562000 JavaThread "Daemon periodic checks" [_thread_blocked, id=15160, stack(0x000000001ca40000,0x000000001cb40000)]
  0x0000000019b63000 JavaThread "Incoming local TCP Connector on port 50471" [_thread_in_native, id=20356, stack(0x000000001c800000,0x000000001c900000)]
  0x0000000019a55000 JavaThread "Daemon health stats" [_thread_blocked, id=11932, stack(0x000000001c1c0000,0x000000001c2c0000)]
  0x0000000018be6800 JavaThread "Service Thread" daemon [_thread_blocked, id=18928, stack(0x0000000019820000,0x0000000019920000)]
  0x0000000018b58800 JavaThread "C1 CompilerThread3" daemon [_thread_in_native, id=6772, stack(0x0000000019720000,0x0000000019820000)]
  0x0000000018b54000 JavaThread "C2 CompilerThread2" daemon [_thread_in_native, id=10512, stack(0x0000000019620000,0x0000000019720000)]
  0x0000000018b4f000 JavaThread "C2 CompilerThread1" daemon [_thread_in_native, id=21360, stack(0x0000000019520000,0x0000000019620000)]
=>0x0000000018b49000 JavaThread "C2 CompilerThread0" daemon [_thread_in_native, id=19348, stack(0x0000000019420000,0x0000000019520000)]
  0x0000000018b48000 JavaThread "Attach Listener" daemon [_thread_blocked, id=19852, stack(0x0000000019320000,0x0000000019420000)]
  0x0000000018b47000 JavaThread "Signal Dispatcher" daemon [_thread_blocked, id=3064, stack(0x0000000019220000,0x0000000019320000)]
  0x0000000002f79800 JavaThread "Finalizer" daemon [_thread_blocked, id=20372, stack(0x0000000019020000,0x0000000019120000)]
  0x0000000016d3c000 JavaThread "Reference Handler" daemon [_thread_blocked, id=7864, stack(0x0000000018f20000,0x0000000019020000)]
  0x0000000002e82800 JavaThread "main" [_thread_blocked, id=18152, stack(0x0000000002d30000,0x0000000002e30000)]

Other Threads:
  0x0000000016d35800 VMThread [stack: 0x0000000018a20000,0x0000000018b20000] [id=16676]
  0x0000000018be7800 WatcherThread [stack: 0x0000000019920000,0x0000000019a20000] [id=20812]

VM state:not at safepoint (normal execution)

VM Mutex/Monitor currently owned by a thread: None

heap address: 0x00000000a0000000, size: 1536 MB, Compressed Oops mode: 32-bit
Narrow klass base: 0x0000000000000000, Narrow klass shift: 3
Compressed class space size: 1073741824 Address: 0x0000000100000000

Heap:
 PSYoungGen      total 211456K, used 63047K [0x00000000e0000000, 0x00000000f2200000, 0x0000000100000000)
  eden space 182784K, 20% used [0x00000000e0000000,0x00000000e248ad58,0x00000000eb280000)
  from space 28672K, 89% used [0x00000000eb280000,0x00000000ecb871d8,0x00000000ece80000)
  to   space 31744K, 0% used [0x00000000f0300000,0x00000000f0300000,0x00000000f2200000)
 ParOldGen       total 138752K, used 52508K [0x00000000a0000000, 0x00000000a8780000, 0x00000000e0000000)
  object space 138752K, 37% used [0x00000000a0000000,0x00000000a33473d8,0x00000000a8780000)
 Metaspace       used 73151K, capacity 76982K, committed 77272K, reserved 1116160K
  class space    used 10125K, capacity 10876K, committed 10968K, reserved 1048576K

Card table byte_map: [0x0000000012340000,0x0000000012650000] byte_map_base: 0x0000000011e40000

Marking Bits: (ParMarkBitMap*) 0x0000000061129f30
 Begin Bits: [0x0000000013050000, 0x0000000014850000)
 End Bits:   [0x0000000014850000, 0x0000000016050000)

Polling page: 0x0000000001540000

CodeCache: size=245760Kb used=28062Kb max_used=28095Kb free=217697Kb
 bounds [0x0000000002f80000, 0x0000000004b10000, 0x0000000011f80000]
 total_blobs=10045 nmethods=9211 adapters=746
 compilation: enabled

Compilation events (10 events):
Event: 11.052 Thread 0x0000000018b54000 10397       4       com.android.tools.r8.u.b.g1::V (8 bytes)
Event: 11.060 Thread 0x0000000018b58800 nmethod 10394% 0x0000000004aeced0 code [0x0000000004aee900, 0x0000000004b01648]
Event: 11.061 Thread 0x0000000018b58800 10399       2       com.android.tools.r8.v.a.a.a.f.e::equals (54 bytes)
Event: 11.062 Thread 0x0000000018b58800 nmethod 10399 0x00000000032aba50 code [0x00000000032abc00, 0x00000000032abf28]
Event: 11.063 Thread 0x0000000018b54000 nmethod 10397 0x00000000035f6190 code [0x00000000035f62e0, 0x00000000035f6438]
Event: 11.063 Thread 0x0000000018b54000 10398       4       com.android.tools.r8.ir.regalloc.a::A (11 bytes)
Event: 11.066 Thread 0x0000000018b54000 nmethod 10398 0x0000000003115b10 code [0x0000000003115ca0, 0x0000000003115f58]
Event: 11.066 Thread 0x0000000018b54000 10383       4       java.util.TreeMap::put (247 bytes)
Event: 11.078 Thread 0x0000000018b58800 10408       2       com.android.tools.r8.ir.regalloc.a::c (196 bytes)
Event: 11.079 Thread 0x0000000018b58800 nmethod 10408 0x0000000003e7dc90 code [0x0000000003e7dea0, 0x0000000003e7e498]

GC Heap History (10 events):
Event: 7.361 GC heap before
{Heap before GC invocations=14 (full 2):
 PSYoungGen      total 147968K, used 39854K [0x00000000e0000000, 0x00000000ec000000, 0x0000000100000000)
  eden space 133120K, 18% used [0x00000000e0000000,0x00000000e1877878,0x00000000e8200000)
  from space 14848K, 99% used [0x00000000e8200000,0x00000000e90740f8,0x00000000e9080000)
  to   space 16384K, 0% used [0x00000000eb000000,0x00000000eb000000,0x00000000ec000000)
 ParOldGen       total 94208K, used 25155K [0x00000000a0000000, 0x00000000a5c00000, 0x00000000e0000000)
  object space 94208K, 26% used [0x00000000a0000000,0x00000000a1890dc0,0x00000000a5c00000)
 Metaspace       used 56941K, capacity 58960K, committed 59096K, reserved 1099776K
  class space    used 7880K, capacity 8321K, committed 8408K, reserved 1048576K
Event: 7.369 GC heap after
Heap after GC invocations=14 (full 2):
 PSYoungGen      total 180224K, used 10755K [0x00000000e0000000, 0x00000000ec680000, 0x0000000100000000)
  eden space 163840K, 0% used [0x00000000e0000000,0x00000000e0000000,0x00000000ea000000)
  from space 16384K, 65% used [0x00000000eb000000,0x00000000eba80ee8,0x00000000ec000000)
  to   space 16384K, 0% used [0x00000000ea000000,0x00000000ea000000,0x00000000eb000000)
 ParOldGen       total 94208K, used 25163K [0x00000000a0000000, 0x00000000a5c00000, 0x00000000e0000000)
  object space 94208K, 26% used [0x00000000a0000000,0x00000000a1892dc0,0x00000000a5c00000)
 Metaspace       used 56941K, capacity 58960K, committed 59096K, reserved 1099776K
  class space    used 7880K, capacity 8321K, committed 8408K, reserved 1048576K
}
Event: 7.369 GC heap before
{Heap before GC invocations=15 (full 3):
 PSYoungGen      total 180224K, used 10755K [0x00000000e0000000, 0x00000000ec680000, 0x0000000100000000)
  eden space 163840K, 0% used [0x00000000e0000000,0x00000000e0000000,0x00000000ea000000)
  from space 16384K, 65% used [0x00000000eb000000,0x00000000eba80ee8,0x00000000ec000000)
  to   space 16384K, 0% used [0x00000000ea000000,0x00000000ea000000,0x00000000eb000000)
 ParOldGen       total 94208K, used 25163K [0x00000000a0000000, 0x00000000a5c00000, 0x00000000e0000000)
  object space 94208K, 26% used [0x00000000a0000000,0x00000000a1892dc0,0x00000000a5c00000)
 Metaspace       used 56941K, capacity 58960K, committed 59096K, reserved 1099776K
  class space    used 7880K, capacity 8321K, committed 8408K, reserved 1048576K
Event: 7.575 GC heap after
Heap after GC invocations=15 (full 3):
 PSYoungGen      total 180224K, used 0K [0x00000000e0000000, 0x00000000ec680000, 0x0000000100000000)
  eden space 163840K, 0% used [0x00000000e0000000,0x00000000e0000000,0x00000000ea000000)
  from space 16384K, 0% used [0x00000000eb000000,0x00000000eb000000,0x00000000ec000000)
  to   space 16384K, 0% used [0x00000000ea000000,0x00000000ea000000,0x00000000eb000000)
 ParOldGen       total 138752K, used 30488K [0x00000000a0000000, 0x00000000a8780000, 0x00000000e0000000)
  object space 138752K, 21% used [0x00000000a0000000,0x00000000a1dc62e8,0x00000000a8780000)
 Metaspace       used 56843K, capacity 58672K, committed 59096K, reserved 1099776K
  class space    used 7850K, capacity 8267K, committed 8408K, reserved 1048576K
}
Event: 9.447 GC heap before
{Heap before GC invocations=16 (full 3):
 PSYoungGen      total 180224K, used 163840K [0x00000000e0000000, 0x00000000ec680000, 0x0000000100000000)
  eden space 163840K, 100% used [0x00000000e0000000,0x00000000ea000000,0x00000000ea000000)
  from space 16384K, 0% used [0x00000000eb000000,0x00000000eb000000,0x00000000ec000000)
  to   space 16384K, 0% used [0x00000000ea000000,0x00000000ea000000,0x00000000eb000000)
 ParOldGen       total 138752K, used 30488K [0x00000000a0000000, 0x00000000a8780000, 0x00000000e0000000)
  object space 138752K, 21% used [0x00000000a0000000,0x00000000a1dc62e8,0x00000000a8780000)
 Metaspace       used 63469K, capacity 66004K, committed 66136K, reserved 1105920K
  class space    used 8724K, capacity 9271K, committed 9304K, reserved 1048576K
Event: 9.460 GC heap after
Heap after GC invocations=16 (full 3):
 PSYoungGen      total 180224K, used 14950K [0x00000000e0000000, 0x00000000ee000000, 0x0000000100000000)
  eden space 163840K, 0% used [0x00000000e0000000,0x00000000e0000000,0x00000000ea000000)
  from space 16384K, 91% used [0x00000000ea000000,0x00000000eae99938,0x00000000eb000000)
  to   space 17920K, 0% used [0x00000000ece80000,0x00000000ece80000,0x00000000ee000000)
 ParOldGen       total 138752K, used 30496K [0x00000000a0000000, 0x00000000a8780000, 0x00000000e0000000)
  object space 138752K, 21% used [0x00000000a0000000,0x00000000a1dc82e8,0x00000000a8780000)
 Metaspace       used 63469K, capacity 66004K, committed 66136K, reserved 1105920K
  class space    used 8724K, capacity 9271K, committed 9304K, reserved 1048576K
}
Event: 10.211 GC heap before
{Heap before GC invocations=17 (full 3):
 PSYoungGen      total 180224K, used 178790K [0x00000000e0000000, 0x00000000ee000000, 0x0000000100000000)
  eden space 163840K, 100% used [0x00000000e0000000,0x00000000ea000000,0x00000000ea000000)
  from space 16384K, 91% used [0x00000000ea000000,0x00000000eae99938,0x00000000eb000000)
  to   space 17920K, 0% used [0x00000000ece80000,0x00000000ece80000,0x00000000ee000000)
 ParOldGen       total 138752K, used 30496K [0x00000000a0000000, 0x00000000a8780000, 0x00000000e0000000)
  object space 138752K, 21% used [0x00000000a0000000,0x00000000a1dc82e8,0x00000000a8780000)
 Metaspace       used 69640K, capacity 72972K, committed 73048K, reserved 1112064K
  class space    used 9594K, capacity 10279K, committed 10328K, reserved 1048576K
Event: 10.249 GC heap after
Heap after GC invocations=17 (full 3):
 PSYoungGen      total 200704K, used 17896K [0x00000000e0000000, 0x00000000eff00000, 0x0000000100000000)
  eden space 182784K, 0% used [0x00000000e0000000,0x00000000e0000000,0x00000000eb280000)
  from space 17920K, 99% used [0x00000000ece80000,0x00000000edffa258,0x00000000ee000000)
  to   space 28672K, 0% used [0x00000000eb280000,0x00000000eb280000,0x00000000ece80000)
 ParOldGen       total 138752K, used 52500K [0x00000000a0000000, 0x00000000a8780000, 0x00000000e0000000)
  object space 138752K, 37% used [0x00000000a0000000,0x00000000a33453d8,0x00000000a8780000)
 Metaspace       used 69640K, capacity 72972K, committed 73048K, reserved 1112064K
  class space    used 9594K, capacity 10279K, committed 10328K, reserved 1048576K
}
Event: 10.913 GC heap before
{Heap before GC invocations=18 (full 3):
 PSYoungGen      total 200704K, used 200680K [0x00000000e0000000, 0x00000000eff00000, 0x0000000100000000)
  eden space 182784K, 100% used [0x00000000e0000000,0x00000000eb280000,0x00000000eb280000)
  from space 17920K, 99% used [0x00000000ece80000,0x00000000edffa258,0x00000000ee000000)
  to   space 28672K, 0% used [0x00000000eb280000,0x00000000eb280000,0x00000000ece80000)
 ParOldGen       total 138752K, used 52500K [0x00000000a0000000, 0x00000000a8780000, 0x00000000e0000000)
  object space 138752K, 37% used [0x00000000a0000000,0x00000000a33453d8,0x00000000a8780000)
 Metaspace       used 73021K, capacity 76802K, committed 76888K, reserved 1116160K
  class space    used 10102K, capacity 10840K, committed 10840K, reserved 1048576K
Event: 10.945 GC heap after
Heap after GC invocations=18 (full 3):
 PSYoungGen      total 211456K, used 25628K [0x00000000e0000000, 0x00000000f2200000, 0x0000000100000000)
  eden space 182784K, 0% used [0x00000000e0000000,0x00000000e0000000,0x00000000eb280000)
  from space 28672K, 89% used [0x00000000eb280000,0x00000000ecb871d8,0x00000000ece80000)
  to   space 31744K, 0% used [0x00000000f0300000,0x00000000f0300000,0x00000000f2200000)
 ParOldGen       total 138752K, used 52508K [0x00000000a0000000, 0x00000000a8780000, 0x00000000e0000000)
  object space 138752K, 37% used [0x00000000a0000000,0x00000000a33473d8,0x00000000a8780000)
 Metaspace       used 73021K, capacity 76802K, committed 76888K, reserved 1116160K
  class space    used 10102K, capacity 10840K, committed 10840K, reserved 1048576K
}

Deoptimization events (10 events):
Event: 10.813 Thread 0x000000001dd77000 Uncommon trap: reason=unstable_if action=reinterpret pc=0x00000000038ef544 method=java.util.HashMap.getNode(ILjava/lang/Object;)Ljava/util/HashMap$Node; @ 84
Event: 10.813 Thread 0x000000001dd77000 Uncommon trap: reason=unstable_if action=reinterpret pc=0x000000000389d1c4 method=java.util.HashMap.putVal(ILjava/lang/Object;Ljava/lang/Object;ZZ)Ljava/lang/Object; @ 109
Event: 10.813 Thread 0x000000001dd77000 Uncommon trap: reason=unstable_if action=reinterpret pc=0x00000000037f7764 method=java.util.HashMap.getNode(ILjava/lang/Object;)Ljava/util/HashMap$Node; @ 84
Event: 11.002 Thread 0x000000001dd79000 Uncommon trap: reason=bimorphic action=maybe_recompile pc=0x000000000496e9f0 method=com.android.tools.r8.u.b.i1.a(Lcom/android/tools/r8/ir/analysis/type/k;)Lcom/android/tools/r8/u/b/i1; @ 23
Event: 11.002 Thread 0x000000001dd79000 Uncommon trap: reason=bimorphic action=maybe_recompile pc=0x000000000493f060 method=com.android.tools.r8.u.b.i1.a(Lcom/android/tools/r8/ir/analysis/type/k;)Lcom/android/tools/r8/u/b/i1; @ 23
Event: 11.003 Thread 0x000000001dd79000 Uncommon trap: reason=bimorphic action=maybe_recompile pc=0x000000000493f060 method=com.android.tools.r8.u.b.i1.a(Lcom/android/tools/r8/ir/analysis/type/k;)Lcom/android/tools/r8/u/b/i1; @ 23
Event: 11.003 Thread 0x000000001dd79000 Uncommon trap: reason=bimorphic action=maybe_recompile pc=0x000000000493f060 method=com.android.tools.r8.u.b.i1.a(Lcom/android/tools/r8/ir/analysis/type/k;)Lcom/android/tools/r8/u/b/i1; @ 23
Event: 11.003 Thread 0x000000001dd79000 Uncommon trap: reason=bimorphic action=maybe_recompile pc=0x000000000496e9f0 method=com.android.tools.r8.u.b.i1.a(Lcom/android/tools/r8/ir/analysis/type/k;)Lcom/android/tools/r8/u/b/i1; @ 23
Event: 11.003 Thread 0x000000001dd79000 Uncommon trap: reason=unstable_if action=reinterpret pc=0x0000000004951d6c method=com.android.tools.r8.u.b.i1.b()Z @ 11
Event: 11.066 Thread 0x000000001dd77000 Uncommon trap: reason=unstable_if action=reinterpret pc=0x0000000004a12568 method=com.android.tools.r8.ir.regalloc.a.c(I)Lcom/android/tools/r8/ir/regalloc/a; @ 132

Classes redefined (0 events):
No events

Internal exceptions (10 events):
Event: 9.998 Thread 0x00000000224ef000 Exception <a 'java/lang/NoSuchMethodError': <clinit>> (0x00000000e5393458) thrown at [D:\src\AOSP-openjdk-cygwin\jdk8u\hotspot\src\share\vm\prims\jni.cpp, line 1614]
Event: 10.011 Thread 0x00000000224ef000 Exception <a 'java/lang/NoSuchMethodError': <clinit>> (0x00000000e53d7a40) thrown at [D:\src\AOSP-openjdk-cygwin\jdk8u\hotspot\src\share\vm\prims\jni.cpp, line 1614]
Event: 10.023 Thread 0x00000000224f0800 Exception <a 'java/lang/NoSuchMethodError': java.lang.Object.lambda$asRunnable$0(Lcom/android/tools/build/apkzlib/utils/IOExceptionRunnable;)V> (0x00000000e5669698) thrown at [D:\src\AOSP-openjdk-cygwin\jdk8u\hotspot\src\share\vm\interpreter\linkResolver.
Event: 10.144 Thread 0x00000000224f0800 Exception <a 'java/lang/NoSuchMethodError': java.lang.Object.newSystemTemporaryDirectory()Lcom/android/tools/build/apkzlib/bytestorage/TemporaryDirectory;> (0x00000000e810b718) thrown at [D:\src\AOSP-openjdk-cygwin\jdk8u\hotspot\src\share\vm\interpreter\l
Event: 10.336 Thread 0x000000001dd79000 Exception <a 'java/lang/NoSuchMethodError': java.lang.Object.lambda$maxBy$1(Ljava/util/Comparator;Ljava/lang/Object;Ljava/lang/Object;)Ljava/lang/Object;> (0x00000000e1b90230) thrown at [D:\src\AOSP-openjdk-cygwin\jdk8u\hotspot\src\share\vm\interpreter\li
Event: 10.336 Thread 0x00000000224ee800 Exception <a 'java/lang/NoSuchMethodError': java.lang.Object.lambda$maxBy$1(Ljava/util/Comparator;Ljava/lang/Object;Ljava/lang/Object;)Ljava/lang/Object;> (0x00000000e14212f8) thrown at [D:\src\AOSP-openjdk-cygwin\jdk8u\hotspot\src\share\vm\interpreter\li
Event: 10.336 Thread 0x000000001dd77800 Exception <a 'java/lang/NoSuchMethodError': java.lang.Object.lambda$maxBy$1(Ljava/util/Comparator;Ljava/lang/Object;Ljava/lang/Object;)Ljava/lang/Object;> (0x00000000e1aed318) thrown at [D:\src\AOSP-openjdk-cygwin\jdk8u\hotspot\src\share\vm\interpreter\li
Event: 10.336 Thread 0x000000001b55b800 Exception <a 'java/lang/NoSuchMethodError': java.lang.Object.lambda$maxBy$1(Ljava/util/Comparator;Ljava/lang/Object;Ljava/lang/Object;)Ljava/lang/Object;> (0x00000000e1a10618) thrown at [D:\src\AOSP-openjdk-cygwin\jdk8u\hotspot\src\share\vm\interpreter\li
Event: 10.336 Thread 0x000000001dd77000 Exception <a 'java/lang/NoSuchMethodError': java.lang.Object.lambda$maxBy$1(Ljava/util/Comparator;Ljava/lang/Object;Ljava/lang/Object;)Ljava/lang/Object;> (0x00000000e1c7b5b0) thrown at [D:\src\AOSP-openjdk-cygwin\jdk8u\hotspot\src\share\vm\interpreter\li
Event: 10.336 Thread 0x000000001dd7a000 Exception <a 'java/lang/NoSuchMethodError': java.lang.Object.lambda$maxBy$1(Ljava/util/Comparator;Ljava/lang/Object;Ljava/lang/Object;)Ljava/lang/Object;> (0x00000000e1cbe4f8) thrown at [D:\src\AOSP-openjdk-cygwin\jdk8u\hotspot\src\share\vm\interpreter\li

Events (10 events):
Event: 11.077 Thread 0x0000000018b58800 flushing nmethod 0x0000000003dc52d0
Event: 11.077 Thread 0x0000000018b58800 flushing nmethod 0x0000000003e556d0
Event: 11.078 Thread 0x0000000018b58800 flushing nmethod 0x0000000003e7dc90
Event: 11.078 Thread 0x0000000018b58800 flushing nmethod 0x0000000003e895d0
Event: 11.078 Thread 0x0000000018b58800 flushing nmethod 0x0000000003ea8ad0
Event: 11.078 Thread 0x0000000018b58800 flushing nmethod 0x0000000003eb4010
Event: 11.079 Thread 0x0000000018b58800 flushing nmethod 0x0000000003ed5e50
Event: 11.079 Thread 0x0000000018b58800 flushing nmethod 0x0000000003f33650
Event: 11.079 Thread 0x0000000018b58800 flushing nmethod 0x0000000003f4c990
Event: 11.079 Thread 0x0000000018b58800 flushing nmethod 0x0000000003f9e190


Dynamic libraries:
0x00007ff65f120000 - 0x00007ff65f151000 	C:\Program Files\Android\Android Studio\jre\bin\java.exe
0x00007ff867440000 - 0x00007ff867630000 	C:\Windows\SYSTEM32\ntdll.dll
0x00007ff866030000 - 0x00007ff8660e2000 	C:\Windows\System32\KERNEL32.DLL
0x00007ff8645d0000 - 0x00007ff864873000 	C:\Windows\System32\KERNELBASE.dll
0x00007ff865990000 - 0x00007ff865a33000 	C:\Windows\System32\ADVAPI32.dll
0x00007ff8663e0000 - 0x00007ff86647e000 	C:\Windows\System32\msvcrt.dll
0x00007ff866170000 - 0x00007ff866207000 	C:\Windows\System32\sechost.dll
0x00007ff867050000 - 0x00007ff867170000 	C:\Windows\System32\RPCRT4.dll
0x00007ff866240000 - 0x00007ff8663d4000 	C:\Windows\System32\USER32.dll
0x00007ff8654c0000 - 0x00007ff8654e1000 	C:\Windows\System32\win32u.dll
0x00007ff866210000 - 0x00007ff866236000 	C:\Windows\System32\GDI32.dll
0x00007ff865320000 - 0x00007ff8654b4000 	C:\Windows\System32\gdi32full.dll
0x00007ff864420000 - 0x00007ff8644be000 	C:\Windows\System32\msvcp_win.dll
0x00007ff864aa0000 - 0x00007ff864b9a000 	C:\Windows\System32\ucrtbase.dll
0x00007ff854d50000 - 0x00007ff854fd5000 	C:\Windows\WinSxS\amd64_microsoft.windows.common-controls_6595b64144ccf1df_6.0.18362.720_none_e6beb5c51314836b\COMCTL32.dll
0x00007ff865aa0000 - 0x00007ff865dd6000 	C:\Windows\System32\combase.dll
0x00007ff864a20000 - 0x00007ff864aa0000 	C:\Windows\System32\bcryptPrimitives.dll
0x00007ff8654f0000 - 0x00007ff86551e000 	C:\Windows\System32\IMM32.DLL
0x0000000062430000 - 0x0000000062502000 	C:\Program Files\Android\Android Studio\jre\jre\bin\msvcr100.dll
0x0000000060960000 - 0x00000000611a6000 	C:\Program Files\Android\Android Studio\jre\jre\bin\server\jvm.dll
0x00007ff866580000 - 0x00007ff866588000 	C:\Windows\System32\PSAPI.DLL
0x00007ff85ec30000 - 0x00007ff85ec39000 	C:\Windows\SYSTEM32\WSOCK32.dll
0x00007ff866510000 - 0x00007ff86657f000 	C:\Windows\System32\WS2_32.dll
0x00007ff861f20000 - 0x00007ff861f44000 	C:\Windows\SYSTEM32\WINMM.dll
0x00007ff85d890000 - 0x00007ff85d89a000 	C:\Windows\SYSTEM32\VERSION.dll
0x00007ff861ef0000 - 0x00007ff861f1d000 	C:\Windows\SYSTEM32\WINMMBASE.dll
0x00007ff8649d0000 - 0x00007ff864a1a000 	C:\Windows\System32\cfgmgr32.dll
0x00007ff85a2c0000 - 0x00007ff85a2cf000 	C:\Program Files\Android\Android Studio\jre\jre\bin\verify.dll
0x00007ff8582d0000 - 0x00007ff8582f9000 	C:\Program Files\Android\Android Studio\jre\jre\bin\java.dll
0x00007ff85a160000 - 0x00007ff85a176000 	C:\Program Files\Android\Android Studio\jre\jre\bin\zip.dll
0x00007ff866590000 - 0x00007ff866c75000 	C:\Windows\System32\SHELL32.dll
0x00007ff865de0000 - 0x00007ff865e89000 	C:\Windows\System32\shcore.dll
0x00007ff864ba0000 - 0x00007ff865320000 	C:\Windows\System32\windows.storage.dll
0x00007ff864350000 - 0x00007ff864373000 	C:\Windows\System32\profapi.dll
0x00007ff864380000 - 0x00007ff8643ca000 	C:\Windows\System32\powrprof.dll
0x00007ff864300000 - 0x00007ff864310000 	C:\Windows\System32\UMPDC.dll
0x00007ff865fd0000 - 0x00007ff866022000 	C:\Windows\System32\shlwapi.dll
0x00007ff864330000 - 0x00007ff864341000 	C:\Windows\System32\kernel.appcore.dll
0x00007ff864400000 - 0x00007ff864417000 	C:\Windows\System32\cryptsp.dll
0x00007ff858180000 - 0x00007ff85819a000 	C:\Program Files\Android\Android Studio\jre\jre\bin\net.dll
0x00007ff852700000 - 0x00007ff8528d5000 	C:\Windows\SYSTEM32\urlmon.dll
0x00007ff8535b0000 - 0x00007ff853856000 	C:\Windows\SYSTEM32\iertutil.dll
0x00007ff863ce0000 - 0x00007ff863cec000 	C:\Windows\SYSTEM32\CRYPTBASE.DLL
0x00007ff863b10000 - 0x00007ff863b77000 	C:\Windows\system32\mswsock.dll
0x00007ff8567a0000 - 0x00007ff8567b3000 	C:\Program Files\Android\Android Studio\jre\jre\bin\nio.dll
0x00007ff859ab0000 - 0x00007ff859ad6000 	C:\Users\1920\.gradle\native\30\windows-amd64\native-platform.dll
0x00007ff859a90000 - 0x00007ff859a9d000 	C:\Program Files\Android\Android Studio\jre\jre\bin\management.dll
0x00007ff863680000 - 0x00007ff8636b3000 	C:\Windows\system32\rsaenh.dll
0x00007ff8643d0000 - 0x00007ff8643f6000 	C:\Windows\System32\bcrypt.dll
0x00007ff864220000 - 0x00007ff864245000 	C:\Windows\SYSTEM32\USERENV.dll
0x00007ff863820000 - 0x00007ff86385a000 	C:\Windows\SYSTEM32\IPHLPAPI.DLL
0x00007ff867190000 - 0x00007ff867198000 	C:\Windows\System32\NSI.dll
0x00007ff859f80000 - 0x00007ff859f96000 	C:\Windows\SYSTEM32\dhcpcsvc6.DLL
0x00007ff859f60000 - 0x00007ff859f7c000 	C:\Windows\SYSTEM32\dhcpcsvc.DLL
0x00007ff863860000 - 0x00007ff86392a000 	C:\Windows\SYSTEM32\DNSAPI.dll

VM Arguments:
jvm_args: -Xmx1536m -Dfile.encoding=windows-1252 -Duser.country=US -Duser.language=en -Duser.variant 
java_command: org.gradle.launcher.daemon.bootstrap.GradleDaemon 5.6.4
java_class_path (initial): C:\Users\1920\.gradle\wrapper\dists\gradle-5.6.4-all\ankdp27end7byghfw1q2sw75f\gradle-5.6.4\lib\gradle-launcher-5.6.4.jar
Launcher Type: SUN_STANDARD

Environment Variables:
JAVA_HOME=C:\Program Files\Java\jdk1.8.0_221
PATH=C:\Program Files (x86)\Common Files\Oracle\Java\javapath;C:\Windows\system32;C:\Windows;C:\Windows\System32\Wbem;C:\Windows\System32\WindowsPowerShell\v1.0\;C:\Windows\System32\OpenSSH\;C:\Program Files\NVIDIA Corporation\NVIDIA NvDLISR;C:\Program Files (x86)\NVIDIA Corporation\PhysX\Common;C:\Program Files\Java\jdk-12.0.2\bin;C:\Program Files\Microsoft SQL Server\Client SDK\ODBC\130\Tools\Binn\;C:\Program Files (x86)\Microsoft SQL Server\140\Tools\Binn\;C:\Program Files\Microsoft SQL Server\140\Tools\Binn\;C:\Program Files\Microsoft SQL Server\140\DTS\Binn\;C:\Program Files (x86)\Microsoft SQL Server\150\DTS\Binn\;C:\Users\1920\AppData\Local\Programs\Python\Python37-32\Scripts;C:\Users\1920\AppData\Local\Programs\Python\Python37-32;C:\Program Files\Git\cmd;C:\Program Files\nodejs\;C:\Program Files (x86)\Brackets\command;C:\Windows\system32\config\systemprofile\.dnx\bin;C:\Program Files\Microsoft DNX\Dnvm\;C:\Program Files\Microsoft SQL Server\130\Tools\Binn\;C:\Program Files (x86)\Windows Kits\8.1\Windows Performance Toolkit\;C:\Program Files\Java\jdk1.8.0_221\bin;C:\Users\1920\AppData\Local\GitHubDesktop\bin;C:\Users\1920\AppData\Roaming\npm;C:\Users\1920\AppData\Local\Programs\Microsoft VS Code\bin;C:\MinGW\bin;
USERNAME=1920
OS=Windows_NT
PROCESSOR_IDENTIFIER=Intel64 Family 6 Model 158 Stepping 10, GenuineIntel



---------------  S Y S T E M  ---------------

OS: Windows 10.0 , 64 bit Build 18362 (10.0.18362.329)

CPU:total 8 (initial active 8) (4 cores per cpu, 2 threads per core) family 6 model 158 stepping 10, cmov, cx8, fxsr, mmx, sse, sse2, sse3, ssse3, sse4.1, sse4.2, popcnt, avx, avx2, aes, clmul, erms, 3dnowpref, lzcnt, ht, tsc, tscinvbit, bmi1, bmi2, adx

Memory: 4k page, physical 8259796k(663012k free), swap 12454100k(5336k free)

vm_info: OpenJDK 64-Bit Server VM (25.212-b04) for windows-amd64 JRE (1.8.0_212-release-1586-b04), built by "builder" with MS VC++ 10.0 (VS2010)

time: Wed Apr 15 20:22:31 2020
timezone: SE Asia Standard Time
elapsed time: 11 seconds (0d 0h 0m 11s)

